running egg_info
creating ../../build/lidar_slam/lidar_slam.egg-info
writing ../../build/lidar_slam/lidar_slam.egg-info/PKG-INFO
writing dependency_links to ../../build/lidar_slam/lidar_slam.egg-info/dependency_links.txt
writing entry points to ../../build/lidar_slam/lidar_slam.egg-info/entry_points.txt
writing requirements to ../../build/lidar_slam/lidar_slam.egg-info/requires.txt
writing top-level names to ../../build/lidar_slam/lidar_slam.egg-info/top_level.txt
writing manifest file '../../build/lidar_slam/lidar_slam.egg-info/SOURCES.txt'
reading manifest file '../../build/lidar_slam/lidar_slam.egg-info/SOURCES.txt'
writing manifest file '../../build/lidar_slam/lidar_slam.egg-info/SOURCES.txt'
running build
running build_py
creating /home/asher/ros2_ws/build/lidar_slam/build
creating /home/asher/ros2_ws/build/lidar_slam/build/lib
creating /home/asher/ros2_ws/build/lidar_slam/build/lib/lidar_slam
copying lidar_slam/lidar_udp_receiver.py -> /home/asher/ros2_ws/build/lidar_slam/build/lib/lidar_slam
copying lidar_slam/__init__.py -> /home/asher/ros2_ws/build/lidar_slam/build/lib/lidar_slam
running install
running install_lib
creating /home/asher/ros2_ws/install/lidar_slam/lib/python3.12/site-packages/lidar_slam
copying /home/asher/ros2_ws/build/lidar_slam/build/lib/lidar_slam/lidar_udp_receiver.py -> /home/asher/ros2_ws/install/lidar_slam/lib/python3.12/site-packages/lidar_slam
copying /home/asher/ros2_ws/build/lidar_slam/build/lib/lidar_slam/__init__.py -> /home/asher/ros2_ws/install/lidar_slam/lib/python3.12/site-packages/lidar_slam
byte-compiling /home/asher/ros2_ws/install/lidar_slam/lib/python3.12/site-packages/lidar_slam/lidar_udp_receiver.py to lidar_udp_receiver.cpython-312.pyc
byte-compiling /home/asher/ros2_ws/install/lidar_slam/lib/python3.12/site-packages/lidar_slam/__init__.py to __init__.cpython-312.pyc
running install_data
creating /home/asher/ros2_ws/install/lidar_slam/share/ament_index
creating /home/asher/ros2_ws/install/lidar_slam/share/ament_index/resource_index
creating /home/asher/ros2_ws/install/lidar_slam/share/ament_index/resource_index/packages
copying resource/lidar_slam -> /home/asher/ros2_ws/install/lidar_slam/share/ament_index/resource_index/packages
copying package.xml -> /home/asher/ros2_ws/install/lidar_slam/share/lidar_slam
creating /home/asher/ros2_ws/install/lidar_slam/share/lidar_slam/launch
copying launch/test.launch.py -> /home/asher/ros2_ws/install/lidar_slam/share/lidar_slam/launch
running install_egg_info
Copying ../../build/lidar_slam/lidar_slam.egg-info to /home/asher/ros2_ws/install/lidar_slam/lib/python3.12/site-packages/lidar_slam-0.0.0-py3.12.egg-info
running install_scripts
Installing lidar_udp_receiver script to /home/asher/ros2_ws/install/lidar_slam/bin
writing list of installed files to '/home/asher/ros2_ws/build/lidar_slam/install.log'
