[0.057s] Invoking command in '/home/king/stream_ws/build/realsense2_camera': AMENT_PREFIX_PATH=/home/king/stream_ws/install/realsense2_camera_msgs:${AMENT_PREFIX_PATH} CMAKE_PREFIX_PATH=/home/king/stream_ws/install/realsense2_camera_msgs:/home/king/spidersense_ws/install/realsense2_description:/home/king/spidersense_ws/install/realsense2_camera:/home/king/spidersense_ws/install/realsense2_camera_msgs:/opt/ros/humble LD_LIBRARY_PATH=/home/king/stream_ws/install/realsense2_camera_msgs/lib:${LD_LIBRARY_PATH} PYTHONPATH=/home/king/stream_ws/install/realsense2_camera_msgs/local/lib/python3.10/dist-packages:${PYTHONPATH} /usr/bin/cmake --build /home/king/stream_ws/build/realsense2_camera -- -j4 -l4
[0.202s] -- Create Release Build.
[0.206s] -- Found ament_cmake: 1.3.11 (/opt/ros/humble/share/ament_cmake/cmake)
[0.879s] -- Found builtin_interfaces: 1.2.1 (/opt/ros/humble/share/builtin_interfaces/cmake)
[1.272s] -- Found rosidl_generator_c: 3.1.6 (/opt/ros/humble/share/rosidl_generator_c/cmake)
[1.288s] -- Found rosidl_adapter: 3.1.6 (/opt/ros/humble/share/rosidl_adapter/cmake)
[1.325s] -- Found rosidl_generator_cpp: 3.1.6 (/opt/ros/humble/share/rosidl_generator_cpp/cmake)
[1.382s] -- Using all available rosidl_typesupport_c: rosidl_typesupport_fastrtps_c;rosidl_typesupport_introspection_c
[1.452s] -- Using all available rosidl_typesupport_cpp: rosidl_typesupport_fastrtps_cpp;rosidl_typesupport_introspection_cpp
[1.515s] -- Found cv_bridge: 3.2.1 (/opt/ros/humble/share/cv_bridge/cmake)
[1.777s] -- Found image_transport: 3.1.10 (/opt/ros/humble/share/image_transport/cmake)
[1.921s] -- Found rmw_implementation_cmake: 6.1.2 (/opt/ros/humble/share/rmw_implementation_cmake/cmake)
[1.929s] -- Found rmw_fastrtps_cpp: 6.2.7 (/opt/ros/humble/share/rmw_fastrtps_cpp/cmake)
[2.795s] -- Using RMW implementation 'rmw_fastrtps_cpp' as default
[3.150s] -- Found rclcpp_components: 16.0.11 (/opt/ros/humble/share/rclcpp_components/cmake)
[3.229s] -- Found realsense2_camera_msgs: 4.55.1 (/home/king/stream_ws/install/realsense2_camera_msgs/share/realsense2_camera_msgs/cmake)
[3.309s] -- Found nav_msgs: 4.2.4 (/opt/ros/humble/share/nav_msgs/cmake)
[3.381s] -- Found tf2_ros: 0.25.12 (/opt/ros/humble/share/tf2_ros/cmake)
[3.647s] -- Found diagnostic_updater: 4.0.2 (/opt/ros/humble/share/diagnostic_updater/cmake)
[3.731s] -- Build for ROS2 Humble
[3.755s] -- Found ament_cmake_gtest: 1.3.11 (/opt/ros/humble/share/ament_cmake_gtest/cmake)
[3.762s] -- Found gtest sources under '/opt/ros/humble/src/gtest_vendor': C++ tests using 'Google Test' will be built
[3.779s] -- Found ament_cmake_pytest: 1.3.11 (/opt/ros/humble/share/ament_cmake_pytest/cmake)
[18.558s] -- rs_device_info:
[18.558s] -- Device Name                   Serial Number       Firmware Version
[18.558s] Intel RealSense D435I         215322071634        5.16.0.1
[18.559s] 
[18.559s] -- D455 device found
[29.563s] -- Configuring done
[29.770s] -- Generating done
[29.817s] -- Build files have been written to: /home/king/stream_ws/build/realsense2_camera
[29.943s] [35m[1mConsolidate compiler generated dependencies of target gtest_main[0m
[29.944s] [35m[1mConsolidate compiler generated dependencies of target realsense2_camera_node[0m
[29.945s] [35m[1mConsolidate compiler generated dependencies of target gtest[0m
[29.973s] [35m[1mConsolidate compiler generated dependencies of target realsense2_camera[0m
[30.010s] [  9%] Built target gtest_main
[30.017s] [ 18%] Built target gtest
[30.039s] [ 27%] Built target realsense2_camera_node
[30.062s] [35m[1mConsolidate compiler generated dependencies of target gtest_template[0m
[30.124s] [ 36%] Built target gtest_template
[30.271s] [100%] Built target realsense2_camera
[30.313s] Invoked command in '/home/king/stream_ws/build/realsense2_camera' returned '0': AMENT_PREFIX_PATH=/home/king/stream_ws/install/realsense2_camera_msgs:${AMENT_PREFIX_PATH} CMAKE_PREFIX_PATH=/home/king/stream_ws/install/realsense2_camera_msgs:/home/king/spidersense_ws/install/realsense2_description:/home/king/spidersense_ws/install/realsense2_camera:/home/king/spidersense_ws/install/realsense2_camera_msgs:/opt/ros/humble LD_LIBRARY_PATH=/home/king/stream_ws/install/realsense2_camera_msgs/lib:${LD_LIBRARY_PATH} PYTHONPATH=/home/king/stream_ws/install/realsense2_camera_msgs/local/lib/python3.10/dist-packages:${PYTHONPATH} /usr/bin/cmake --build /home/king/stream_ws/build/realsense2_camera -- -j4 -l4
[30.322s] Invoking command in '/home/king/stream_ws/build/realsense2_camera': AMENT_PREFIX_PATH=/home/king/stream_ws/install/realsense2_camera_msgs:${AMENT_PREFIX_PATH} CMAKE_PREFIX_PATH=/home/king/stream_ws/install/realsense2_camera_msgs:/home/king/spidersense_ws/install/realsense2_description:/home/king/spidersense_ws/install/realsense2_camera:/home/king/spidersense_ws/install/realsense2_camera_msgs:/opt/ros/humble LD_LIBRARY_PATH=/home/king/stream_ws/install/realsense2_camera_msgs/lib:${LD_LIBRARY_PATH} PYTHONPATH=/home/king/stream_ws/install/realsense2_camera_msgs/local/lib/python3.10/dist-packages:${PYTHONPATH} /usr/bin/cmake --install /home/king/stream_ws/build/realsense2_camera
[30.351s] -- Install configuration: "Release"
[30.353s] -- Up-to-date: /home/king/stream_ws/install/realsense2_camera/lib/realsense2_camera/realsense2_camera_node
[30.355s] -- Up-to-date: /home/king/stream_ws/install/realsense2_camera/lib/librealsense2_camera.so
[30.356s] -- Up-to-date: /home/king/stream_ws/install/realsense2_camera/include
[30.356s] -- Up-to-date: /home/king/stream_ws/install/realsense2_camera/include/ros_sensor.h
[30.357s] -- Up-to-date: /home/king/stream_ws/install/realsense2_camera/include/sensor_params.h
[30.357s] -- Up-to-date: /home/king/stream_ws/install/realsense2_camera/include/realsense_node_factory.h
[30.358s] -- Up-to-date: /home/king/stream_ws/install/realsense2_camera/include/image_publisher.h
[30.358s] -- Up-to-date: /home/king/stream_ws/install/realsense2_camera/include/gl_window.h
[30.358s] -- Up-to-date: /home/king/stream_ws/install/realsense2_camera/include/ros_utils.h
[30.359s] -- Up-to-date: /home/king/stream_ws/install/realsense2_camera/include/ros_param_backend.h
[30.359s] -- Up-to-date: /home/king/stream_ws/install/realsense2_camera/include/profile_manager.h
[30.360s] -- Up-to-date: /home/king/stream_ws/install/realsense2_camera/include/constants.h
[30.360s] -- Up-to-date: /home/king/stream_ws/install/realsense2_camera/include/named_filter.h
[30.360s] -- Up-to-date: /home/king/stream_ws/install/realsense2_camera/include/dynamic_params.h
[30.361s] -- Up-to-date: /home/king/stream_ws/install/realsense2_camera/include/base_realsense_node.h
[30.361s] -- Up-to-date: /home/king/stream_ws/install/realsense2_camera/share/realsense2_camera/launch
[30.361s] -- Up-to-date: /home/king/stream_ws/install/realsense2_camera/share/realsense2_camera/launch/rs_multi_camera_launch.py
[30.362s] -- Up-to-date: /home/king/stream_ws/install/realsense2_camera/share/realsense2_camera/launch/rs_intra_process_demo_launch.py
[30.362s] -- Up-to-date: /home/king/stream_ws/install/realsense2_camera/share/realsense2_camera/launch/rs_launch.py
[30.363s] -- Up-to-date: /home/king/stream_ws/install/realsense2_camera/share/realsense2_camera/launch/default.rviz
[30.363s] -- Up-to-date: /home/king/stream_ws/install/realsense2_camera/share/realsense2_camera/examples
[30.363s] -- Up-to-date: /home/king/stream_ws/install/realsense2_camera/share/realsense2_camera/examples/align_depth
[30.364s] -- Up-to-date: /home/king/stream_ws/install/realsense2_camera/share/realsense2_camera/examples/align_depth/rs_align_depth_launch.py
[30.364s] -- Up-to-date: /home/king/stream_ws/install/realsense2_camera/share/realsense2_camera/examples/align_depth/README.md
[30.365s] -- Up-to-date: /home/king/stream_ws/install/realsense2_camera/share/realsense2_camera/examples/dual_camera
[30.366s] -- Up-to-date: /home/king/stream_ws/install/realsense2_camera/share/realsense2_camera/examples/dual_camera/README.md
[30.366s] -- Up-to-date: /home/king/stream_ws/install/realsense2_camera/share/realsense2_camera/examples/dual_camera/rviz
[30.367s] -- Up-to-date: /home/king/stream_ws/install/realsense2_camera/share/realsense2_camera/examples/dual_camera/rviz/dual_camera_pointcloud.rviz
[30.367s] -- Up-to-date: /home/king/stream_ws/install/realsense2_camera/share/realsense2_camera/examples/dual_camera/rs_dual_camera_launch.py
[30.368s] -- Up-to-date: /home/king/stream_ws/install/realsense2_camera/share/realsense2_camera/examples/launch_from_rosbag
[30.368s] -- Up-to-date: /home/king/stream_ws/install/realsense2_camera/share/realsense2_camera/examples/launch_from_rosbag/rs_launch_from_rosbag.py
[30.368s] -- Up-to-date: /home/king/stream_ws/install/realsense2_camera/share/realsense2_camera/examples/launch_from_rosbag/README.md
[30.369s] -- Up-to-date: /home/king/stream_ws/install/realsense2_camera/share/realsense2_camera/examples/pointcloud
[30.369s] -- Up-to-date: /home/king/stream_ws/install/realsense2_camera/share/realsense2_camera/examples/pointcloud/rs_d405_pointcloud_launch.py
[30.369s] -- Up-to-date: /home/king/stream_ws/install/realsense2_camera/share/realsense2_camera/examples/pointcloud/rs_pointcloud_launch.py
[30.370s] -- Up-to-date: /home/king/stream_ws/install/realsense2_camera/share/realsense2_camera/examples/pointcloud/README.md
[30.370s] -- Up-to-date: /home/king/stream_ws/install/realsense2_camera/share/realsense2_camera/examples/pointcloud/rs_d455_pointcloud_launch.py
[30.370s] -- Up-to-date: /home/king/stream_ws/install/realsense2_camera/share/realsense2_camera/examples/pointcloud/rviz
[30.371s] -- Up-to-date: /home/king/stream_ws/install/realsense2_camera/share/realsense2_camera/examples/pointcloud/rviz/pointcloud.rviz
[30.371s] -- Up-to-date: /home/king/stream_ws/install/realsense2_camera/share/realsense2_camera/examples/pointcloud/rviz/urdf_pointcloud.rviz
[30.371s] -- Up-to-date: /home/king/stream_ws/install/realsense2_camera/share/realsense2_camera/examples/launch_params_from_file
[30.372s] -- Up-to-date: /home/king/stream_ws/install/realsense2_camera/share/realsense2_camera/examples/launch_params_from_file/rs_launch_get_params_from_yaml.py
[30.372s] -- Up-to-date: /home/king/stream_ws/install/realsense2_camera/share/realsense2_camera/examples/launch_params_from_file/README.md
[30.372s] -- Up-to-date: /home/king/stream_ws/install/realsense2_camera/share/realsense2_camera/examples/launch_params_from_file/config
[30.373s] -- Up-to-date: /home/king/stream_ws/install/realsense2_camera/share/realsense2_camera/examples/launch_params_from_file/config/config.yaml
[30.373s] -- Up-to-date: /home/king/stream_ws/install/realsense2_camera/share/realsense2_camera/environment/library_path.sh
[30.373s] -- Installing: /home/king/stream_ws/install/realsense2_camera/share/realsense2_camera/environment/library_path.dsv
[30.374s] -- Installing: /home/king/stream_ws/install/realsense2_camera/share/ament_index/resource_index/package_run_dependencies/realsense2_camera
[30.374s] -- Up-to-date: /home/king/stream_ws/install/realsense2_camera/share/ament_index/resource_index/parent_prefix_path/realsense2_camera
[30.374s] -- Up-to-date: /home/king/stream_ws/install/realsense2_camera/share/realsense2_camera/environment/ament_prefix_path.sh
[30.375s] -- Installing: /home/king/stream_ws/install/realsense2_camera/share/realsense2_camera/environment/ament_prefix_path.dsv
[30.375s] -- Up-to-date: /home/king/stream_ws/install/realsense2_camera/share/realsense2_camera/environment/path.sh
[30.375s] -- Installing: /home/king/stream_ws/install/realsense2_camera/share/realsense2_camera/environment/path.dsv
[30.376s] -- Up-to-date: /home/king/stream_ws/install/realsense2_camera/share/realsense2_camera/local_setup.bash
[30.377s] -- Up-to-date: /home/king/stream_ws/install/realsense2_camera/share/realsense2_camera/local_setup.sh
[30.377s] -- Up-to-date: /home/king/stream_ws/install/realsense2_camera/share/realsense2_camera/local_setup.zsh
[30.377s] -- Installing: /home/king/stream_ws/install/realsense2_camera/share/realsense2_camera/local_setup.dsv
[30.378s] -- Installing: /home/king/stream_ws/install/realsense2_camera/share/realsense2_camera/package.dsv
[30.380s] -- Up-to-date: /home/king/stream_ws/install/realsense2_camera/share/ament_index/resource_index/packages/realsense2_camera
[30.380s] -- Up-to-date: /home/king/stream_ws/install/realsense2_camera/share/ament_index/resource_index/rclcpp_components/realsense2_camera
[30.380s] -- Up-to-date: /home/king/stream_ws/install/realsense2_camera/share/realsense2_camera/cmake/ament_cmake_export_include_directories-extras.cmake
[30.381s] -- Up-to-date: /home/king/stream_ws/install/realsense2_camera/share/realsense2_camera/cmake/ament_cmake_export_libraries-extras.cmake
[30.381s] -- Up-to-date: /home/king/stream_ws/install/realsense2_camera/share/realsense2_camera/cmake/ament_cmake_export_dependencies-extras.cmake
[30.382s] -- Up-to-date: /home/king/stream_ws/install/realsense2_camera/share/realsense2_camera/cmake/realsense2_cameraConfig.cmake
[30.382s] -- Up-to-date: /home/king/stream_ws/install/realsense2_camera/share/realsense2_camera/cmake/realsense2_cameraConfig-version.cmake
[30.382s] -- Installing: /home/king/stream_ws/install/realsense2_camera/share/realsense2_camera/package.xml
[30.383s] -- Installing: /home/king/stream_ws/install/realsense2_camera/lib/realsense2_camera/realsense_stream_node.py
[30.391s] Invoked command in '/home/king/stream_ws/build/realsense2_camera' returned '0': AMENT_PREFIX_PATH=/home/king/stream_ws/install/realsense2_camera_msgs:${AMENT_PREFIX_PATH} CMAKE_PREFIX_PATH=/home/king/stream_ws/install/realsense2_camera_msgs:/home/king/spidersense_ws/install/realsense2_description:/home/king/spidersense_ws/install/realsense2_camera:/home/king/spidersense_ws/install/realsense2_camera_msgs:/opt/ros/humble LD_LIBRARY_PATH=/home/king/stream_ws/install/realsense2_camera_msgs/lib:${LD_LIBRARY_PATH} PYTHONPATH=/home/king/stream_ws/install/realsense2_camera_msgs/local/lib/python3.10/dist-packages:${PYTHONPATH} /usr/bin/cmake --install /home/king/stream_ws/build/realsense2_camera
