[0.611s] Invoking command in '/home/asher/ros2_ws/build/lidar_slam': CONDA_PROMPT_MODIFIER=(base) PYTHONPATH=/home/asher/ros2_ws/build/lidar_slam/prefix_override:/usr/lib/python3/dist-packages/colcon_core/task/python/colcon_distutils_commands:/home/asher/ros2_ws/install/lidar_slam/lib/python3.12/site-packages:${PYTHONPATH} /usr/bin/python3 -W ignore:setup.py install is deprecated -W ignore:easy_install command is deprecated setup.py develop --editable --build-directory /home/asher/ros2_ws/build/lidar_slam/build --no-deps symlink_data --force
[0.865s] running develop
[1.023s] running egg_info
[1.039s] writing lidar_slam.egg-info/PKG-INFO
[1.041s] writing dependency_links to lidar_slam.egg-info/dependency_links.txt
[1.041s] writing entry points to lidar_slam.egg-info/entry_points.txt
[1.041s] writing requirements to lidar_slam.egg-info/requires.txt
[1.041s] writing top-level names to lidar_slam.egg-info/top_level.txt
[1.073s] reading manifest file 'lidar_slam.egg-info/SOURCES.txt'
[1.074s] writing manifest file 'lidar_slam.egg-info/SOURCES.txt'
[1.090s] running build_ext
[1.090s] Creating /home/asher/ros2_ws/install/lidar_slam/lib/python3.12/site-packages/lidar-slam.egg-link (link to .)
[1.091s] Installing lidar_udp_receiver script to /home/asher/ros2_ws/install/lidar_slam/bin
[1.091s] 
[1.091s] Installed /home/asher/ros2_ws/build/lidar_slam
[1.091s] running symlink_data
[1.091s] symbolically linking /home/asher/ros2_ws/build/lidar_slam/resource/lidar_slam -> /home/asher/ros2_ws/install/lidar_slam/share/ament_index/resource_index/packages
[1.091s] symbolically linking /home/asher/ros2_ws/build/lidar_slam/package.xml -> /home/asher/ros2_ws/install/lidar_slam/share/lidar_slam
[1.092s] symbolically linking /home/asher/ros2_ws/build/lidar_slam/launch/slam.launch.py -> /home/asher/ros2_ws/install/lidar_slam/share/lidar_slam/launch
[1.092s] symbolically linking /home/asher/ros2_ws/build/lidar_slam/config/slam_toolbox_params.yaml -> /home/asher/ros2_ws/install/lidar_slam/share/lidar_slam/config
[1.115s] Invoked command in '/home/asher/ros2_ws/build/lidar_slam' returned '0': CONDA_PROMPT_MODIFIER=(base) PYTHONPATH=/home/asher/ros2_ws/build/lidar_slam/prefix_override:/usr/lib/python3/dist-packages/colcon_core/task/python/colcon_distutils_commands:/home/asher/ros2_ws/install/lidar_slam/lib/python3.12/site-packages:${PYTHONPATH} /usr/bin/python3 -W ignore:setup.py install is deprecated -W ignore:easy_install command is deprecated setup.py develop --editable --build-directory /home/asher/ros2_ws/build/lidar_slam/build --no-deps symlink_data --force
