running develop
running egg_info
creating lidar_slam.egg-info
writing lidar_slam.egg-info/PKG-INFO
writing dependency_links to lidar_slam.egg-info/dependency_links.txt
writing entry points to lidar_slam.egg-info/entry_points.txt
writing requirements to lidar_slam.egg-info/requires.txt
writing top-level names to lidar_slam.egg-info/top_level.txt
writing manifest file 'lidar_slam.egg-info/SOURCES.txt'
reading manifest file 'lidar_slam.egg-info/SOURCES.txt'
writing manifest file 'lidar_slam.egg-info/SOURCES.txt'
running build_ext
Creating /home/asher/ros2_ws/install/lidar_slam/lib/python3.12/site-packages/lidar-slam.egg-link (link to .)
Installing lidar_udp_receiver script to /home/asher/ros2_ws/install/lidar_slam/bin
Installing test_node script to /home/asher/ros2_ws/install/lidar_slam/bin

Installed /home/asher/ros2_ws/build/lidar_slam
running symlink_data
creating /home/asher/ros2_ws/install/lidar_slam/share/ament_index
creating /home/asher/ros2_ws/install/lidar_slam/share/ament_index/resource_index
creating /home/asher/ros2_ws/install/lidar_slam/share/ament_index/resource_index/packages
symbolically linking /home/asher/ros2_ws/build/lidar_slam/resource/lidar_slam -> /home/asher/ros2_ws/install/lidar_slam/share/ament_index/resource_index/packages
symbolically linking /home/asher/ros2_ws/build/lidar_slam/package.xml -> /home/asher/ros2_ws/install/lidar_slam/share/lidar_slam
creating /home/asher/ros2_ws/install/lidar_slam/share/lidar_slam/launch
symbolically linking /home/asher/ros2_ws/build/lidar_slam/launch/slam.launch.py -> /home/asher/ros2_ws/install/lidar_slam/share/lidar_slam/launch
creating /home/asher/ros2_ws/install/lidar_slam/share/lidar_slam/config
symbolically linking /home/asher/ros2_ws/build/lidar_slam/config/slam_toolbox_params.yaml -> /home/asher/ros2_ws/install/lidar_slam/share/lidar_slam/config
creating /home/asher/ros2_ws/install/lidar_slam/share/lidar_slam/rviz
symbolically linking /home/asher/ros2_ws/build/lidar_slam/rviz/slam_config.rviz -> /home/asher/ros2_ws/install/lidar_slam/share/lidar_slam/rviz
