[0.736s] Invoking command in '/home/asher/ros2_ws/src/lidar_slam_new': CONDA_PROMPT_MODIFIER=(base) PYTHONPATH=/home/asher/ros2_ws/build/lidar_slam_new/prefix_override:/usr/lib/python3/dist-packages/colcon_core/task/python/colcon_distutils_commands:/home/asher/ros2_ws/install/lidar_slam_new/lib/python3.12/site-packages:${PYTHONPATH} /usr/bin/python3 -W ignore:setup.py install is deprecated -W ignore:easy_install command is deprecated setup.py egg_info --egg-base ../../build/lidar_slam_new build --build-base /home/asher/ros2_ws/build/lidar_slam_new/build install --record /home/asher/ros2_ws/build/lidar_slam_new/install.log --single-version-externally-managed install_data
[0.993s] running egg_info
[0.994s] creating ../../build/lidar_slam_new/lidar_slam_new.egg-info
[1.012s] writing ../../build/lidar_slam_new/lidar_slam_new.egg-info/PKG-INFO
[1.012s] writing dependency_links to ../../build/lidar_slam_new/lidar_slam_new.egg-info/dependency_links.txt
[1.013s] writing entry points to ../../build/lidar_slam_new/lidar_slam_new.egg-info/entry_points.txt
[1.013s] writing requirements to ../../build/lidar_slam_new/lidar_slam_new.egg-info/requires.txt
[1.013s] writing top-level names to ../../build/lidar_slam_new/lidar_slam_new.egg-info/top_level.txt
[1.013s] writing manifest file '../../build/lidar_slam_new/lidar_slam_new.egg-info/SOURCES.txt'
[1.050s] reading manifest file '../../build/lidar_slam_new/lidar_slam_new.egg-info/SOURCES.txt'
[1.051s] writing manifest file '../../build/lidar_slam_new/lidar_slam_new.egg-info/SOURCES.txt'
[1.051s] running build
[1.051s] running build_py
[1.051s] creating /home/asher/ros2_ws/build/lidar_slam_new/build
[1.051s] creating /home/asher/ros2_ws/build/lidar_slam_new/build/lib
[1.052s] creating /home/asher/ros2_ws/build/lidar_slam_new/build/lib/lidar_slam_new
[1.052s] copying lidar_slam_new/lidar_udp_receiver.py -> /home/asher/ros2_ws/build/lidar_slam_new/build/lib/lidar_slam_new
[1.053s] copying lidar_slam_new/__init__.py -> /home/asher/ros2_ws/build/lidar_slam_new/build/lib/lidar_slam_new
[1.053s] running install
[1.061s] running install_lib
[1.083s] creating /home/asher/ros2_ws/install/lidar_slam_new/lib/python3.12/site-packages/lidar_slam_new
[1.083s] copying /home/asher/ros2_ws/build/lidar_slam_new/build/lib/lidar_slam_new/lidar_udp_receiver.py -> /home/asher/ros2_ws/install/lidar_slam_new/lib/python3.12/site-packages/lidar_slam_new
[1.083s] copying /home/asher/ros2_ws/build/lidar_slam_new/build/lib/lidar_slam_new/__init__.py -> /home/asher/ros2_ws/install/lidar_slam_new/lib/python3.12/site-packages/lidar_slam_new
[1.084s] byte-compiling /home/asher/ros2_ws/install/lidar_slam_new/lib/python3.12/site-packages/lidar_slam_new/lidar_udp_receiver.py to lidar_udp_receiver.cpython-312.pyc
[1.085s] byte-compiling /home/asher/ros2_ws/install/lidar_slam_new/lib/python3.12/site-packages/lidar_slam_new/__init__.py to __init__.cpython-312.pyc
[1.085s] running install_data
[1.085s] creating /home/asher/ros2_ws/install/lidar_slam_new/share/ament_index
[1.086s] creating /home/asher/ros2_ws/install/lidar_slam_new/share/ament_index/resource_index
[1.086s] creating /home/asher/ros2_ws/install/lidar_slam_new/share/ament_index/resource_index/packages
[1.086s] copying resource/lidar_slam_new -> /home/asher/ros2_ws/install/lidar_slam_new/share/ament_index/resource_index/packages
[1.086s] copying package.xml -> /home/asher/ros2_ws/install/lidar_slam_new/share/lidar_slam_new
[1.086s] running install_egg_info
[1.110s] Copying ../../build/lidar_slam_new/lidar_slam_new.egg-info to /home/asher/ros2_ws/install/lidar_slam_new/lib/python3.12/site-packages/lidar_slam_new-0.0.0-py3.12.egg-info
[1.111s] running install_scripts
[1.243s] Installing lidar_udp_receiver script to /home/asher/ros2_ws/install/lidar_slam_new/lib/lidar_slam_new
[1.244s] writing list of installed files to '/home/asher/ros2_ws/build/lidar_slam_new/install.log'
[1.271s] Invoked command in '/home/asher/ros2_ws/src/lidar_slam_new' returned '0': CONDA_PROMPT_MODIFIER=(base) PYTHONPATH=/home/asher/ros2_ws/build/lidar_slam_new/prefix_override:/usr/lib/python3/dist-packages/colcon_core/task/python/colcon_distutils_commands:/home/asher/ros2_ws/install/lidar_slam_new/lib/python3.12/site-packages:${PYTHONPATH} /usr/bin/python3 -W ignore:setup.py install is deprecated -W ignore:easy_install command is deprecated setup.py egg_info --egg-base ../../build/lidar_slam_new build --build-base /home/asher/ros2_ws/build/lidar_slam_new/build install --record /home/asher/ros2_ws/build/lidar_slam_new/install.log --single-version-externally-managed install_data
