[0.342s] Invoking command in '/home/asher/lidar_ws/src/lidar_udp_receiver': PYTHONPATH=/home/asher/lidar_ws/build/lidar_udp_receiver/prefix_override:/usr/lib/python3/dist-packages/colcon_core/task/python/colcon_distutils_commands:/home/asher/lidar_ws/install/lidar_udp_receiver/lib/python3.10/site-packages: /usr/bin/python3 -W ignore:setup.py install is deprecated -W ignore:easy_install command is deprecated setup.py egg_info --egg-base ../../build/lidar_udp_receiver build --build-base /home/asher/lidar_ws/build/lidar_udp_receiver/build install --record /home/asher/lidar_ws/build/lidar_udp_receiver/install.log --single-version-externally-managed install_data
[0.465s] running egg_info
[0.465s] creating ../../build/lidar_udp_receiver/lidar_udp_receiver.egg-info
[0.465s] writing ../../build/lidar_udp_receiver/lidar_udp_receiver.egg-info/PKG-INFO
[0.465s] writing dependency_links to ../../build/lidar_udp_receiver/lidar_udp_receiver.egg-info/dependency_links.txt
[0.465s] writing entry points to ../../build/lidar_udp_receiver/lidar_udp_receiver.egg-info/entry_points.txt
[0.465s] writing requirements to ../../build/lidar_udp_receiver/lidar_udp_receiver.egg-info/requires.txt
[0.465s] writing top-level names to ../../build/lidar_udp_receiver/lidar_udp_receiver.egg-info/top_level.txt
[0.465s] writing manifest file '../../build/lidar_udp_receiver/lidar_udp_receiver.egg-info/SOURCES.txt'
[0.467s] reading manifest file '../../build/lidar_udp_receiver/lidar_udp_receiver.egg-info/SOURCES.txt'
[0.467s] writing manifest file '../../build/lidar_udp_receiver/lidar_udp_receiver.egg-info/SOURCES.txt'
[0.467s] running build
[0.467s] running build_py
[0.467s] creating /home/asher/lidar_ws/build/lidar_udp_receiver/build
[0.467s] creating /home/asher/lidar_ws/build/lidar_udp_receiver/build/lib
[0.467s] creating /home/asher/lidar_ws/build/lidar_udp_receiver/build/lib/lidar_udp_receiver
[0.467s] copying lidar_udp_receiver/lidar_udp_receiver.py -> /home/asher/lidar_ws/build/lidar_udp_receiver/build/lib/lidar_udp_receiver
[0.468s] copying lidar_udp_receiver/__init__.py -> /home/asher/lidar_ws/build/lidar_udp_receiver/build/lib/lidar_udp_receiver
[0.468s] running install
[0.468s] running install_lib
[0.468s] creating /home/asher/lidar_ws/install/lidar_udp_receiver/lib/python3.10/site-packages/lidar_udp_receiver
[0.468s] copying /home/asher/lidar_ws/build/lidar_udp_receiver/build/lib/lidar_udp_receiver/lidar_udp_receiver.py -> /home/asher/lidar_ws/install/lidar_udp_receiver/lib/python3.10/site-packages/lidar_udp_receiver
[0.468s] copying /home/asher/lidar_ws/build/lidar_udp_receiver/build/lib/lidar_udp_receiver/__init__.py -> /home/asher/lidar_ws/install/lidar_udp_receiver/lib/python3.10/site-packages/lidar_udp_receiver
[0.469s] byte-compiling /home/asher/lidar_ws/install/lidar_udp_receiver/lib/python3.10/site-packages/lidar_udp_receiver/lidar_udp_receiver.py to lidar_udp_receiver.cpython-310.pyc
[0.470s] byte-compiling /home/asher/lidar_ws/install/lidar_udp_receiver/lib/python3.10/site-packages/lidar_udp_receiver/__init__.py to __init__.cpython-310.pyc
[0.470s] running install_data
[0.470s] creating /home/asher/lidar_ws/install/lidar_udp_receiver/share/ament_index
[0.470s] creating /home/asher/lidar_ws/install/lidar_udp_receiver/share/ament_index/resource_index
[0.470s] creating /home/asher/lidar_ws/install/lidar_udp_receiver/share/ament_index/resource_index/packages
[0.470s] copying resource/lidar_udp_receiver -> /home/asher/lidar_ws/install/lidar_udp_receiver/share/ament_index/resource_index/packages
[0.470s] copying package.xml -> /home/asher/lidar_ws/install/lidar_udp_receiver/share/lidar_udp_receiver
[0.470s] creating /home/asher/lidar_ws/install/lidar_udp_receiver/share/lidar_udp_receiver/launch
[0.470s] copying launch/lidar_receiver.launch.py -> /home/asher/lidar_ws/install/lidar_udp_receiver/share/lidar_udp_receiver/launch
[0.470s] creating /home/asher/lidar_ws/install/lidar_udp_receiver/share/lidar_udp_receiver/config
[0.470s] copying config/lidar.rviz -> /home/asher/lidar_ws/install/lidar_udp_receiver/share/lidar_udp_receiver/config
[0.470s] running install_egg_info
[0.471s] Copying ../../build/lidar_udp_receiver/lidar_udp_receiver.egg-info to /home/asher/lidar_ws/install/lidar_udp_receiver/lib/python3.10/site-packages/lidar_udp_receiver-0.0.1-py3.10.egg-info
[0.472s] running install_scripts
[0.485s] Installing lidar_udp_receiver script to /home/asher/lidar_ws/install/lidar_udp_receiver/lib/lidar_udp_receiver
[0.485s] writing list of installed files to '/home/asher/lidar_ws/build/lidar_udp_receiver/install.log'
[0.500s] Invoked command in '/home/asher/lidar_ws/src/lidar_udp_receiver' returned '0': PYTHONPATH=/home/asher/lidar_ws/build/lidar_udp_receiver/prefix_override:/usr/lib/python3/dist-packages/colcon_core/task/python/colcon_distutils_commands:/home/asher/lidar_ws/install/lidar_udp_receiver/lib/python3.10/site-packages: /usr/bin/python3 -W ignore:setup.py install is deprecated -W ignore:easy_install command is deprecated setup.py egg_info --egg-base ../../build/lidar_udp_receiver build --build-base /home/asher/lidar_ws/build/lidar_udp_receiver/build install --record /home/asher/lidar_ws/build/lidar_udp_receiver/install.log --single-version-externally-managed install_data
