[0.054s] Invoking command in '/home/king/stream_ws/build/realsense2_description': AMENT_PREFIX_PATH=/home/king/stream_ws/install/realsense2_camera_msgs:${AMENT_PREFIX_PATH} CMAKE_PREFIX_PATH=/home/king/stream_ws/install/realsense2_camera_msgs:/home/king/spidersense_ws/install/realsense2_description:/home/king/spidersense_ws/install/realsense2_camera:/home/king/spidersense_ws/install/realsense2_camera_msgs:/opt/ros/humble LD_LIBRARY_PATH=/home/king/stream_ws/install/realsense2_camera_msgs/lib:${LD_LIBRARY_PATH} PYTHONPATH=/home/king/stream_ws/install/realsense2_camera_msgs/local/lib/python3.10/dist-packages:${PYTHONPATH} /usr/bin/cmake /home/king/stream_ws/src/realsense-ros/realsense2_description -DCMAKE_INSTALL_PREFIX=/home/king/stream_ws/install/realsense2_description
[0.310s] -- The C compiler identification is GNU 11.4.0
[0.569s] -- The CXX compiler identification is GNU 11.4.0
[0.598s] -- Detecting C compiler ABI info
[0.923s] -- Detecting C compiler ABI info - done
[0.947s] -- Check for working C compiler: /usr/bin/cc - skipped
[0.948s] -- Detecting C compile features
[0.949s] -- Detecting C compile features - done
[0.961s] -- Detecting CXX compiler ABI info
[1.320s] -- Detecting CXX compiler ABI info - done
[1.345s] -- Check for working CXX compiler: /usr/bin/c++ - skipped
[1.346s] -- Detecting CXX compile features
[1.347s] -- Detecting CXX compile features - done
[1.377s] -- Found ament_cmake: 1.3.11 (/opt/ros/humble/share/ament_cmake/cmake)
[2.213s] -- Found Python3: /usr/bin/python3 (found version "3.10.12") found components: Interpreter 
[3.138s] -- Configuring done
[3.155s] -- Generating done
[3.164s] -- Build files have been written to: /home/king/stream_ws/build/realsense2_description
[3.177s] Invoked command in '/home/king/stream_ws/build/realsense2_description' returned '0': AMENT_PREFIX_PATH=/home/king/stream_ws/install/realsense2_camera_msgs:${AMENT_PREFIX_PATH} CMAKE_PREFIX_PATH=/home/king/stream_ws/install/realsense2_camera_msgs:/home/king/spidersense_ws/install/realsense2_description:/home/king/spidersense_ws/install/realsense2_camera:/home/king/spidersense_ws/install/realsense2_camera_msgs:/opt/ros/humble LD_LIBRARY_PATH=/home/king/stream_ws/install/realsense2_camera_msgs/lib:${LD_LIBRARY_PATH} PYTHONPATH=/home/king/stream_ws/install/realsense2_camera_msgs/local/lib/python3.10/dist-packages:${PYTHONPATH} /usr/bin/cmake /home/king/stream_ws/src/realsense-ros/realsense2_description -DCMAKE_INSTALL_PREFIX=/home/king/stream_ws/install/realsense2_description
[3.185s] Invoking command in '/home/king/stream_ws/build/realsense2_description': AMENT_PREFIX_PATH=/home/king/stream_ws/install/realsense2_camera_msgs:${AMENT_PREFIX_PATH} CMAKE_PREFIX_PATH=/home/king/stream_ws/install/realsense2_camera_msgs:/home/king/spidersense_ws/install/realsense2_description:/home/king/spidersense_ws/install/realsense2_camera:/home/king/spidersense_ws/install/realsense2_camera_msgs:/opt/ros/humble LD_LIBRARY_PATH=/home/king/stream_ws/install/realsense2_camera_msgs/lib:${LD_LIBRARY_PATH} PYTHONPATH=/home/king/stream_ws/install/realsense2_camera_msgs/local/lib/python3.10/dist-packages:${PYTHONPATH} /usr/bin/cmake --build /home/king/stream_ws/build/realsense2_description -- -j4 -l4
[3.330s] Invoked command in '/home/king/stream_ws/build/realsense2_description' returned '0': AMENT_PREFIX_PATH=/home/king/stream_ws/install/realsense2_camera_msgs:${AMENT_PREFIX_PATH} CMAKE_PREFIX_PATH=/home/king/stream_ws/install/realsense2_camera_msgs:/home/king/spidersense_ws/install/realsense2_description:/home/king/spidersense_ws/install/realsense2_camera:/home/king/spidersense_ws/install/realsense2_camera_msgs:/opt/ros/humble LD_LIBRARY_PATH=/home/king/stream_ws/install/realsense2_camera_msgs/lib:${LD_LIBRARY_PATH} PYTHONPATH=/home/king/stream_ws/install/realsense2_camera_msgs/local/lib/python3.10/dist-packages:${PYTHONPATH} /usr/bin/cmake --build /home/king/stream_ws/build/realsense2_description -- -j4 -l4
[3.338s] Invoking command in '/home/king/stream_ws/build/realsense2_description': AMENT_PREFIX_PATH=/home/king/stream_ws/install/realsense2_camera_msgs:${AMENT_PREFIX_PATH} CMAKE_PREFIX_PATH=/home/king/stream_ws/install/realsense2_camera_msgs:/home/king/spidersense_ws/install/realsense2_description:/home/king/spidersense_ws/install/realsense2_camera:/home/king/spidersense_ws/install/realsense2_camera_msgs:/opt/ros/humble LD_LIBRARY_PATH=/home/king/stream_ws/install/realsense2_camera_msgs/lib:${LD_LIBRARY_PATH} PYTHONPATH=/home/king/stream_ws/install/realsense2_camera_msgs/local/lib/python3.10/dist-packages:${PYTHONPATH} /usr/bin/cmake --install /home/king/stream_ws/build/realsense2_description
[3.366s] -- Install configuration: ""
[3.366s] -- Installing: /home/king/stream_ws/install/realsense2_description/share/realsense2_description/launch
[3.367s] -- Installing: /home/king/stream_ws/install/realsense2_description/share/realsense2_description/launch/launch_utils.py
[3.368s] -- Installing: /home/king/stream_ws/install/realsense2_description/share/realsense2_description/launch/view_model.launch.py
[3.369s] -- Installing: /home/king/stream_ws/install/realsense2_description/share/realsense2_description/meshes
[3.369s] -- Installing: /home/king/stream_ws/install/realsense2_description/share/realsense2_description/meshes/d405.stl
[3.373s] -- Installing: /home/king/stream_ws/install/realsense2_description/share/realsense2_description/meshes/d435.dae
[3.488s] -- Installing: /home/king/stream_ws/install/realsense2_description/share/realsense2_description/meshes/plug_collision.stl
[3.489s] -- Installing: /home/king/stream_ws/install/realsense2_description/share/realsense2_description/meshes/d455.stl
[3.508s] -- Installing: /home/king/stream_ws/install/realsense2_description/share/realsense2_description/meshes/plug.stl
[3.511s] -- Installing: /home/king/stream_ws/install/realsense2_description/share/realsense2_description/meshes/d415.stl
[3.666s] -- Installing: /home/king/stream_ws/install/realsense2_description/share/realsense2_description/meshes/l515.dae
[4.062s] -- Installing: /home/king/stream_ws/install/realsense2_description/share/realsense2_description/rviz
[4.074s] -- Installing: /home/king/stream_ws/install/realsense2_description/share/realsense2_description/rviz/urdf.rviz
[4.075s] -- Installing: /home/king/stream_ws/install/realsense2_description/share/realsense2_description/urdf
[4.082s] -- Installing: /home/king/stream_ws/install/realsense2_description/share/realsense2_description/urdf/_r430.urdf.xacro
[4.082s] -- Installing: /home/king/stream_ws/install/realsense2_description/share/realsense2_description/urdf/test_r410_camera.urdf.xacro
[4.082s] -- Installing: /home/king/stream_ws/install/realsense2_description/share/realsense2_description/urdf/_materials.urdf.xacro
[4.083s] -- Installing: /home/king/stream_ws/install/realsense2_description/share/realsense2_description/urdf/test_d415_camera.urdf.xacro
[4.083s] -- Installing: /home/king/stream_ws/install/realsense2_description/share/realsense2_description/urdf/test_d435_multiple_cameras.urdf.xacro
[4.083s] -- Installing: /home/king/stream_ws/install/realsense2_description/share/realsense2_description/urdf/test_d455_camera.urdf.xacro
[4.084s] -- Installing: /home/king/stream_ws/install/realsense2_description/share/realsense2_description/urdf/_d405.urdf.xacro
[4.089s] -- Installing: /home/king/stream_ws/install/realsense2_description/share/realsense2_description/urdf/_d435i_imu_modules.urdf.xacro
[4.090s] -- Installing: /home/king/stream_ws/install/realsense2_description/share/realsense2_description/urdf/_usb_plug.urdf.xacro
[4.090s] -- Installing: /home/king/stream_ws/install/realsense2_description/share/realsense2_description/urdf/test_d405_camera.urdf.xacro
[4.091s] -- Installing: /home/king/stream_ws/install/realsense2_description/share/realsense2_description/urdf/_r410.urdf.xacro
[4.091s] -- Installing: /home/king/stream_ws/install/realsense2_description/share/realsense2_description/urdf/test_d435i_camera.urdf.xacro
[4.091s] -- Installing: /home/king/stream_ws/install/realsense2_description/share/realsense2_description/urdf/_d455.urdf.xacro
[4.092s] -- Installing: /home/king/stream_ws/install/realsense2_description/share/realsense2_description/urdf/_d415.urdf.xacro
[4.092s] -- Installing: /home/king/stream_ws/install/realsense2_description/share/realsense2_description/urdf/test_d435_camera.urdf.xacro
[4.093s] -- Installing: /home/king/stream_ws/install/realsense2_description/share/realsense2_description/urdf/test_r430_camera.urdf.xacro
[4.093s] -- Installing: /home/king/stream_ws/install/realsense2_description/share/realsense2_description/urdf/_d435.urdf.xacro
[4.094s] -- Installing: /home/king/stream_ws/install/realsense2_description/share/realsense2_description/urdf/_d435i.urdf.xacro
[4.094s] -- Installing: /home/king/stream_ws/install/realsense2_description/share/ament_index/resource_index/package_run_dependencies/realsense2_description
[4.095s] -- Installing: /home/king/stream_ws/install/realsense2_description/share/ament_index/resource_index/parent_prefix_path/realsense2_description
[4.095s] -- Installing: /home/king/stream_ws/install/realsense2_description/share/realsense2_description/environment/ament_prefix_path.sh
[4.095s] -- Installing: /home/king/stream_ws/install/realsense2_description/share/realsense2_description/environment/ament_prefix_path.dsv
[4.096s] -- Installing: /home/king/stream_ws/install/realsense2_description/share/realsense2_description/environment/path.sh
[4.096s] -- Installing: /home/king/stream_ws/install/realsense2_description/share/realsense2_description/environment/path.dsv
[4.097s] -- Installing: /home/king/stream_ws/install/realsense2_description/share/realsense2_description/local_setup.bash
[4.097s] -- Installing: /home/king/stream_ws/install/realsense2_description/share/realsense2_description/local_setup.sh
[4.097s] -- Installing: /home/king/stream_ws/install/realsense2_description/share/realsense2_description/local_setup.zsh
[4.098s] -- Installing: /home/king/stream_ws/install/realsense2_description/share/realsense2_description/local_setup.dsv
[4.098s] -- Installing: /home/king/stream_ws/install/realsense2_description/share/realsense2_description/package.dsv
[4.100s] -- Installing: /home/king/stream_ws/install/realsense2_description/share/ament_index/resource_index/packages/realsense2_description
[4.101s] -- Installing: /home/king/stream_ws/install/realsense2_description/share/realsense2_description/cmake/realsense2_descriptionConfig.cmake
[4.103s] -- Installing: /home/king/stream_ws/install/realsense2_description/share/realsense2_description/cmake/realsense2_descriptionConfig-version.cmake
[4.104s] -- Installing: /home/king/stream_ws/install/realsense2_description/share/realsense2_description/package.xml
[4.112s] Invoked command in '/home/king/stream_ws/build/realsense2_description' returned '0': AMENT_PREFIX_PATH=/home/king/stream_ws/install/realsense2_camera_msgs:${AMENT_PREFIX_PATH} CMAKE_PREFIX_PATH=/home/king/stream_ws/install/realsense2_camera_msgs:/home/king/spidersense_ws/install/realsense2_description:/home/king/spidersense_ws/install/realsense2_camera:/home/king/spidersense_ws/install/realsense2_camera_msgs:/opt/ros/humble LD_LIBRARY_PATH=/home/king/stream_ws/install/realsense2_camera_msgs/lib:${LD_LIBRARY_PATH} PYTHONPATH=/home/king/stream_ws/install/realsense2_camera_msgs/local/lib/python3.10/dist-packages:${PYTHONPATH} /usr/bin/cmake --install /home/king/stream_ws/build/realsense2_description
