[0.442s] DEBUG:colcon:Command line arguments: ['/usr/bin/colcon', 'build']
[0.443s] DEBUG:colcon:Parsed command line arguments: Namespace(log_base=None, log_level=None, verb_name='build', build_base='build', install_base='install', merge_install=False, symlink_install=False, test_result_base=None, continue_on_error=False, executor='parallel', parallel_workers=4, event_handlers=None, ignore_user_meta=False, metas=['./colcon.meta'], base_paths=['.'], packages_ignore=None, packages_ignore_regex=None, paths=None, packages_up_to=None, packages_up_to_regex=None, packages_above=None, packages_above_and_dependencies=None, packages_above_depth=None, packages_select_by_dep=None, packages_skip_by_dep=None, packages_skip_up_to=None, packages_select_build_failed=False, packages_skip_build_finished=False, packages_select_test_failures=False, packages_skip_test_passed=False, packages_select=None, packages_skip=None, packages_select_regex=None, packages_skip_regex=None, packages_start=None, packages_end=None, allow_overriding=[], cmake_args=None, cmake_target=None, cmake_target_skip_unavailable=False, cmake_clean_cache=False, cmake_clean_first=False, cmake_force_configure=False, ament_cmake_args=None, catkin_cmake_args=None, catkin_skip_building_tests=False, mixin_files=None, mixin=None, verb_parser=<colcon_mixin.mixin.mixin_argument.MixinArgumentDecorator object at 0xffff8ca6d270>, verb_extension=<colcon_core.verb.build.BuildVerb object at 0xffff8cc0ebc0>, main=<bound method BuildVerb.main of <colcon_core.verb.build.BuildVerb object at 0xffff8cc0ebc0>>, mixin_verb=('build',))
[1.228s] Level 1:colcon.colcon_core.package_discovery:discover_packages(colcon_meta) check parameters
[1.228s] Level 1:colcon.colcon_core.package_discovery:discover_packages(recursive) check parameters
[1.228s] Level 1:colcon.colcon_core.package_discovery:discover_packages(ignore) check parameters
[1.229s] Level 1:colcon.colcon_core.package_discovery:discover_packages(path) check parameters
[1.229s] Level 1:colcon.colcon_core.package_discovery:discover_packages(colcon_meta) discover
[1.229s] Level 1:colcon.colcon_core.package_discovery:discover_packages(recursive) discover
[1.229s] INFO:colcon.colcon_core.package_discovery:Crawling recursively for packages in '/home/king/stream_ws'
[1.229s] Level 1:colcon.colcon_core.package_identification:_identify(.) by extensions ['ignore', 'ignore_ament_install']
[1.230s] Level 1:colcon.colcon_core.package_identification:_identify(.) by extension 'ignore'
[1.230s] Level 1:colcon.colcon_core.package_identification:_identify(.) by extension 'ignore_ament_install'
[1.230s] Level 1:colcon.colcon_core.package_identification:_identify(.) by extensions ['colcon_pkg']
[1.230s] Level 1:colcon.colcon_core.package_identification:_identify(.) by extension 'colcon_pkg'
[1.231s] Level 1:colcon.colcon_core.package_identification:_identify(.) by extensions ['colcon_meta']
[1.231s] Level 1:colcon.colcon_core.package_identification:_identify(.) by extension 'colcon_meta'
[1.231s] Level 1:colcon.colcon_core.package_identification:_identify(.) by extensions ['ros']
[1.231s] Level 1:colcon.colcon_core.package_identification:_identify(.) by extension 'ros'
[1.273s] Level 1:colcon.colcon_core.package_identification:_identify(.) by extensions ['cmake', 'python']
[1.273s] Level 1:colcon.colcon_core.package_identification:_identify(.) by extension 'cmake'
[1.273s] Level 1:colcon.colcon_core.package_identification:_identify(.) by extension 'python'
[1.273s] Level 1:colcon.colcon_core.package_identification:_identify(.) by extensions ['python_setup_py']
[1.273s] Level 1:colcon.colcon_core.package_identification:_identify(.) by extension 'python_setup_py'
[1.274s] Level 1:colcon.colcon_core.package_identification:_identify(build) by extensions ['ignore', 'ignore_ament_install']
[1.274s] Level 1:colcon.colcon_core.package_identification:_identify(build) by extension 'ignore'
[1.274s] Level 1:colcon.colcon_core.package_identification:_identify(build) ignored
[1.275s] Level 1:colcon.colcon_core.package_identification:_identify(install) by extensions ['ignore', 'ignore_ament_install']
[1.275s] Level 1:colcon.colcon_core.package_identification:_identify(install) by extension 'ignore'
[1.276s] Level 1:colcon.colcon_core.package_identification:_identify(install) ignored
[1.276s] Level 1:colcon.colcon_core.package_identification:_identify(log) by extensions ['ignore', 'ignore_ament_install']
[1.276s] Level 1:colcon.colcon_core.package_identification:_identify(log) by extension 'ignore'
[1.276s] Level 1:colcon.colcon_core.package_identification:_identify(log) ignored
[1.277s] Level 1:colcon.colcon_core.package_identification:_identify(src) by extensions ['ignore', 'ignore_ament_install']
[1.277s] Level 1:colcon.colcon_core.package_identification:_identify(src) by extension 'ignore'
[1.277s] Level 1:colcon.colcon_core.package_identification:_identify(src) by extension 'ignore_ament_install'
[1.277s] Level 1:colcon.colcon_core.package_identification:_identify(src) by extensions ['colcon_pkg']
[1.277s] Level 1:colcon.colcon_core.package_identification:_identify(src) by extension 'colcon_pkg'
[1.278s] Level 1:colcon.colcon_core.package_identification:_identify(src) by extensions ['colcon_meta']
[1.278s] Level 1:colcon.colcon_core.package_identification:_identify(src) by extension 'colcon_meta'
[1.278s] Level 1:colcon.colcon_core.package_identification:_identify(src) by extensions ['ros']
[1.278s] Level 1:colcon.colcon_core.package_identification:_identify(src) by extension 'ros'
[1.278s] Level 1:colcon.colcon_core.package_identification:_identify(src) by extensions ['cmake', 'python']
[1.279s] Level 1:colcon.colcon_core.package_identification:_identify(src) by extension 'cmake'
[1.279s] Level 1:colcon.colcon_core.package_identification:_identify(src) by extension 'python'
[1.279s] Level 1:colcon.colcon_core.package_identification:_identify(src) by extensions ['python_setup_py']
[1.279s] Level 1:colcon.colcon_core.package_identification:_identify(src) by extension 'python_setup_py'
[1.280s] Level 1:colcon.colcon_core.package_identification:_identify(src/realsense-ros) by extensions ['ignore', 'ignore_ament_install']
[1.280s] Level 1:colcon.colcon_core.package_identification:_identify(src/realsense-ros) by extension 'ignore'
[1.280s] Level 1:colcon.colcon_core.package_identification:_identify(src/realsense-ros) by extension 'ignore_ament_install'
[1.280s] Level 1:colcon.colcon_core.package_identification:_identify(src/realsense-ros) by extensions ['colcon_pkg']
[1.280s] Level 1:colcon.colcon_core.package_identification:_identify(src/realsense-ros) by extension 'colcon_pkg'
[1.280s] Level 1:colcon.colcon_core.package_identification:_identify(src/realsense-ros) by extensions ['colcon_meta']
[1.281s] Level 1:colcon.colcon_core.package_identification:_identify(src/realsense-ros) by extension 'colcon_meta'
[1.281s] Level 1:colcon.colcon_core.package_identification:_identify(src/realsense-ros) by extensions ['ros']
[1.281s] Level 1:colcon.colcon_core.package_identification:_identify(src/realsense-ros) by extension 'ros'
[1.281s] Level 1:colcon.colcon_core.package_identification:_identify(src/realsense-ros) by extensions ['cmake', 'python']
[1.281s] Level 1:colcon.colcon_core.package_identification:_identify(src/realsense-ros) by extension 'cmake'
[1.281s] Level 1:colcon.colcon_core.package_identification:_identify(src/realsense-ros) by extension 'python'
[1.282s] Level 1:colcon.colcon_core.package_identification:_identify(src/realsense-ros) by extensions ['python_setup_py']
[1.282s] Level 1:colcon.colcon_core.package_identification:_identify(src/realsense-ros) by extension 'python_setup_py'
[1.282s] Level 1:colcon.colcon_core.package_identification:_identify(src/realsense-ros/realsense2_camera) by extensions ['ignore', 'ignore_ament_install']
[1.283s] Level 1:colcon.colcon_core.package_identification:_identify(src/realsense-ros/realsense2_camera) by extension 'ignore'
[1.283s] Level 1:colcon.colcon_core.package_identification:_identify(src/realsense-ros/realsense2_camera) by extension 'ignore_ament_install'
[1.283s] Level 1:colcon.colcon_core.package_identification:_identify(src/realsense-ros/realsense2_camera) by extensions ['colcon_pkg']
[1.283s] Level 1:colcon.colcon_core.package_identification:_identify(src/realsense-ros/realsense2_camera) by extension 'colcon_pkg'
[1.283s] Level 1:colcon.colcon_core.package_identification:_identify(src/realsense-ros/realsense2_camera) by extensions ['colcon_meta']
[1.283s] Level 1:colcon.colcon_core.package_identification:_identify(src/realsense-ros/realsense2_camera) by extension 'colcon_meta'
[1.284s] Level 1:colcon.colcon_core.package_identification:_identify(src/realsense-ros/realsense2_camera) by extensions ['ros']
[1.284s] Level 1:colcon.colcon_core.package_identification:_identify(src/realsense-ros/realsense2_camera) by extension 'ros'
[1.316s] DEBUG:colcon.colcon_core.package_identification:Package 'src/realsense-ros/realsense2_camera' with type 'ros.ament_cmake' and name 'realsense2_camera'
[1.316s] Level 1:colcon.colcon_core.package_identification:_identify(src/realsense-ros/realsense2_camera_msgs) by extensions ['ignore', 'ignore_ament_install']
[1.317s] Level 1:colcon.colcon_core.package_identification:_identify(src/realsense-ros/realsense2_camera_msgs) by extension 'ignore'
[1.317s] Level 1:colcon.colcon_core.package_identification:_identify(src/realsense-ros/realsense2_camera_msgs) by extension 'ignore_ament_install'
[1.317s] Level 1:colcon.colcon_core.package_identification:_identify(src/realsense-ros/realsense2_camera_msgs) by extensions ['colcon_pkg']
[1.317s] Level 1:colcon.colcon_core.package_identification:_identify(src/realsense-ros/realsense2_camera_msgs) by extension 'colcon_pkg'
[1.318s] Level 1:colcon.colcon_core.package_identification:_identify(src/realsense-ros/realsense2_camera_msgs) by extensions ['colcon_meta']
[1.318s] Level 1:colcon.colcon_core.package_identification:_identify(src/realsense-ros/realsense2_camera_msgs) by extension 'colcon_meta'
[1.318s] Level 1:colcon.colcon_core.package_identification:_identify(src/realsense-ros/realsense2_camera_msgs) by extensions ['ros']
[1.318s] Level 1:colcon.colcon_core.package_identification:_identify(src/realsense-ros/realsense2_camera_msgs) by extension 'ros'
[1.354s] DEBUG:colcon.colcon_core.package_identification:Package 'src/realsense-ros/realsense2_camera_msgs' with type 'ros.ament_cmake' and name 'realsense2_camera_msgs'
[1.355s] Level 1:colcon.colcon_core.package_identification:_identify(src/realsense-ros/realsense2_description) by extensions ['ignore', 'ignore_ament_install']
[1.355s] Level 1:colcon.colcon_core.package_identification:_identify(src/realsense-ros/realsense2_description) by extension 'ignore'
[1.355s] Level 1:colcon.colcon_core.package_identification:_identify(src/realsense-ros/realsense2_description) by extension 'ignore_ament_install'
[1.356s] Level 1:colcon.colcon_core.package_identification:_identify(src/realsense-ros/realsense2_description) by extensions ['colcon_pkg']
[1.356s] Level 1:colcon.colcon_core.package_identification:_identify(src/realsense-ros/realsense2_description) by extension 'colcon_pkg'
[1.356s] Level 1:colcon.colcon_core.package_identification:_identify(src/realsense-ros/realsense2_description) by extensions ['colcon_meta']
[1.356s] Level 1:colcon.colcon_core.package_identification:_identify(src/realsense-ros/realsense2_description) by extension 'colcon_meta'
[1.356s] Level 1:colcon.colcon_core.package_identification:_identify(src/realsense-ros/realsense2_description) by extensions ['ros']
[1.356s] Level 1:colcon.colcon_core.package_identification:_identify(src/realsense-ros/realsense2_description) by extension 'ros'
[1.359s] DEBUG:colcon.colcon_core.package_identification:Package 'src/realsense-ros/realsense2_description' with type 'ros.ament_cmake' and name 'realsense2_description'
[1.360s] Level 1:colcon.colcon_core.package_identification:_identify(src/realsense-ros/scripts) by extensions ['ignore', 'ignore_ament_install']
[1.360s] Level 1:colcon.colcon_core.package_identification:_identify(src/realsense-ros/scripts) by extension 'ignore'
[1.360s] Level 1:colcon.colcon_core.package_identification:_identify(src/realsense-ros/scripts) by extension 'ignore_ament_install'
[1.361s] Level 1:colcon.colcon_core.package_identification:_identify(src/realsense-ros/scripts) by extensions ['colcon_pkg']
[1.361s] Level 1:colcon.colcon_core.package_identification:_identify(src/realsense-ros/scripts) by extension 'colcon_pkg'
[1.361s] Level 1:colcon.colcon_core.package_identification:_identify(src/realsense-ros/scripts) by extensions ['colcon_meta']
[1.361s] Level 1:colcon.colcon_core.package_identification:_identify(src/realsense-ros/scripts) by extension 'colcon_meta'
[1.361s] Level 1:colcon.colcon_core.package_identification:_identify(src/realsense-ros/scripts) by extensions ['ros']
[1.361s] Level 1:colcon.colcon_core.package_identification:_identify(src/realsense-ros/scripts) by extension 'ros'
[1.362s] Level 1:colcon.colcon_core.package_identification:_identify(src/realsense-ros/scripts) by extensions ['cmake', 'python']
[1.362s] Level 1:colcon.colcon_core.package_identification:_identify(src/realsense-ros/scripts) by extension 'cmake'
[1.362s] Level 1:colcon.colcon_core.package_identification:_identify(src/realsense-ros/scripts) by extension 'python'
[1.362s] Level 1:colcon.colcon_core.package_identification:_identify(src/realsense-ros/scripts) by extensions ['python_setup_py']
[1.362s] Level 1:colcon.colcon_core.package_identification:_identify(src/realsense-ros/scripts) by extension 'python_setup_py'
[1.363s] Level 1:colcon.colcon_core.package_discovery:discover_packages(recursive) using defaults
[1.363s] Level 1:colcon.colcon_core.package_discovery:discover_packages(ignore) discover
[1.363s] Level 1:colcon.colcon_core.package_discovery:discover_packages(ignore) using defaults
[1.363s] Level 1:colcon.colcon_core.package_discovery:discover_packages(path) discover
[1.363s] Level 1:colcon.colcon_core.package_discovery:discover_packages(path) using defaults
[1.438s] Level 1:colcon.colcon_core.package_discovery:discover_packages(prefix_path) check parameters
[1.438s] Level 1:colcon.colcon_core.package_discovery:discover_packages(prefix_path) discover
[1.452s] DEBUG:colcon.colcon_installed_package_information.package_discovery:Found 274 installed packages in /opt/ros/humble
[1.458s] Level 1:colcon.colcon_core.package_discovery:discover_packages(prefix_path) using defaults
[1.617s] Level 5:colcon.colcon_core.verb:set package 'realsense2_camera_msgs' build argument 'cmake_args' from command line to 'None'
[1.618s] Level 5:colcon.colcon_core.verb:set package 'realsense2_camera_msgs' build argument 'cmake_target' from command line to 'None'
[1.618s] Level 5:colcon.colcon_core.verb:set package 'realsense2_camera_msgs' build argument 'cmake_target_skip_unavailable' from command line to 'False'
[1.618s] Level 5:colcon.colcon_core.verb:set package 'realsense2_camera_msgs' build argument 'cmake_clean_cache' from command line to 'False'
[1.618s] Level 5:colcon.colcon_core.verb:set package 'realsense2_camera_msgs' build argument 'cmake_clean_first' from command line to 'False'
[1.618s] Level 5:colcon.colcon_core.verb:set package 'realsense2_camera_msgs' build argument 'cmake_force_configure' from command line to 'False'
[1.618s] Level 5:colcon.colcon_core.verb:set package 'realsense2_camera_msgs' build argument 'ament_cmake_args' from command line to 'None'
[1.618s] Level 5:colcon.colcon_core.verb:set package 'realsense2_camera_msgs' build argument 'catkin_cmake_args' from command line to 'None'
[1.618s] Level 5:colcon.colcon_core.verb:set package 'realsense2_camera_msgs' build argument 'catkin_skip_building_tests' from command line to 'False'
[1.618s] DEBUG:colcon.colcon_core.verb:Building package 'realsense2_camera_msgs' with the following arguments: {'ament_cmake_args': None, 'build_base': '/home/king/stream_ws/build/realsense2_camera_msgs', 'catkin_cmake_args': None, 'catkin_skip_building_tests': False, 'cmake_args': None, 'cmake_clean_cache': False, 'cmake_clean_first': False, 'cmake_force_configure': False, 'cmake_target': None, 'cmake_target_skip_unavailable': False, 'install_base': '/home/king/stream_ws/install/realsense2_camera_msgs', 'merge_install': False, 'path': '/home/king/stream_ws/src/realsense-ros/realsense2_camera_msgs', 'symlink_install': False, 'test_result_base': None}
[1.620s] Level 5:colcon.colcon_core.verb:set package 'realsense2_camera' build argument 'cmake_args' from command line to 'None'
[1.620s] Level 5:colcon.colcon_core.verb:set package 'realsense2_camera' build argument 'cmake_target' from command line to 'None'
[1.620s] Level 5:colcon.colcon_core.verb:set package 'realsense2_camera' build argument 'cmake_target_skip_unavailable' from command line to 'False'
[1.620s] Level 5:colcon.colcon_core.verb:set package 'realsense2_camera' build argument 'cmake_clean_cache' from command line to 'False'
[1.620s] Level 5:colcon.colcon_core.verb:set package 'realsense2_camera' build argument 'cmake_clean_first' from command line to 'False'
[1.620s] Level 5:colcon.colcon_core.verb:set package 'realsense2_camera' build argument 'cmake_force_configure' from command line to 'False'
[1.621s] Level 5:colcon.colcon_core.verb:set package 'realsense2_camera' build argument 'ament_cmake_args' from command line to 'None'
[1.621s] Level 5:colcon.colcon_core.verb:set package 'realsense2_camera' build argument 'catkin_cmake_args' from command line to 'None'
[1.621s] Level 5:colcon.colcon_core.verb:set package 'realsense2_camera' build argument 'catkin_skip_building_tests' from command line to 'False'
[1.621s] DEBUG:colcon.colcon_core.verb:Building package 'realsense2_camera' with the following arguments: {'ament_cmake_args': None, 'build_base': '/home/king/stream_ws/build/realsense2_camera', 'catkin_cmake_args': None, 'catkin_skip_building_tests': False, 'cmake_args': None, 'cmake_clean_cache': False, 'cmake_clean_first': False, 'cmake_force_configure': False, 'cmake_target': None, 'cmake_target_skip_unavailable': False, 'install_base': '/home/king/stream_ws/install/realsense2_camera', 'merge_install': False, 'path': '/home/king/stream_ws/src/realsense-ros/realsense2_camera', 'symlink_install': False, 'test_result_base': None}
[1.622s] Level 5:colcon.colcon_core.verb:set package 'realsense2_description' build argument 'cmake_args' from command line to 'None'
[1.622s] Level 5:colcon.colcon_core.verb:set package 'realsense2_description' build argument 'cmake_target' from command line to 'None'
[1.623s] Level 5:colcon.colcon_core.verb:set package 'realsense2_description' build argument 'cmake_target_skip_unavailable' from command line to 'False'
[1.623s] Level 5:colcon.colcon_core.verb:set package 'realsense2_description' build argument 'cmake_clean_cache' from command line to 'False'
[1.623s] Level 5:colcon.colcon_core.verb:set package 'realsense2_description' build argument 'cmake_clean_first' from command line to 'False'
[1.623s] Level 5:colcon.colcon_core.verb:set package 'realsense2_description' build argument 'cmake_force_configure' from command line to 'False'
[1.623s] Level 5:colcon.colcon_core.verb:set package 'realsense2_description' build argument 'ament_cmake_args' from command line to 'None'
[1.623s] Level 5:colcon.colcon_core.verb:set package 'realsense2_description' build argument 'catkin_cmake_args' from command line to 'None'
[1.623s] Level 5:colcon.colcon_core.verb:set package 'realsense2_description' build argument 'catkin_skip_building_tests' from command line to 'False'
[1.623s] DEBUG:colcon.colcon_core.verb:Building package 'realsense2_description' with the following arguments: {'ament_cmake_args': None, 'build_base': '/home/king/stream_ws/build/realsense2_description', 'catkin_cmake_args': None, 'catkin_skip_building_tests': False, 'cmake_args': None, 'cmake_clean_cache': False, 'cmake_clean_first': False, 'cmake_force_configure': False, 'cmake_target': None, 'cmake_target_skip_unavailable': False, 'install_base': '/home/king/stream_ws/install/realsense2_description', 'merge_install': False, 'path': '/home/king/stream_ws/src/realsense-ros/realsense2_description', 'symlink_install': False, 'test_result_base': None}
[1.624s] INFO:colcon.colcon_core.executor:Executing jobs using 'parallel' executor
[1.627s] DEBUG:colcon.colcon_parallel_executor.executor.parallel:run_until_complete
[1.627s] INFO:colcon.colcon_ros.task.ament_cmake.build:Building ROS package in '/home/king/stream_ws/src/realsense-ros/realsense2_camera_msgs' with build type 'ament_cmake'
[1.628s] INFO:colcon.colcon_cmake.task.cmake.build:Building CMake package in '/home/king/stream_ws/src/realsense-ros/realsense2_camera_msgs'
[1.636s] INFO:colcon.colcon_core.plugin_system:Skipping extension 'colcon_core.shell.bat': Not used on non-Windows systems
[1.637s] INFO:colcon.colcon_core.shell:Skip shell extension 'powershell' for command environment: Not usable outside of PowerShell
[1.637s] DEBUG:colcon.colcon_core.shell:Skip shell extension 'dsv' for command environment
[1.672s] DEBUG:colcon.colcon_core.event_handler.log_command:Invoking command in '/home/king/stream_ws/build/realsense2_camera_msgs': /usr/bin/cmake --build /home/king/stream_ws/build/realsense2_camera_msgs -- -j4 -l4
[3.355s] DEBUG:colcon.colcon_core.event_handler.log_command:Invoked command in '/home/king/stream_ws/build/realsense2_camera_msgs' returned '0': /usr/bin/cmake --build /home/king/stream_ws/build/realsense2_camera_msgs -- -j4 -l4
[3.393s] DEBUG:colcon.colcon_core.event_handler.log_command:Invoking command in '/home/king/stream_ws/build/realsense2_camera_msgs': /usr/bin/cmake --install /home/king/stream_ws/build/realsense2_camera_msgs
[3.694s] Level 1:colcon.colcon_core.environment:create_environment_scripts_only(realsense2_camera_msgs)
[3.696s] DEBUG:colcon.colcon_core.event_handler.log_command:Invoked command in '/home/king/stream_ws/build/realsense2_camera_msgs' returned '0': /usr/bin/cmake --install /home/king/stream_ws/build/realsense2_camera_msgs
[3.705s] Level 1:colcon.colcon_core.environment:checking '/home/king/stream_ws/install/realsense2_camera_msgs' for CMake module files
[3.709s] Level 1:colcon.colcon_core.environment:checking '/home/king/stream_ws/install/realsense2_camera_msgs' for CMake config files
[3.712s] Level 1:colcon.colcon_core.shell:create_environment_hook('realsense2_camera_msgs', 'cmake_prefix_path')
[3.713s] INFO:colcon.colcon_core.shell:Creating environment hook '/home/king/stream_ws/install/realsense2_camera_msgs/share/realsense2_camera_msgs/hook/cmake_prefix_path.ps1'
[3.716s] INFO:colcon.colcon_core.shell:Creating environment descriptor '/home/king/stream_ws/install/realsense2_camera_msgs/share/realsense2_camera_msgs/hook/cmake_prefix_path.dsv'
[3.718s] INFO:colcon.colcon_core.shell:Creating environment hook '/home/king/stream_ws/install/realsense2_camera_msgs/share/realsense2_camera_msgs/hook/cmake_prefix_path.sh'
[3.722s] Level 1:colcon.colcon_core.environment:checking '/home/king/stream_ws/install/realsense2_camera_msgs/lib'
[3.723s] Level 1:colcon.colcon_core.shell:create_environment_hook('realsense2_camera_msgs', 'ld_library_path_lib')
[3.724s] INFO:colcon.colcon_core.shell:Creating environment hook '/home/king/stream_ws/install/realsense2_camera_msgs/share/realsense2_camera_msgs/hook/ld_library_path_lib.ps1'
[3.725s] INFO:colcon.colcon_core.shell:Creating environment descriptor '/home/king/stream_ws/install/realsense2_camera_msgs/share/realsense2_camera_msgs/hook/ld_library_path_lib.dsv'
[3.727s] INFO:colcon.colcon_core.shell:Creating environment hook '/home/king/stream_ws/install/realsense2_camera_msgs/share/realsense2_camera_msgs/hook/ld_library_path_lib.sh'
[3.729s] Level 1:colcon.colcon_core.environment:checking '/home/king/stream_ws/install/realsense2_camera_msgs/bin'
[3.729s] Level 1:colcon.colcon_core.environment:checking '/home/king/stream_ws/install/realsense2_camera_msgs/lib/pkgconfig/realsense2_camera_msgs.pc'
[3.730s] Level 1:colcon.colcon_core.environment:checking '/home/king/stream_ws/install/realsense2_camera_msgs/lib/python3.10/site-packages'
[3.731s] Level 1:colcon.colcon_core.environment:checking '/home/king/stream_ws/install/realsense2_camera_msgs/bin'
[3.732s] INFO:colcon.colcon_core.shell:Creating package script '/home/king/stream_ws/install/realsense2_camera_msgs/share/realsense2_camera_msgs/package.ps1'
[3.736s] INFO:colcon.colcon_core.shell:Creating package descriptor '/home/king/stream_ws/install/realsense2_camera_msgs/share/realsense2_camera_msgs/package.dsv'
[3.739s] INFO:colcon.colcon_core.shell:Creating package script '/home/king/stream_ws/install/realsense2_camera_msgs/share/realsense2_camera_msgs/package.sh'
[3.742s] INFO:colcon.colcon_core.shell:Creating package script '/home/king/stream_ws/install/realsense2_camera_msgs/share/realsense2_camera_msgs/package.bash'
[3.745s] INFO:colcon.colcon_core.shell:Creating package script '/home/king/stream_ws/install/realsense2_camera_msgs/share/realsense2_camera_msgs/package.zsh'
[3.748s] Level 1:colcon.colcon_core.environment:create_file_with_runtime_dependencies(/home/king/stream_ws/install/realsense2_camera_msgs/share/colcon-core/packages/realsense2_camera_msgs)
[3.751s] Level 1:colcon.colcon_core.environment:create_environment_scripts_only(realsense2_camera_msgs)
[3.752s] Level 1:colcon.colcon_core.environment:checking '/home/king/stream_ws/install/realsense2_camera_msgs' for CMake module files
[3.756s] Level 1:colcon.colcon_core.environment:checking '/home/king/stream_ws/install/realsense2_camera_msgs' for CMake config files
[3.759s] Level 1:colcon.colcon_core.shell:create_environment_hook('realsense2_camera_msgs', 'cmake_prefix_path')
[3.760s] INFO:colcon.colcon_core.shell:Creating environment hook '/home/king/stream_ws/install/realsense2_camera_msgs/share/realsense2_camera_msgs/hook/cmake_prefix_path.ps1'
[3.762s] INFO:colcon.colcon_core.shell:Creating environment descriptor '/home/king/stream_ws/install/realsense2_camera_msgs/share/realsense2_camera_msgs/hook/cmake_prefix_path.dsv'
[3.764s] INFO:colcon.colcon_core.shell:Creating environment hook '/home/king/stream_ws/install/realsense2_camera_msgs/share/realsense2_camera_msgs/hook/cmake_prefix_path.sh'
[3.766s] Level 1:colcon.colcon_core.environment:checking '/home/king/stream_ws/install/realsense2_camera_msgs/lib'
[3.767s] Level 1:colcon.colcon_core.shell:create_environment_hook('realsense2_camera_msgs', 'ld_library_path_lib')
[3.767s] INFO:colcon.colcon_core.shell:Creating environment hook '/home/king/stream_ws/install/realsense2_camera_msgs/share/realsense2_camera_msgs/hook/ld_library_path_lib.ps1'
[3.770s] INFO:colcon.colcon_core.shell:Creating environment descriptor '/home/king/stream_ws/install/realsense2_camera_msgs/share/realsense2_camera_msgs/hook/ld_library_path_lib.dsv'
[3.771s] INFO:colcon.colcon_core.shell:Creating environment hook '/home/king/stream_ws/install/realsense2_camera_msgs/share/realsense2_camera_msgs/hook/ld_library_path_lib.sh'
[3.773s] Level 1:colcon.colcon_core.environment:checking '/home/king/stream_ws/install/realsense2_camera_msgs/bin'
[3.774s] Level 1:colcon.colcon_core.environment:checking '/home/king/stream_ws/install/realsense2_camera_msgs/lib/pkgconfig/realsense2_camera_msgs.pc'
[3.774s] Level 1:colcon.colcon_core.environment:checking '/home/king/stream_ws/install/realsense2_camera_msgs/lib/python3.10/site-packages'
[3.775s] Level 1:colcon.colcon_core.environment:checking '/home/king/stream_ws/install/realsense2_camera_msgs/bin'
[3.777s] INFO:colcon.colcon_core.shell:Creating package script '/home/king/stream_ws/install/realsense2_camera_msgs/share/realsense2_camera_msgs/package.ps1'
[3.779s] INFO:colcon.colcon_core.shell:Creating package descriptor '/home/king/stream_ws/install/realsense2_camera_msgs/share/realsense2_camera_msgs/package.dsv'
[3.781s] INFO:colcon.colcon_core.shell:Creating package script '/home/king/stream_ws/install/realsense2_camera_msgs/share/realsense2_camera_msgs/package.sh'
[3.784s] INFO:colcon.colcon_core.shell:Creating package script '/home/king/stream_ws/install/realsense2_camera_msgs/share/realsense2_camera_msgs/package.bash'
[3.786s] INFO:colcon.colcon_core.shell:Creating package script '/home/king/stream_ws/install/realsense2_camera_msgs/share/realsense2_camera_msgs/package.zsh'
[3.788s] Level 1:colcon.colcon_core.environment:create_file_with_runtime_dependencies(/home/king/stream_ws/install/realsense2_camera_msgs/share/colcon-core/packages/realsense2_camera_msgs)
[3.789s] INFO:colcon.colcon_ros.task.ament_cmake.build:Building ROS package in '/home/king/stream_ws/src/realsense-ros/realsense2_camera' with build type 'ament_cmake'
[3.790s] INFO:colcon.colcon_cmake.task.cmake.build:Building CMake package in '/home/king/stream_ws/src/realsense-ros/realsense2_camera'
[3.791s] INFO:colcon.colcon_core.shell:Skip shell extension 'powershell' for command environment: Not usable outside of PowerShell
[3.791s] DEBUG:colcon.colcon_core.shell:Skip shell extension 'dsv' for command environment
[3.806s] INFO:colcon.colcon_ros.task.ament_cmake.build:Building ROS package in '/home/king/stream_ws/src/realsense-ros/realsense2_description' with build type 'ament_cmake'
[3.807s] INFO:colcon.colcon_cmake.task.cmake.build:Building CMake package in '/home/king/stream_ws/src/realsense-ros/realsense2_description'
[3.808s] INFO:colcon.colcon_core.shell:Skip shell extension 'powershell' for command environment: Not usable outside of PowerShell
[3.808s] DEBUG:colcon.colcon_core.shell:Skip shell extension 'dsv' for command environment
[3.841s] DEBUG:colcon.colcon_core.event_handler.log_command:Invoking command in '/home/king/stream_ws/build/realsense2_camera': AMENT_PREFIX_PATH=/home/king/stream_ws/install/realsense2_camera_msgs:${AMENT_PREFIX_PATH} CMAKE_PREFIX_PATH=/home/king/stream_ws/install/realsense2_camera_msgs:/opt/ros/humble LD_LIBRARY_PATH=/home/king/stream_ws/install/realsense2_camera_msgs/lib:${LD_LIBRARY_PATH} PYTHONPATH=/home/king/stream_ws/install/realsense2_camera_msgs/local/lib/python3.10/dist-packages:${PYTHONPATH} /usr/bin/cmake --build /home/king/stream_ws/build/realsense2_camera -- -j4 -l4
[3.862s] DEBUG:colcon.colcon_core.event_handler.log_command:Invoking command in '/home/king/stream_ws/build/realsense2_description': AMENT_PREFIX_PATH=/home/king/stream_ws/install/realsense2_camera_msgs:${AMENT_PREFIX_PATH} CMAKE_PREFIX_PATH=/home/king/stream_ws/install/realsense2_camera_msgs:/opt/ros/humble LD_LIBRARY_PATH=/home/king/stream_ws/install/realsense2_camera_msgs/lib:${LD_LIBRARY_PATH} PYTHONPATH=/home/king/stream_ws/install/realsense2_camera_msgs/local/lib/python3.10/dist-packages:${PYTHONPATH} /usr/bin/cmake --build /home/king/stream_ws/build/realsense2_description -- -j4 -l4
[4.017s] DEBUG:colcon.colcon_core.event_handler.log_command:Invoked command in '/home/king/stream_ws/build/realsense2_description' returned '0': AMENT_PREFIX_PATH=/home/king/stream_ws/install/realsense2_camera_msgs:${AMENT_PREFIX_PATH} CMAKE_PREFIX_PATH=/home/king/stream_ws/install/realsense2_camera_msgs:/opt/ros/humble LD_LIBRARY_PATH=/home/king/stream_ws/install/realsense2_camera_msgs/lib:${LD_LIBRARY_PATH} PYTHONPATH=/home/king/stream_ws/install/realsense2_camera_msgs/local/lib/python3.10/dist-packages:${PYTHONPATH} /usr/bin/cmake --build /home/king/stream_ws/build/realsense2_description -- -j4 -l4
[4.019s] DEBUG:colcon.colcon_core.event_handler.log_command:Invoking command in '/home/king/stream_ws/build/realsense2_description': AMENT_PREFIX_PATH=/home/king/stream_ws/install/realsense2_camera_msgs:${AMENT_PREFIX_PATH} CMAKE_PREFIX_PATH=/home/king/stream_ws/install/realsense2_camera_msgs:/opt/ros/humble LD_LIBRARY_PATH=/home/king/stream_ws/install/realsense2_camera_msgs/lib:${LD_LIBRARY_PATH} PYTHONPATH=/home/king/stream_ws/install/realsense2_camera_msgs/local/lib/python3.10/dist-packages:${PYTHONPATH} /usr/bin/cmake --install /home/king/stream_ws/build/realsense2_description
[4.130s] Level 1:colcon.colcon_core.environment:create_environment_scripts_only(realsense2_description)
[4.131s] Level 1:colcon.colcon_core.environment:checking '/home/king/stream_ws/install/realsense2_description' for CMake module files
[4.139s] DEBUG:colcon.colcon_core.event_handler.log_command:Invoked command in '/home/king/stream_ws/build/realsense2_description' returned '0': AMENT_PREFIX_PATH=/home/king/stream_ws/install/realsense2_camera_msgs:${AMENT_PREFIX_PATH} CMAKE_PREFIX_PATH=/home/king/stream_ws/install/realsense2_camera_msgs:/opt/ros/humble LD_LIBRARY_PATH=/home/king/stream_ws/install/realsense2_camera_msgs/lib:${LD_LIBRARY_PATH} PYTHONPATH=/home/king/stream_ws/install/realsense2_camera_msgs/local/lib/python3.10/dist-packages:${PYTHONPATH} /usr/bin/cmake --install /home/king/stream_ws/build/realsense2_description
[4.140s] Level 1:colcon.colcon_core.environment:checking '/home/king/stream_ws/install/realsense2_description' for CMake config files
[4.141s] Level 1:colcon.colcon_core.shell:create_environment_hook('realsense2_description', 'cmake_prefix_path')
[4.143s] INFO:colcon.colcon_core.shell:Creating environment hook '/home/king/stream_ws/install/realsense2_description/share/realsense2_description/hook/cmake_prefix_path.ps1'
[4.146s] INFO:colcon.colcon_core.shell:Creating environment descriptor '/home/king/stream_ws/install/realsense2_description/share/realsense2_description/hook/cmake_prefix_path.dsv'
[4.148s] INFO:colcon.colcon_core.shell:Creating environment hook '/home/king/stream_ws/install/realsense2_description/share/realsense2_description/hook/cmake_prefix_path.sh'
[4.151s] Level 1:colcon.colcon_core.environment:checking '/home/king/stream_ws/install/realsense2_description/bin'
[4.152s] Level 1:colcon.colcon_core.environment:checking '/home/king/stream_ws/install/realsense2_description/lib/pkgconfig/realsense2_description.pc'
[4.153s] Level 1:colcon.colcon_core.environment:checking '/home/king/stream_ws/install/realsense2_description/lib/python3.10/site-packages'
[4.154s] Level 1:colcon.colcon_core.environment:checking '/home/king/stream_ws/install/realsense2_description/bin'
[4.156s] INFO:colcon.colcon_core.shell:Creating package script '/home/king/stream_ws/install/realsense2_description/share/realsense2_description/package.ps1'
[4.158s] INFO:colcon.colcon_core.shell:Creating package descriptor '/home/king/stream_ws/install/realsense2_description/share/realsense2_description/package.dsv'
[4.161s] INFO:colcon.colcon_core.shell:Creating package script '/home/king/stream_ws/install/realsense2_description/share/realsense2_description/package.sh'
[4.164s] INFO:colcon.colcon_core.shell:Creating package script '/home/king/stream_ws/install/realsense2_description/share/realsense2_description/package.bash'
[4.167s] INFO:colcon.colcon_core.shell:Creating package script '/home/king/stream_ws/install/realsense2_description/share/realsense2_description/package.zsh'
[4.169s] Level 1:colcon.colcon_core.environment:create_file_with_runtime_dependencies(/home/king/stream_ws/install/realsense2_description/share/colcon-core/packages/realsense2_description)
[4.172s] Level 1:colcon.colcon_core.environment:create_environment_scripts_only(realsense2_description)
[4.173s] Level 1:colcon.colcon_core.environment:checking '/home/king/stream_ws/install/realsense2_description' for CMake module files
[4.176s] Level 1:colcon.colcon_core.environment:checking '/home/king/stream_ws/install/realsense2_description' for CMake config files
[4.178s] Level 1:colcon.colcon_core.shell:create_environment_hook('realsense2_description', 'cmake_prefix_path')
[4.179s] INFO:colcon.colcon_core.shell:Creating environment hook '/home/king/stream_ws/install/realsense2_description/share/realsense2_description/hook/cmake_prefix_path.ps1'
[4.181s] INFO:colcon.colcon_core.shell:Creating environment descriptor '/home/king/stream_ws/install/realsense2_description/share/realsense2_description/hook/cmake_prefix_path.dsv'
[4.184s] INFO:colcon.colcon_core.shell:Creating environment hook '/home/king/stream_ws/install/realsense2_description/share/realsense2_description/hook/cmake_prefix_path.sh'
[4.187s] Level 1:colcon.colcon_core.environment:checking '/home/king/stream_ws/install/realsense2_description/bin'
[4.187s] Level 1:colcon.colcon_core.environment:checking '/home/king/stream_ws/install/realsense2_description/lib/pkgconfig/realsense2_description.pc'
[4.188s] Level 1:colcon.colcon_core.environment:checking '/home/king/stream_ws/install/realsense2_description/lib/python3.10/site-packages'
[4.189s] Level 1:colcon.colcon_core.environment:checking '/home/king/stream_ws/install/realsense2_description/bin'
[4.190s] INFO:colcon.colcon_core.shell:Creating package script '/home/king/stream_ws/install/realsense2_description/share/realsense2_description/package.ps1'
[4.194s] INFO:colcon.colcon_core.shell:Creating package descriptor '/home/king/stream_ws/install/realsense2_description/share/realsense2_description/package.dsv'
[4.196s] INFO:colcon.colcon_core.shell:Creating package script '/home/king/stream_ws/install/realsense2_description/share/realsense2_description/package.sh'
[4.199s] INFO:colcon.colcon_core.shell:Creating package script '/home/king/stream_ws/install/realsense2_description/share/realsense2_description/package.bash'
[4.202s] INFO:colcon.colcon_core.shell:Creating package script '/home/king/stream_ws/install/realsense2_description/share/realsense2_description/package.zsh'
[4.205s] Level 1:colcon.colcon_core.environment:create_file_with_runtime_dependencies(/home/king/stream_ws/install/realsense2_description/share/colcon-core/packages/realsense2_description)
[4.266s] DEBUG:colcon.colcon_core.event_handler.log_command:Invoked command in '/home/king/stream_ws/build/realsense2_camera' returned '0': AMENT_PREFIX_PATH=/home/king/stream_ws/install/realsense2_camera_msgs:${AMENT_PREFIX_PATH} CMAKE_PREFIX_PATH=/home/king/stream_ws/install/realsense2_camera_msgs:/opt/ros/humble LD_LIBRARY_PATH=/home/king/stream_ws/install/realsense2_camera_msgs/lib:${LD_LIBRARY_PATH} PYTHONPATH=/home/king/stream_ws/install/realsense2_camera_msgs/local/lib/python3.10/dist-packages:${PYTHONPATH} /usr/bin/cmake --build /home/king/stream_ws/build/realsense2_camera -- -j4 -l4
[4.276s] DEBUG:colcon.colcon_core.event_handler.log_command:Invoking command in '/home/king/stream_ws/build/realsense2_camera': AMENT_PREFIX_PATH=/home/king/stream_ws/install/realsense2_camera_msgs:${AMENT_PREFIX_PATH} CMAKE_PREFIX_PATH=/home/king/stream_ws/install/realsense2_camera_msgs:/opt/ros/humble LD_LIBRARY_PATH=/home/king/stream_ws/install/realsense2_camera_msgs/lib:${LD_LIBRARY_PATH} PYTHONPATH=/home/king/stream_ws/install/realsense2_camera_msgs/local/lib/python3.10/dist-packages:${PYTHONPATH} /usr/bin/cmake --install /home/king/stream_ws/build/realsense2_camera
[4.334s] Level 1:colcon.colcon_core.environment:create_environment_scripts_only(realsense2_camera)
[4.335s] Level 1:colcon.colcon_core.environment:checking '/home/king/stream_ws/install/realsense2_camera' for CMake module files
[4.337s] DEBUG:colcon.colcon_core.event_handler.log_command:Invoked command in '/home/king/stream_ws/build/realsense2_camera' returned '0': AMENT_PREFIX_PATH=/home/king/stream_ws/install/realsense2_camera_msgs:${AMENT_PREFIX_PATH} CMAKE_PREFIX_PATH=/home/king/stream_ws/install/realsense2_camera_msgs:/opt/ros/humble LD_LIBRARY_PATH=/home/king/stream_ws/install/realsense2_camera_msgs/lib:${LD_LIBRARY_PATH} PYTHONPATH=/home/king/stream_ws/install/realsense2_camera_msgs/local/lib/python3.10/dist-packages:${PYTHONPATH} /usr/bin/cmake --install /home/king/stream_ws/build/realsense2_camera
[4.339s] Level 1:colcon.colcon_core.environment:checking '/home/king/stream_ws/install/realsense2_camera' for CMake config files
[4.343s] Level 1:colcon.colcon_core.shell:create_environment_hook('realsense2_camera', 'cmake_prefix_path')
[4.344s] INFO:colcon.colcon_core.shell:Creating environment hook '/home/king/stream_ws/install/realsense2_camera/share/realsense2_camera/hook/cmake_prefix_path.ps1'
[4.346s] INFO:colcon.colcon_core.shell:Creating environment descriptor '/home/king/stream_ws/install/realsense2_camera/share/realsense2_camera/hook/cmake_prefix_path.dsv'
[4.348s] INFO:colcon.colcon_core.shell:Creating environment hook '/home/king/stream_ws/install/realsense2_camera/share/realsense2_camera/hook/cmake_prefix_path.sh'
[4.350s] Level 1:colcon.colcon_core.environment:checking '/home/king/stream_ws/install/realsense2_camera/lib'
[4.351s] Level 1:colcon.colcon_core.shell:create_environment_hook('realsense2_camera', 'ld_library_path_lib')
[4.352s] INFO:colcon.colcon_core.shell:Creating environment hook '/home/king/stream_ws/install/realsense2_camera/share/realsense2_camera/hook/ld_library_path_lib.ps1'
[4.353s] INFO:colcon.colcon_core.shell:Creating environment descriptor '/home/king/stream_ws/install/realsense2_camera/share/realsense2_camera/hook/ld_library_path_lib.dsv'
[4.355s] INFO:colcon.colcon_core.shell:Creating environment hook '/home/king/stream_ws/install/realsense2_camera/share/realsense2_camera/hook/ld_library_path_lib.sh'
[4.357s] Level 1:colcon.colcon_core.environment:checking '/home/king/stream_ws/install/realsense2_camera/bin'
[4.358s] Level 1:colcon.colcon_core.environment:checking '/home/king/stream_ws/install/realsense2_camera/lib/pkgconfig/realsense2_camera.pc'
[4.358s] Level 1:colcon.colcon_core.environment:checking '/home/king/stream_ws/install/realsense2_camera/lib/python3.10/site-packages'
[4.359s] Level 1:colcon.colcon_core.environment:checking '/home/king/stream_ws/install/realsense2_camera/bin'
[4.361s] INFO:colcon.colcon_core.shell:Creating package script '/home/king/stream_ws/install/realsense2_camera/share/realsense2_camera/package.ps1'
[4.363s] INFO:colcon.colcon_core.shell:Creating package descriptor '/home/king/stream_ws/install/realsense2_camera/share/realsense2_camera/package.dsv'
[4.365s] INFO:colcon.colcon_core.shell:Creating package script '/home/king/stream_ws/install/realsense2_camera/share/realsense2_camera/package.sh'
[4.367s] INFO:colcon.colcon_core.shell:Creating package script '/home/king/stream_ws/install/realsense2_camera/share/realsense2_camera/package.bash'
[4.369s] INFO:colcon.colcon_core.shell:Creating package script '/home/king/stream_ws/install/realsense2_camera/share/realsense2_camera/package.zsh'
[4.371s] Level 1:colcon.colcon_core.environment:create_file_with_runtime_dependencies(/home/king/stream_ws/install/realsense2_camera/share/colcon-core/packages/realsense2_camera)
[4.373s] Level 1:colcon.colcon_core.environment:create_environment_scripts_only(realsense2_camera)
[4.375s] Level 1:colcon.colcon_core.environment:checking '/home/king/stream_ws/install/realsense2_camera' for CMake module files
[4.377s] Level 1:colcon.colcon_core.environment:checking '/home/king/stream_ws/install/realsense2_camera' for CMake config files
[4.380s] Level 1:colcon.colcon_core.shell:create_environment_hook('realsense2_camera', 'cmake_prefix_path')
[4.381s] INFO:colcon.colcon_core.shell:Creating environment hook '/home/king/stream_ws/install/realsense2_camera/share/realsense2_camera/hook/cmake_prefix_path.ps1'
[4.383s] INFO:colcon.colcon_core.shell:Creating environment descriptor '/home/king/stream_ws/install/realsense2_camera/share/realsense2_camera/hook/cmake_prefix_path.dsv'
[4.385s] INFO:colcon.colcon_core.shell:Creating environment hook '/home/king/stream_ws/install/realsense2_camera/share/realsense2_camera/hook/cmake_prefix_path.sh'
[4.387s] Level 1:colcon.colcon_core.environment:checking '/home/king/stream_ws/install/realsense2_camera/lib'
[4.388s] Level 1:colcon.colcon_core.shell:create_environment_hook('realsense2_camera', 'ld_library_path_lib')
[4.388s] INFO:colcon.colcon_core.shell:Creating environment hook '/home/king/stream_ws/install/realsense2_camera/share/realsense2_camera/hook/ld_library_path_lib.ps1'
[4.390s] INFO:colcon.colcon_core.shell:Creating environment descriptor '/home/king/stream_ws/install/realsense2_camera/share/realsense2_camera/hook/ld_library_path_lib.dsv'
[4.392s] INFO:colcon.colcon_core.shell:Creating environment hook '/home/king/stream_ws/install/realsense2_camera/share/realsense2_camera/hook/ld_library_path_lib.sh'
[4.394s] Level 1:colcon.colcon_core.environment:checking '/home/king/stream_ws/install/realsense2_camera/bin'
[4.394s] Level 1:colcon.colcon_core.environment:checking '/home/king/stream_ws/install/realsense2_camera/lib/pkgconfig/realsense2_camera.pc'
[4.395s] Level 1:colcon.colcon_core.environment:checking '/home/king/stream_ws/install/realsense2_camera/lib/python3.10/site-packages'
[4.396s] Level 1:colcon.colcon_core.environment:checking '/home/king/stream_ws/install/realsense2_camera/bin'
[4.397s] INFO:colcon.colcon_core.shell:Creating package script '/home/king/stream_ws/install/realsense2_camera/share/realsense2_camera/package.ps1'
[4.399s] INFO:colcon.colcon_core.shell:Creating package descriptor '/home/king/stream_ws/install/realsense2_camera/share/realsense2_camera/package.dsv'
[4.402s] INFO:colcon.colcon_core.shell:Creating package script '/home/king/stream_ws/install/realsense2_camera/share/realsense2_camera/package.sh'
[4.404s] INFO:colcon.colcon_core.shell:Creating package script '/home/king/stream_ws/install/realsense2_camera/share/realsense2_camera/package.bash'
[4.406s] INFO:colcon.colcon_core.shell:Creating package script '/home/king/stream_ws/install/realsense2_camera/share/realsense2_camera/package.zsh'
[4.408s] Level 1:colcon.colcon_core.environment:create_file_with_runtime_dependencies(/home/king/stream_ws/install/realsense2_camera/share/colcon-core/packages/realsense2_camera)
[4.409s] DEBUG:colcon.colcon_parallel_executor.executor.parallel:closing loop
[4.410s] DEBUG:colcon.colcon_parallel_executor.executor.parallel:loop closed
[4.410s] DEBUG:colcon.colcon_parallel_executor.executor.parallel:run_until_complete finished with '0'
[4.411s] DEBUG:colcon.colcon_core.event_reactor:joining thread
[4.433s] INFO:colcon.colcon_core.plugin_system:Skipping extension 'colcon_notification.desktop_notification.notify_send': Could not find 'notify-send'
[4.433s] INFO:colcon.colcon_core.plugin_system:Skipping extension 'colcon_notification.desktop_notification.terminal_notifier': Not used on non-Darwin systems
[4.433s] INFO:colcon.colcon_core.plugin_system:Skipping extension 'colcon_notification.desktop_notification.win32': Not used on non-Windows systems
[4.433s] INFO:colcon.colcon_notification.desktop_notification:Sending desktop notification using 'notify2'
[4.436s] DEBUG:colcon.colcon_notification.desktop_notification.notify2:Failed to initialize notify2: org.freedesktop.DBus.Error.ServiceUnknown: The name org.freedesktop.Notifications was not provided by any .service files
[4.436s] DEBUG:colcon.colcon_core.event_reactor:joined thread
[4.437s] INFO:colcon.colcon_core.shell:Creating prefix script '/home/king/stream_ws/install/local_setup.ps1'
[4.441s] INFO:colcon.colcon_core.shell:Creating prefix util module '/home/king/stream_ws/install/_local_setup_util_ps1.py'
[4.447s] INFO:colcon.colcon_core.shell:Creating prefix chain script '/home/king/stream_ws/install/setup.ps1'
[4.453s] INFO:colcon.colcon_core.shell:Creating prefix script '/home/king/stream_ws/install/local_setup.sh'
[4.455s] INFO:colcon.colcon_core.shell:Creating prefix util module '/home/king/stream_ws/install/_local_setup_util_sh.py'
[4.458s] INFO:colcon.colcon_core.shell:Creating prefix chain script '/home/king/stream_ws/install/setup.sh'
[4.462s] INFO:colcon.colcon_core.shell:Creating prefix script '/home/king/stream_ws/install/local_setup.bash'
[4.464s] INFO:colcon.colcon_core.shell:Creating prefix chain script '/home/king/stream_ws/install/setup.bash'
[4.468s] INFO:colcon.colcon_core.shell:Creating prefix script '/home/king/stream_ws/install/local_setup.zsh'
[4.470s] INFO:colcon.colcon_core.shell:Creating prefix chain script '/home/king/stream_ws/install/setup.zsh'
