[0.817s] DEBUG:colcon:Command line arguments: ['/usr/bin/colcon', 'build']
[0.817s] DEBUG:colcon:Parsed command line arguments: Namespace(log_base=None, log_level=None, verb_name='build', build_base='build', install_base='install', merge_install=False, symlink_install=False, test_result_base=None, continue_on_error=False, executor='parallel', parallel_workers=4, event_handlers=None, ignore_user_meta=False, metas=['./colcon.meta'], base_paths=['.'], packages_ignore=None, packages_ignore_regex=None, paths=None, packages_up_to=None, packages_up_to_regex=None, packages_above=None, packages_above_and_dependencies=None, packages_above_depth=None, packages_select_by_dep=None, packages_skip_by_dep=None, packages_skip_up_to=None, packages_select_build_failed=False, packages_skip_build_finished=False, packages_select_test_failures=False, packages_skip_test_passed=False, packages_select=None, packages_skip=None, packages_select_regex=None, packages_skip_regex=None, packages_start=None, packages_end=None, allow_overriding=[], cmake_args=None, cmake_target=None, cmake_target_skip_unavailable=False, cmake_clean_cache=False, cmake_clean_first=False, cmake_force_configure=False, ament_cmake_args=None, catkin_cmake_args=None, catkin_skip_building_tests=False, mixin_files=None, mixin=None, verb_parser=<colcon_mixin.mixin.mixin_argument.MixinArgumentDecorator object at 0xffff7f4ed480>, verb_extension=<colcon_core.verb.build.BuildVerb object at 0xffff7f66add0>, main=<bound method BuildVerb.main of <colcon_core.verb.build.BuildVerb object at 0xffff7f66add0>>, mixin_verb=('build',))
[1.945s] Level 1:colcon.colcon_core.package_discovery:discover_packages(colcon_meta) check parameters
[1.946s] Level 1:colcon.colcon_core.package_discovery:discover_packages(recursive) check parameters
[1.946s] Level 1:colcon.colcon_core.package_discovery:discover_packages(ignore) check parameters
[1.946s] Level 1:colcon.colcon_core.package_discovery:discover_packages(path) check parameters
[1.946s] Level 1:colcon.colcon_core.package_discovery:discover_packages(colcon_meta) discover
[1.946s] Level 1:colcon.colcon_core.package_discovery:discover_packages(recursive) discover
[1.947s] INFO:colcon.colcon_core.package_discovery:Crawling recursively for packages in '/home/king/stream_ws'
[1.947s] Level 1:colcon.colcon_core.package_identification:_identify(.) by extensions ['ignore', 'ignore_ament_install']
[1.947s] Level 1:colcon.colcon_core.package_identification:_identify(.) by extension 'ignore'
[1.948s] Level 1:colcon.colcon_core.package_identification:_identify(.) by extension 'ignore_ament_install'
[1.948s] Level 1:colcon.colcon_core.package_identification:_identify(.) by extensions ['colcon_pkg']
[1.948s] Level 1:colcon.colcon_core.package_identification:_identify(.) by extension 'colcon_pkg'
[1.948s] Level 1:colcon.colcon_core.package_identification:_identify(.) by extensions ['colcon_meta']
[1.948s] Level 1:colcon.colcon_core.package_identification:_identify(.) by extension 'colcon_meta'
[1.949s] Level 1:colcon.colcon_core.package_identification:_identify(.) by extensions ['ros']
[1.949s] Level 1:colcon.colcon_core.package_identification:_identify(.) by extension 'ros'
[2.007s] Level 1:colcon.colcon_core.package_identification:_identify(.) by extensions ['cmake', 'python']
[2.007s] Level 1:colcon.colcon_core.package_identification:_identify(.) by extension 'cmake'
[2.007s] Level 1:colcon.colcon_core.package_identification:_identify(.) by extension 'python'
[2.008s] Level 1:colcon.colcon_core.package_identification:_identify(.) by extensions ['python_setup_py']
[2.008s] Level 1:colcon.colcon_core.package_identification:_identify(.) by extension 'python_setup_py'
[2.008s] Level 1:colcon.colcon_core.package_identification:_identify(build) by extensions ['ignore', 'ignore_ament_install']
[2.009s] Level 1:colcon.colcon_core.package_identification:_identify(build) by extension 'ignore'
[2.009s] Level 1:colcon.colcon_core.package_identification:_identify(build) ignored
[2.009s] Level 1:colcon.colcon_core.package_identification:_identify(install) by extensions ['ignore', 'ignore_ament_install']
[2.010s] Level 1:colcon.colcon_core.package_identification:_identify(install) by extension 'ignore'
[2.010s] Level 1:colcon.colcon_core.package_identification:_identify(install) ignored
[2.010s] Level 1:colcon.colcon_core.package_identification:_identify(log) by extensions ['ignore', 'ignore_ament_install']
[2.011s] Level 1:colcon.colcon_core.package_identification:_identify(log) by extension 'ignore'
[2.011s] Level 1:colcon.colcon_core.package_identification:_identify(log) ignored
[2.011s] Level 1:colcon.colcon_core.package_identification:_identify(src) by extensions ['ignore', 'ignore_ament_install']
[2.011s] Level 1:colcon.colcon_core.package_identification:_identify(src) by extension 'ignore'
[2.012s] Level 1:colcon.colcon_core.package_identification:_identify(src) by extension 'ignore_ament_install'
[2.012s] Level 1:colcon.colcon_core.package_identification:_identify(src) by extensions ['colcon_pkg']
[2.012s] Level 1:colcon.colcon_core.package_identification:_identify(src) by extension 'colcon_pkg'
[2.012s] Level 1:colcon.colcon_core.package_identification:_identify(src) by extensions ['colcon_meta']
[2.012s] Level 1:colcon.colcon_core.package_identification:_identify(src) by extension 'colcon_meta'
[2.012s] Level 1:colcon.colcon_core.package_identification:_identify(src) by extensions ['ros']
[2.013s] Level 1:colcon.colcon_core.package_identification:_identify(src) by extension 'ros'
[2.013s] Level 1:colcon.colcon_core.package_identification:_identify(src) by extensions ['cmake', 'python']
[2.013s] Level 1:colcon.colcon_core.package_identification:_identify(src) by extension 'cmake'
[2.013s] Level 1:colcon.colcon_core.package_identification:_identify(src) by extension 'python'
[2.013s] Level 1:colcon.colcon_core.package_identification:_identify(src) by extensions ['python_setup_py']
[2.013s] Level 1:colcon.colcon_core.package_identification:_identify(src) by extension 'python_setup_py'
[2.014s] Level 1:colcon.colcon_core.package_identification:_identify(src/realsense-ros) by extensions ['ignore', 'ignore_ament_install']
[2.014s] Level 1:colcon.colcon_core.package_identification:_identify(src/realsense-ros) by extension 'ignore'
[2.015s] Level 1:colcon.colcon_core.package_identification:_identify(src/realsense-ros) by extension 'ignore_ament_install'
[2.015s] Level 1:colcon.colcon_core.package_identification:_identify(src/realsense-ros) by extensions ['colcon_pkg']
[2.015s] Level 1:colcon.colcon_core.package_identification:_identify(src/realsense-ros) by extension 'colcon_pkg'
[2.015s] Level 1:colcon.colcon_core.package_identification:_identify(src/realsense-ros) by extensions ['colcon_meta']
[2.015s] Level 1:colcon.colcon_core.package_identification:_identify(src/realsense-ros) by extension 'colcon_meta'
[2.015s] Level 1:colcon.colcon_core.package_identification:_identify(src/realsense-ros) by extensions ['ros']
[2.016s] Level 1:colcon.colcon_core.package_identification:_identify(src/realsense-ros) by extension 'ros'
[2.016s] Level 1:colcon.colcon_core.package_identification:_identify(src/realsense-ros) by extensions ['cmake', 'python']
[2.016s] Level 1:colcon.colcon_core.package_identification:_identify(src/realsense-ros) by extension 'cmake'
[2.016s] Level 1:colcon.colcon_core.package_identification:_identify(src/realsense-ros) by extension 'python'
[2.016s] Level 1:colcon.colcon_core.package_identification:_identify(src/realsense-ros) by extensions ['python_setup_py']
[2.016s] Level 1:colcon.colcon_core.package_identification:_identify(src/realsense-ros) by extension 'python_setup_py'
[2.017s] Level 1:colcon.colcon_core.package_identification:_identify(src/realsense-ros/realsense2_camera) by extensions ['ignore', 'ignore_ament_install']
[2.017s] Level 1:colcon.colcon_core.package_identification:_identify(src/realsense-ros/realsense2_camera) by extension 'ignore'
[2.018s] Level 1:colcon.colcon_core.package_identification:_identify(src/realsense-ros/realsense2_camera) by extension 'ignore_ament_install'
[2.018s] Level 1:colcon.colcon_core.package_identification:_identify(src/realsense-ros/realsense2_camera) by extensions ['colcon_pkg']
[2.018s] Level 1:colcon.colcon_core.package_identification:_identify(src/realsense-ros/realsense2_camera) by extension 'colcon_pkg'
[2.018s] Level 1:colcon.colcon_core.package_identification:_identify(src/realsense-ros/realsense2_camera) by extensions ['colcon_meta']
[2.018s] Level 1:colcon.colcon_core.package_identification:_identify(src/realsense-ros/realsense2_camera) by extension 'colcon_meta'
[2.019s] Level 1:colcon.colcon_core.package_identification:_identify(src/realsense-ros/realsense2_camera) by extensions ['ros']
[2.019s] Level 1:colcon.colcon_core.package_identification:_identify(src/realsense-ros/realsense2_camera) by extension 'ros'
[2.055s] DEBUG:colcon.colcon_core.package_identification:Package 'src/realsense-ros/realsense2_camera' with type 'ros.ament_cmake' and name 'realsense2_camera'
[2.056s] Level 1:colcon.colcon_core.package_identification:_identify(src/realsense-ros/realsense2_camera_msgs) by extensions ['ignore', 'ignore_ament_install']
[2.057s] Level 1:colcon.colcon_core.package_identification:_identify(src/realsense-ros/realsense2_camera_msgs) by extension 'ignore'
[2.057s] Level 1:colcon.colcon_core.package_identification:_identify(src/realsense-ros/realsense2_camera_msgs) by extension 'ignore_ament_install'
[2.057s] Level 1:colcon.colcon_core.package_identification:_identify(src/realsense-ros/realsense2_camera_msgs) by extensions ['colcon_pkg']
[2.057s] Level 1:colcon.colcon_core.package_identification:_identify(src/realsense-ros/realsense2_camera_msgs) by extension 'colcon_pkg'
[2.057s] Level 1:colcon.colcon_core.package_identification:_identify(src/realsense-ros/realsense2_camera_msgs) by extensions ['colcon_meta']
[2.057s] Level 1:colcon.colcon_core.package_identification:_identify(src/realsense-ros/realsense2_camera_msgs) by extension 'colcon_meta'
[2.058s] Level 1:colcon.colcon_core.package_identification:_identify(src/realsense-ros/realsense2_camera_msgs) by extensions ['ros']
[2.058s] Level 1:colcon.colcon_core.package_identification:_identify(src/realsense-ros/realsense2_camera_msgs) by extension 'ros'
[2.094s] DEBUG:colcon.colcon_core.package_identification:Package 'src/realsense-ros/realsense2_camera_msgs' with type 'ros.ament_cmake' and name 'realsense2_camera_msgs'
[2.095s] Level 1:colcon.colcon_core.package_identification:_identify(src/realsense-ros/realsense2_description) by extensions ['ignore', 'ignore_ament_install']
[2.095s] Level 1:colcon.colcon_core.package_identification:_identify(src/realsense-ros/realsense2_description) by extension 'ignore'
[2.095s] Level 1:colcon.colcon_core.package_identification:_identify(src/realsense-ros/realsense2_description) by extension 'ignore_ament_install'
[2.096s] Level 1:colcon.colcon_core.package_identification:_identify(src/realsense-ros/realsense2_description) by extensions ['colcon_pkg']
[2.096s] Level 1:colcon.colcon_core.package_identification:_identify(src/realsense-ros/realsense2_description) by extension 'colcon_pkg'
[2.096s] Level 1:colcon.colcon_core.package_identification:_identify(src/realsense-ros/realsense2_description) by extensions ['colcon_meta']
[2.096s] Level 1:colcon.colcon_core.package_identification:_identify(src/realsense-ros/realsense2_description) by extension 'colcon_meta'
[2.096s] Level 1:colcon.colcon_core.package_identification:_identify(src/realsense-ros/realsense2_description) by extensions ['ros']
[2.096s] Level 1:colcon.colcon_core.package_identification:_identify(src/realsense-ros/realsense2_description) by extension 'ros'
[2.099s] DEBUG:colcon.colcon_core.package_identification:Package 'src/realsense-ros/realsense2_description' with type 'ros.ament_cmake' and name 'realsense2_description'
[2.100s] Level 1:colcon.colcon_core.package_identification:_identify(src/realsense-ros/scripts) by extensions ['ignore', 'ignore_ament_install']
[2.100s] Level 1:colcon.colcon_core.package_identification:_identify(src/realsense-ros/scripts) by extension 'ignore'
[2.101s] Level 1:colcon.colcon_core.package_identification:_identify(src/realsense-ros/scripts) by extension 'ignore_ament_install'
[2.101s] Level 1:colcon.colcon_core.package_identification:_identify(src/realsense-ros/scripts) by extensions ['colcon_pkg']
[2.101s] Level 1:colcon.colcon_core.package_identification:_identify(src/realsense-ros/scripts) by extension 'colcon_pkg'
[2.101s] Level 1:colcon.colcon_core.package_identification:_identify(src/realsense-ros/scripts) by extensions ['colcon_meta']
[2.101s] Level 1:colcon.colcon_core.package_identification:_identify(src/realsense-ros/scripts) by extension 'colcon_meta'
[2.102s] Level 1:colcon.colcon_core.package_identification:_identify(src/realsense-ros/scripts) by extensions ['ros']
[2.102s] Level 1:colcon.colcon_core.package_identification:_identify(src/realsense-ros/scripts) by extension 'ros'
[2.102s] Level 1:colcon.colcon_core.package_identification:_identify(src/realsense-ros/scripts) by extensions ['cmake', 'python']
[2.102s] Level 1:colcon.colcon_core.package_identification:_identify(src/realsense-ros/scripts) by extension 'cmake'
[2.102s] Level 1:colcon.colcon_core.package_identification:_identify(src/realsense-ros/scripts) by extension 'python'
[2.103s] Level 1:colcon.colcon_core.package_identification:_identify(src/realsense-ros/scripts) by extensions ['python_setup_py']
[2.103s] Level 1:colcon.colcon_core.package_identification:_identify(src/realsense-ros/scripts) by extension 'python_setup_py'
[2.103s] Level 1:colcon.colcon_core.package_discovery:discover_packages(recursive) using defaults
[2.103s] Level 1:colcon.colcon_core.package_discovery:discover_packages(ignore) discover
[2.103s] Level 1:colcon.colcon_core.package_discovery:discover_packages(ignore) using defaults
[2.103s] Level 1:colcon.colcon_core.package_discovery:discover_packages(path) discover
[2.103s] Level 1:colcon.colcon_core.package_discovery:discover_packages(path) using defaults
[2.209s] Level 1:colcon.colcon_core.package_discovery:discover_packages(prefix_path) check parameters
[2.209s] Level 1:colcon.colcon_core.package_discovery:discover_packages(prefix_path) discover
[2.219s] DEBUG:colcon.colcon_installed_package_information.package_discovery:Found 3 installed packages in /home/king/spidersense_ws/install
[2.230s] DEBUG:colcon.colcon_installed_package_information.package_discovery:Found 274 installed packages in /opt/ros/humble
[2.236s] Level 1:colcon.colcon_core.package_discovery:discover_packages(prefix_path) using defaults
[2.561s] Level 5:colcon.colcon_core.verb:set package 'realsense2_camera_msgs' build argument 'cmake_args' from command line to 'None'
[2.562s] Level 5:colcon.colcon_core.verb:set package 'realsense2_camera_msgs' build argument 'cmake_target' from command line to 'None'
[2.562s] Level 5:colcon.colcon_core.verb:set package 'realsense2_camera_msgs' build argument 'cmake_target_skip_unavailable' from command line to 'False'
[2.562s] Level 5:colcon.colcon_core.verb:set package 'realsense2_camera_msgs' build argument 'cmake_clean_cache' from command line to 'False'
[2.562s] Level 5:colcon.colcon_core.verb:set package 'realsense2_camera_msgs' build argument 'cmake_clean_first' from command line to 'False'
[2.562s] Level 5:colcon.colcon_core.verb:set package 'realsense2_camera_msgs' build argument 'cmake_force_configure' from command line to 'False'
[2.562s] Level 5:colcon.colcon_core.verb:set package 'realsense2_camera_msgs' build argument 'ament_cmake_args' from command line to 'None'
[2.562s] Level 5:colcon.colcon_core.verb:set package 'realsense2_camera_msgs' build argument 'catkin_cmake_args' from command line to 'None'
[2.562s] Level 5:colcon.colcon_core.verb:set package 'realsense2_camera_msgs' build argument 'catkin_skip_building_tests' from command line to 'False'
[2.563s] DEBUG:colcon.colcon_core.verb:Building package 'realsense2_camera_msgs' with the following arguments: {'ament_cmake_args': None, 'build_base': '/home/king/stream_ws/build/realsense2_camera_msgs', 'catkin_cmake_args': None, 'catkin_skip_building_tests': False, 'cmake_args': None, 'cmake_clean_cache': False, 'cmake_clean_first': False, 'cmake_force_configure': False, 'cmake_target': None, 'cmake_target_skip_unavailable': False, 'install_base': '/home/king/stream_ws/install/realsense2_camera_msgs', 'merge_install': False, 'path': '/home/king/stream_ws/src/realsense-ros/realsense2_camera_msgs', 'symlink_install': False, 'test_result_base': None}
[2.564s] Level 5:colcon.colcon_core.verb:set package 'realsense2_camera' build argument 'cmake_args' from command line to 'None'
[2.564s] Level 5:colcon.colcon_core.verb:set package 'realsense2_camera' build argument 'cmake_target' from command line to 'None'
[2.564s] Level 5:colcon.colcon_core.verb:set package 'realsense2_camera' build argument 'cmake_target_skip_unavailable' from command line to 'False'
[2.564s] Level 5:colcon.colcon_core.verb:set package 'realsense2_camera' build argument 'cmake_clean_cache' from command line to 'False'
[2.564s] Level 5:colcon.colcon_core.verb:set package 'realsense2_camera' build argument 'cmake_clean_first' from command line to 'False'
[2.565s] Level 5:colcon.colcon_core.verb:set package 'realsense2_camera' build argument 'cmake_force_configure' from command line to 'False'
[2.565s] Level 5:colcon.colcon_core.verb:set package 'realsense2_camera' build argument 'ament_cmake_args' from command line to 'None'
[2.565s] Level 5:colcon.colcon_core.verb:set package 'realsense2_camera' build argument 'catkin_cmake_args' from command line to 'None'
[2.565s] Level 5:colcon.colcon_core.verb:set package 'realsense2_camera' build argument 'catkin_skip_building_tests' from command line to 'False'
[2.565s] DEBUG:colcon.colcon_core.verb:Building package 'realsense2_camera' with the following arguments: {'ament_cmake_args': None, 'build_base': '/home/king/stream_ws/build/realsense2_camera', 'catkin_cmake_args': None, 'catkin_skip_building_tests': False, 'cmake_args': None, 'cmake_clean_cache': False, 'cmake_clean_first': False, 'cmake_force_configure': False, 'cmake_target': None, 'cmake_target_skip_unavailable': False, 'install_base': '/home/king/stream_ws/install/realsense2_camera', 'merge_install': False, 'path': '/home/king/stream_ws/src/realsense-ros/realsense2_camera', 'symlink_install': False, 'test_result_base': None}
[2.566s] Level 5:colcon.colcon_core.verb:set package 'realsense2_description' build argument 'cmake_args' from command line to 'None'
[2.567s] Level 5:colcon.colcon_core.verb:set package 'realsense2_description' build argument 'cmake_target' from command line to 'None'
[2.567s] Level 5:colcon.colcon_core.verb:set package 'realsense2_description' build argument 'cmake_target_skip_unavailable' from command line to 'False'
[2.567s] Level 5:colcon.colcon_core.verb:set package 'realsense2_description' build argument 'cmake_clean_cache' from command line to 'False'
[2.567s] Level 5:colcon.colcon_core.verb:set package 'realsense2_description' build argument 'cmake_clean_first' from command line to 'False'
[2.567s] Level 5:colcon.colcon_core.verb:set package 'realsense2_description' build argument 'cmake_force_configure' from command line to 'False'
[2.567s] Level 5:colcon.colcon_core.verb:set package 'realsense2_description' build argument 'ament_cmake_args' from command line to 'None'
[2.567s] Level 5:colcon.colcon_core.verb:set package 'realsense2_description' build argument 'catkin_cmake_args' from command line to 'None'
[2.567s] Level 5:colcon.colcon_core.verb:set package 'realsense2_description' build argument 'catkin_skip_building_tests' from command line to 'False'
[2.567s] DEBUG:colcon.colcon_core.verb:Building package 'realsense2_description' with the following arguments: {'ament_cmake_args': None, 'build_base': '/home/king/stream_ws/build/realsense2_description', 'catkin_cmake_args': None, 'catkin_skip_building_tests': False, 'cmake_args': None, 'cmake_clean_cache': False, 'cmake_clean_first': False, 'cmake_force_configure': False, 'cmake_target': None, 'cmake_target_skip_unavailable': False, 'install_base': '/home/king/stream_ws/install/realsense2_description', 'merge_install': False, 'path': '/home/king/stream_ws/src/realsense-ros/realsense2_description', 'symlink_install': False, 'test_result_base': None}
[2.568s] INFO:colcon.colcon_core.executor:Executing jobs using 'parallel' executor
[2.571s] DEBUG:colcon.colcon_parallel_executor.executor.parallel:run_until_complete
[2.572s] INFO:colcon.colcon_ros.task.ament_cmake.build:Building ROS package in '/home/king/stream_ws/src/realsense-ros/realsense2_camera_msgs' with build type 'ament_cmake'
[2.572s] INFO:colcon.colcon_cmake.task.cmake.build:Building CMake package in '/home/king/stream_ws/src/realsense-ros/realsense2_camera_msgs'
[2.584s] INFO:colcon.colcon_core.plugin_system:Skipping extension 'colcon_core.shell.bat': Not used on non-Windows systems
[2.585s] INFO:colcon.colcon_core.shell:Skip shell extension 'powershell' for command environment: Not usable outside of PowerShell
[2.585s] DEBUG:colcon.colcon_core.shell:Skip shell extension 'dsv' for command environment
[2.628s] DEBUG:colcon.colcon_core.event_handler.log_command:Invoking command in '/home/king/stream_ws/build/realsense2_camera_msgs': /usr/bin/cmake --build /home/king/stream_ws/build/realsense2_camera_msgs -- -j4 -l4
[4.428s] DEBUG:colcon.colcon_core.event_handler.log_command:Invoked command in '/home/king/stream_ws/build/realsense2_camera_msgs' returned '0': /usr/bin/cmake --build /home/king/stream_ws/build/realsense2_camera_msgs -- -j4 -l4
[4.472s] DEBUG:colcon.colcon_core.event_handler.log_command:Invoking command in '/home/king/stream_ws/build/realsense2_camera_msgs': /usr/bin/cmake --install /home/king/stream_ws/build/realsense2_camera_msgs
[4.801s] Level 1:colcon.colcon_core.environment:create_environment_scripts_only(realsense2_camera_msgs)
[4.802s] DEBUG:colcon.colcon_core.event_handler.log_command:Invoked command in '/home/king/stream_ws/build/realsense2_camera_msgs' returned '0': /usr/bin/cmake --install /home/king/stream_ws/build/realsense2_camera_msgs
[4.816s] Level 1:colcon.colcon_core.environment:checking '/home/king/stream_ws/install/realsense2_camera_msgs' for CMake module files
[4.821s] Level 1:colcon.colcon_core.environment:checking '/home/king/stream_ws/install/realsense2_camera_msgs' for CMake config files
[4.824s] Level 1:colcon.colcon_core.shell:create_environment_hook('realsense2_camera_msgs', 'cmake_prefix_path')
[4.825s] INFO:colcon.colcon_core.shell:Creating environment hook '/home/king/stream_ws/install/realsense2_camera_msgs/share/realsense2_camera_msgs/hook/cmake_prefix_path.ps1'
[4.828s] INFO:colcon.colcon_core.shell:Creating environment descriptor '/home/king/stream_ws/install/realsense2_camera_msgs/share/realsense2_camera_msgs/hook/cmake_prefix_path.dsv'
[4.830s] INFO:colcon.colcon_core.shell:Creating environment hook '/home/king/stream_ws/install/realsense2_camera_msgs/share/realsense2_camera_msgs/hook/cmake_prefix_path.sh'
[4.834s] Level 1:colcon.colcon_core.environment:checking '/home/king/stream_ws/install/realsense2_camera_msgs/lib'
[4.835s] Level 1:colcon.colcon_core.shell:create_environment_hook('realsense2_camera_msgs', 'ld_library_path_lib')
[4.836s] INFO:colcon.colcon_core.shell:Creating environment hook '/home/king/stream_ws/install/realsense2_camera_msgs/share/realsense2_camera_msgs/hook/ld_library_path_lib.ps1'
[4.838s] INFO:colcon.colcon_core.shell:Creating environment descriptor '/home/king/stream_ws/install/realsense2_camera_msgs/share/realsense2_camera_msgs/hook/ld_library_path_lib.dsv'
[4.840s] INFO:colcon.colcon_core.shell:Creating environment hook '/home/king/stream_ws/install/realsense2_camera_msgs/share/realsense2_camera_msgs/hook/ld_library_path_lib.sh'
[4.842s] Level 1:colcon.colcon_core.environment:checking '/home/king/stream_ws/install/realsense2_camera_msgs/bin'
[4.842s] Level 1:colcon.colcon_core.environment:checking '/home/king/stream_ws/install/realsense2_camera_msgs/lib/pkgconfig/realsense2_camera_msgs.pc'
[4.843s] Level 1:colcon.colcon_core.environment:checking '/home/king/stream_ws/install/realsense2_camera_msgs/lib/python3.10/site-packages'
[4.844s] Level 1:colcon.colcon_core.environment:checking '/home/king/stream_ws/install/realsense2_camera_msgs/bin'
[4.845s] INFO:colcon.colcon_core.shell:Creating package script '/home/king/stream_ws/install/realsense2_camera_msgs/share/realsense2_camera_msgs/package.ps1'
[4.848s] INFO:colcon.colcon_core.shell:Creating package descriptor '/home/king/stream_ws/install/realsense2_camera_msgs/share/realsense2_camera_msgs/package.dsv'
[4.851s] INFO:colcon.colcon_core.shell:Creating package script '/home/king/stream_ws/install/realsense2_camera_msgs/share/realsense2_camera_msgs/package.sh'
[4.854s] INFO:colcon.colcon_core.shell:Creating package script '/home/king/stream_ws/install/realsense2_camera_msgs/share/realsense2_camera_msgs/package.bash'
[4.857s] INFO:colcon.colcon_core.shell:Creating package script '/home/king/stream_ws/install/realsense2_camera_msgs/share/realsense2_camera_msgs/package.zsh'
[4.860s] Level 1:colcon.colcon_core.environment:create_file_with_runtime_dependencies(/home/king/stream_ws/install/realsense2_camera_msgs/share/colcon-core/packages/realsense2_camera_msgs)
[4.863s] Level 1:colcon.colcon_core.environment:create_environment_scripts_only(realsense2_camera_msgs)
[4.864s] Level 1:colcon.colcon_core.environment:checking '/home/king/stream_ws/install/realsense2_camera_msgs' for CMake module files
[4.868s] Level 1:colcon.colcon_core.environment:checking '/home/king/stream_ws/install/realsense2_camera_msgs' for CMake config files
[4.871s] Level 1:colcon.colcon_core.shell:create_environment_hook('realsense2_camera_msgs', 'cmake_prefix_path')
[4.872s] INFO:colcon.colcon_core.shell:Creating environment hook '/home/king/stream_ws/install/realsense2_camera_msgs/share/realsense2_camera_msgs/hook/cmake_prefix_path.ps1'
[4.874s] INFO:colcon.colcon_core.shell:Creating environment descriptor '/home/king/stream_ws/install/realsense2_camera_msgs/share/realsense2_camera_msgs/hook/cmake_prefix_path.dsv'
[4.876s] INFO:colcon.colcon_core.shell:Creating environment hook '/home/king/stream_ws/install/realsense2_camera_msgs/share/realsense2_camera_msgs/hook/cmake_prefix_path.sh'
[4.879s] Level 1:colcon.colcon_core.environment:checking '/home/king/stream_ws/install/realsense2_camera_msgs/lib'
[4.880s] Level 1:colcon.colcon_core.shell:create_environment_hook('realsense2_camera_msgs', 'ld_library_path_lib')
[4.880s] INFO:colcon.colcon_core.shell:Creating environment hook '/home/king/stream_ws/install/realsense2_camera_msgs/share/realsense2_camera_msgs/hook/ld_library_path_lib.ps1'
[4.883s] INFO:colcon.colcon_core.shell:Creating environment descriptor '/home/king/stream_ws/install/realsense2_camera_msgs/share/realsense2_camera_msgs/hook/ld_library_path_lib.dsv'
[4.884s] INFO:colcon.colcon_core.shell:Creating environment hook '/home/king/stream_ws/install/realsense2_camera_msgs/share/realsense2_camera_msgs/hook/ld_library_path_lib.sh'
[4.886s] Level 1:colcon.colcon_core.environment:checking '/home/king/stream_ws/install/realsense2_camera_msgs/bin'
[4.887s] Level 1:colcon.colcon_core.environment:checking '/home/king/stream_ws/install/realsense2_camera_msgs/lib/pkgconfig/realsense2_camera_msgs.pc'
[4.887s] Level 1:colcon.colcon_core.environment:checking '/home/king/stream_ws/install/realsense2_camera_msgs/lib/python3.10/site-packages'
[4.888s] Level 1:colcon.colcon_core.environment:checking '/home/king/stream_ws/install/realsense2_camera_msgs/bin'
[4.890s] INFO:colcon.colcon_core.shell:Creating package script '/home/king/stream_ws/install/realsense2_camera_msgs/share/realsense2_camera_msgs/package.ps1'
[4.892s] INFO:colcon.colcon_core.shell:Creating package descriptor '/home/king/stream_ws/install/realsense2_camera_msgs/share/realsense2_camera_msgs/package.dsv'
[4.894s] INFO:colcon.colcon_core.shell:Creating package script '/home/king/stream_ws/install/realsense2_camera_msgs/share/realsense2_camera_msgs/package.sh'
[4.897s] INFO:colcon.colcon_core.shell:Creating package script '/home/king/stream_ws/install/realsense2_camera_msgs/share/realsense2_camera_msgs/package.bash'
[4.899s] INFO:colcon.colcon_core.shell:Creating package script '/home/king/stream_ws/install/realsense2_camera_msgs/share/realsense2_camera_msgs/package.zsh'
[4.900s] Level 1:colcon.colcon_core.environment:create_file_with_runtime_dependencies(/home/king/stream_ws/install/realsense2_camera_msgs/share/colcon-core/packages/realsense2_camera_msgs)
[4.902s] INFO:colcon.colcon_ros.task.ament_cmake.build:Building ROS package in '/home/king/stream_ws/src/realsense-ros/realsense2_camera' with build type 'ament_cmake'
[4.902s] INFO:colcon.colcon_cmake.task.cmake.build:Building CMake package in '/home/king/stream_ws/src/realsense-ros/realsense2_camera'
[4.903s] INFO:colcon.colcon_core.shell:Skip shell extension 'powershell' for command environment: Not usable outside of PowerShell
[4.904s] DEBUG:colcon.colcon_core.shell:Skip shell extension 'dsv' for command environment
[4.923s] INFO:colcon.colcon_ros.task.ament_cmake.build:Building ROS package in '/home/king/stream_ws/src/realsense-ros/realsense2_description' with build type 'ament_cmake'
[4.924s] INFO:colcon.colcon_cmake.task.cmake.build:Building CMake package in '/home/king/stream_ws/src/realsense-ros/realsense2_description'
[4.925s] INFO:colcon.colcon_core.shell:Skip shell extension 'powershell' for command environment: Not usable outside of PowerShell
[4.925s] DEBUG:colcon.colcon_core.shell:Skip shell extension 'dsv' for command environment
[4.964s] DEBUG:colcon.colcon_core.event_handler.log_command:Invoking command in '/home/king/stream_ws/build/realsense2_camera': AMENT_PREFIX_PATH=/home/king/stream_ws/install/realsense2_camera_msgs:${AMENT_PREFIX_PATH} CMAKE_PREFIX_PATH=/home/king/stream_ws/install/realsense2_camera_msgs:/home/king/spidersense_ws/install/realsense2_description:/home/king/spidersense_ws/install/realsense2_camera:/home/king/spidersense_ws/install/realsense2_camera_msgs:/opt/ros/humble LD_LIBRARY_PATH=/home/king/stream_ws/install/realsense2_camera_msgs/lib:${LD_LIBRARY_PATH} PYTHONPATH=/home/king/stream_ws/install/realsense2_camera_msgs/local/lib/python3.10/dist-packages:${PYTHONPATH} /usr/bin/cmake --build /home/king/stream_ws/build/realsense2_camera -- -j4 -l4
[4.980s] DEBUG:colcon.colcon_core.event_handler.log_command:Invoking command in '/home/king/stream_ws/build/realsense2_description': AMENT_PREFIX_PATH=/home/king/stream_ws/install/realsense2_camera_msgs:${AMENT_PREFIX_PATH} CMAKE_PREFIX_PATH=/home/king/stream_ws/install/realsense2_camera_msgs:/home/king/spidersense_ws/install/realsense2_description:/home/king/spidersense_ws/install/realsense2_camera:/home/king/spidersense_ws/install/realsense2_camera_msgs:/opt/ros/humble LD_LIBRARY_PATH=/home/king/stream_ws/install/realsense2_camera_msgs/lib:${LD_LIBRARY_PATH} PYTHONPATH=/home/king/stream_ws/install/realsense2_camera_msgs/local/lib/python3.10/dist-packages:${PYTHONPATH} /usr/bin/cmake --build /home/king/stream_ws/build/realsense2_description -- -j4 -l4
[5.138s] DEBUG:colcon.colcon_core.event_handler.log_command:Invoked command in '/home/king/stream_ws/build/realsense2_description' returned '0': AMENT_PREFIX_PATH=/home/king/stream_ws/install/realsense2_camera_msgs:${AMENT_PREFIX_PATH} CMAKE_PREFIX_PATH=/home/king/stream_ws/install/realsense2_camera_msgs:/home/king/spidersense_ws/install/realsense2_description:/home/king/spidersense_ws/install/realsense2_camera:/home/king/spidersense_ws/install/realsense2_camera_msgs:/opt/ros/humble LD_LIBRARY_PATH=/home/king/stream_ws/install/realsense2_camera_msgs/lib:${LD_LIBRARY_PATH} PYTHONPATH=/home/king/stream_ws/install/realsense2_camera_msgs/local/lib/python3.10/dist-packages:${PYTHONPATH} /usr/bin/cmake --build /home/king/stream_ws/build/realsense2_description -- -j4 -l4
[5.148s] DEBUG:colcon.colcon_core.event_handler.log_command:Invoking command in '/home/king/stream_ws/build/realsense2_description': AMENT_PREFIX_PATH=/home/king/stream_ws/install/realsense2_camera_msgs:${AMENT_PREFIX_PATH} CMAKE_PREFIX_PATH=/home/king/stream_ws/install/realsense2_camera_msgs:/home/king/spidersense_ws/install/realsense2_description:/home/king/spidersense_ws/install/realsense2_camera:/home/king/spidersense_ws/install/realsense2_camera_msgs:/opt/ros/humble LD_LIBRARY_PATH=/home/king/stream_ws/install/realsense2_camera_msgs/lib:${LD_LIBRARY_PATH} PYTHONPATH=/home/king/stream_ws/install/realsense2_camera_msgs/local/lib/python3.10/dist-packages:${PYTHONPATH} /usr/bin/cmake --install /home/king/stream_ws/build/realsense2_description
[5.204s] Level 1:colcon.colcon_core.environment:create_environment_scripts_only(realsense2_description)
[5.206s] Level 1:colcon.colcon_core.environment:checking '/home/king/stream_ws/install/realsense2_description' for CMake module files
[5.209s] DEBUG:colcon.colcon_core.event_handler.log_command:Invoked command in '/home/king/stream_ws/build/realsense2_description' returned '0': AMENT_PREFIX_PATH=/home/king/stream_ws/install/realsense2_camera_msgs:${AMENT_PREFIX_PATH} CMAKE_PREFIX_PATH=/home/king/stream_ws/install/realsense2_camera_msgs:/home/king/spidersense_ws/install/realsense2_description:/home/king/spidersense_ws/install/realsense2_camera:/home/king/spidersense_ws/install/realsense2_camera_msgs:/opt/ros/humble LD_LIBRARY_PATH=/home/king/stream_ws/install/realsense2_camera_msgs/lib:${LD_LIBRARY_PATH} PYTHONPATH=/home/king/stream_ws/install/realsense2_camera_msgs/local/lib/python3.10/dist-packages:${PYTHONPATH} /usr/bin/cmake --install /home/king/stream_ws/build/realsense2_description
[5.210s] Level 1:colcon.colcon_core.environment:checking '/home/king/stream_ws/install/realsense2_description' for CMake config files
[5.212s] Level 1:colcon.colcon_core.shell:create_environment_hook('realsense2_description', 'cmake_prefix_path')
[5.213s] INFO:colcon.colcon_core.shell:Creating environment hook '/home/king/stream_ws/install/realsense2_description/share/realsense2_description/hook/cmake_prefix_path.ps1'
[5.215s] INFO:colcon.colcon_core.shell:Creating environment descriptor '/home/king/stream_ws/install/realsense2_description/share/realsense2_description/hook/cmake_prefix_path.dsv'
[5.217s] INFO:colcon.colcon_core.shell:Creating environment hook '/home/king/stream_ws/install/realsense2_description/share/realsense2_description/hook/cmake_prefix_path.sh'
[5.220s] Level 1:colcon.colcon_core.environment:checking '/home/king/stream_ws/install/realsense2_description/bin'
[5.220s] Level 1:colcon.colcon_core.environment:checking '/home/king/stream_ws/install/realsense2_description/lib/pkgconfig/realsense2_description.pc'
[5.221s] Level 1:colcon.colcon_core.environment:checking '/home/king/stream_ws/install/realsense2_description/lib/python3.10/site-packages'
[5.223s] Level 1:colcon.colcon_core.environment:checking '/home/king/stream_ws/install/realsense2_description/bin'
[5.225s] INFO:colcon.colcon_core.shell:Creating package script '/home/king/stream_ws/install/realsense2_description/share/realsense2_description/package.ps1'
[5.227s] INFO:colcon.colcon_core.shell:Creating package descriptor '/home/king/stream_ws/install/realsense2_description/share/realsense2_description/package.dsv'
[5.230s] INFO:colcon.colcon_core.shell:Creating package script '/home/king/stream_ws/install/realsense2_description/share/realsense2_description/package.sh'
[5.232s] INFO:colcon.colcon_core.shell:Creating package script '/home/king/stream_ws/install/realsense2_description/share/realsense2_description/package.bash'
[5.234s] INFO:colcon.colcon_core.shell:Creating package script '/home/king/stream_ws/install/realsense2_description/share/realsense2_description/package.zsh'
[5.236s] Level 1:colcon.colcon_core.environment:create_file_with_runtime_dependencies(/home/king/stream_ws/install/realsense2_description/share/colcon-core/packages/realsense2_description)
[5.239s] Level 1:colcon.colcon_core.environment:create_environment_scripts_only(realsense2_description)
[5.240s] Level 1:colcon.colcon_core.environment:checking '/home/king/stream_ws/install/realsense2_description' for CMake module files
[5.242s] Level 1:colcon.colcon_core.environment:checking '/home/king/stream_ws/install/realsense2_description' for CMake config files
[5.244s] Level 1:colcon.colcon_core.shell:create_environment_hook('realsense2_description', 'cmake_prefix_path')
[5.245s] INFO:colcon.colcon_core.shell:Creating environment hook '/home/king/stream_ws/install/realsense2_description/share/realsense2_description/hook/cmake_prefix_path.ps1'
[5.247s] INFO:colcon.colcon_core.shell:Creating environment descriptor '/home/king/stream_ws/install/realsense2_description/share/realsense2_description/hook/cmake_prefix_path.dsv'
[5.249s] INFO:colcon.colcon_core.shell:Creating environment hook '/home/king/stream_ws/install/realsense2_description/share/realsense2_description/hook/cmake_prefix_path.sh'
[5.252s] Level 1:colcon.colcon_core.environment:checking '/home/king/stream_ws/install/realsense2_description/bin'
[5.253s] Level 1:colcon.colcon_core.environment:checking '/home/king/stream_ws/install/realsense2_description/lib/pkgconfig/realsense2_description.pc'
[5.253s] Level 1:colcon.colcon_core.environment:checking '/home/king/stream_ws/install/realsense2_description/lib/python3.10/site-packages'
[5.255s] Level 1:colcon.colcon_core.environment:checking '/home/king/stream_ws/install/realsense2_description/bin'
[5.256s] INFO:colcon.colcon_core.shell:Creating package script '/home/king/stream_ws/install/realsense2_description/share/realsense2_description/package.ps1'
[5.259s] INFO:colcon.colcon_core.shell:Creating package descriptor '/home/king/stream_ws/install/realsense2_description/share/realsense2_description/package.dsv'
[5.262s] INFO:colcon.colcon_core.shell:Creating package script '/home/king/stream_ws/install/realsense2_description/share/realsense2_description/package.sh'
[5.264s] INFO:colcon.colcon_core.shell:Creating package script '/home/king/stream_ws/install/realsense2_description/share/realsense2_description/package.bash'
[5.266s] INFO:colcon.colcon_core.shell:Creating package script '/home/king/stream_ws/install/realsense2_description/share/realsense2_description/package.zsh'
[5.269s] Level 1:colcon.colcon_core.environment:create_file_with_runtime_dependencies(/home/king/stream_ws/install/realsense2_description/share/colcon-core/packages/realsense2_description)
[35.219s] DEBUG:colcon.colcon_core.event_handler.log_command:Invoked command in '/home/king/stream_ws/build/realsense2_camera' returned '0': AMENT_PREFIX_PATH=/home/king/stream_ws/install/realsense2_camera_msgs:${AMENT_PREFIX_PATH} CMAKE_PREFIX_PATH=/home/king/stream_ws/install/realsense2_camera_msgs:/home/king/spidersense_ws/install/realsense2_description:/home/king/spidersense_ws/install/realsense2_camera:/home/king/spidersense_ws/install/realsense2_camera_msgs:/opt/ros/humble LD_LIBRARY_PATH=/home/king/stream_ws/install/realsense2_camera_msgs/lib:${LD_LIBRARY_PATH} PYTHONPATH=/home/king/stream_ws/install/realsense2_camera_msgs/local/lib/python3.10/dist-packages:${PYTHONPATH} /usr/bin/cmake --build /home/king/stream_ws/build/realsense2_camera -- -j4 -l4
[35.230s] DEBUG:colcon.colcon_core.event_handler.log_command:Invoking command in '/home/king/stream_ws/build/realsense2_camera': AMENT_PREFIX_PATH=/home/king/stream_ws/install/realsense2_camera_msgs:${AMENT_PREFIX_PATH} CMAKE_PREFIX_PATH=/home/king/stream_ws/install/realsense2_camera_msgs:/home/king/spidersense_ws/install/realsense2_description:/home/king/spidersense_ws/install/realsense2_camera:/home/king/spidersense_ws/install/realsense2_camera_msgs:/opt/ros/humble LD_LIBRARY_PATH=/home/king/stream_ws/install/realsense2_camera_msgs/lib:${LD_LIBRARY_PATH} PYTHONPATH=/home/king/stream_ws/install/realsense2_camera_msgs/local/lib/python3.10/dist-packages:${PYTHONPATH} /usr/bin/cmake --install /home/king/stream_ws/build/realsense2_camera
[35.296s] Level 1:colcon.colcon_core.environment:create_environment_scripts_only(realsense2_camera)
[35.297s] Level 1:colcon.colcon_core.environment:checking '/home/king/stream_ws/install/realsense2_camera' for CMake module files
[35.299s] DEBUG:colcon.colcon_core.event_handler.log_command:Invoked command in '/home/king/stream_ws/build/realsense2_camera' returned '0': AMENT_PREFIX_PATH=/home/king/stream_ws/install/realsense2_camera_msgs:${AMENT_PREFIX_PATH} CMAKE_PREFIX_PATH=/home/king/stream_ws/install/realsense2_camera_msgs:/home/king/spidersense_ws/install/realsense2_description:/home/king/spidersense_ws/install/realsense2_camera:/home/king/spidersense_ws/install/realsense2_camera_msgs:/opt/ros/humble LD_LIBRARY_PATH=/home/king/stream_ws/install/realsense2_camera_msgs/lib:${LD_LIBRARY_PATH} PYTHONPATH=/home/king/stream_ws/install/realsense2_camera_msgs/local/lib/python3.10/dist-packages:${PYTHONPATH} /usr/bin/cmake --install /home/king/stream_ws/build/realsense2_camera
[35.301s] Level 1:colcon.colcon_core.environment:checking '/home/king/stream_ws/install/realsense2_camera' for CMake config files
[35.304s] Level 1:colcon.colcon_core.shell:create_environment_hook('realsense2_camera', 'cmake_prefix_path')
[35.305s] INFO:colcon.colcon_core.shell:Creating environment hook '/home/king/stream_ws/install/realsense2_camera/share/realsense2_camera/hook/cmake_prefix_path.ps1'
[35.308s] INFO:colcon.colcon_core.shell:Creating environment descriptor '/home/king/stream_ws/install/realsense2_camera/share/realsense2_camera/hook/cmake_prefix_path.dsv'
[35.310s] INFO:colcon.colcon_core.shell:Creating environment hook '/home/king/stream_ws/install/realsense2_camera/share/realsense2_camera/hook/cmake_prefix_path.sh'
[35.313s] Level 1:colcon.colcon_core.environment:checking '/home/king/stream_ws/install/realsense2_camera/lib'
[35.314s] Level 1:colcon.colcon_core.shell:create_environment_hook('realsense2_camera', 'ld_library_path_lib')
[35.315s] INFO:colcon.colcon_core.shell:Creating environment hook '/home/king/stream_ws/install/realsense2_camera/share/realsense2_camera/hook/ld_library_path_lib.ps1'
[35.317s] INFO:colcon.colcon_core.shell:Creating environment descriptor '/home/king/stream_ws/install/realsense2_camera/share/realsense2_camera/hook/ld_library_path_lib.dsv'
[35.318s] INFO:colcon.colcon_core.shell:Creating environment hook '/home/king/stream_ws/install/realsense2_camera/share/realsense2_camera/hook/ld_library_path_lib.sh'
[35.320s] Level 1:colcon.colcon_core.environment:checking '/home/king/stream_ws/install/realsense2_camera/bin'
[35.321s] Level 1:colcon.colcon_core.environment:checking '/home/king/stream_ws/install/realsense2_camera/lib/pkgconfig/realsense2_camera.pc'
[35.321s] Level 1:colcon.colcon_core.environment:checking '/home/king/stream_ws/install/realsense2_camera/lib/python3.10/site-packages'
[35.322s] Level 1:colcon.colcon_core.environment:checking '/home/king/stream_ws/install/realsense2_camera/bin'
[35.323s] INFO:colcon.colcon_core.shell:Creating package script '/home/king/stream_ws/install/realsense2_camera/share/realsense2_camera/package.ps1'
[35.326s] INFO:colcon.colcon_core.shell:Creating package descriptor '/home/king/stream_ws/install/realsense2_camera/share/realsense2_camera/package.dsv'
[35.328s] INFO:colcon.colcon_core.shell:Creating package script '/home/king/stream_ws/install/realsense2_camera/share/realsense2_camera/package.sh'
[35.330s] INFO:colcon.colcon_core.shell:Creating package script '/home/king/stream_ws/install/realsense2_camera/share/realsense2_camera/package.bash'
[35.332s] INFO:colcon.colcon_core.shell:Creating package script '/home/king/stream_ws/install/realsense2_camera/share/realsense2_camera/package.zsh'
[35.333s] Level 1:colcon.colcon_core.environment:create_file_with_runtime_dependencies(/home/king/stream_ws/install/realsense2_camera/share/colcon-core/packages/realsense2_camera)
[35.336s] Level 1:colcon.colcon_core.environment:create_environment_scripts_only(realsense2_camera)
[35.337s] Level 1:colcon.colcon_core.environment:checking '/home/king/stream_ws/install/realsense2_camera' for CMake module files
[35.340s] Level 1:colcon.colcon_core.environment:checking '/home/king/stream_ws/install/realsense2_camera' for CMake config files
[35.343s] Level 1:colcon.colcon_core.shell:create_environment_hook('realsense2_camera', 'cmake_prefix_path')
[35.344s] INFO:colcon.colcon_core.shell:Creating environment hook '/home/king/stream_ws/install/realsense2_camera/share/realsense2_camera/hook/cmake_prefix_path.ps1'
[35.345s] INFO:colcon.colcon_core.shell:Creating environment descriptor '/home/king/stream_ws/install/realsense2_camera/share/realsense2_camera/hook/cmake_prefix_path.dsv'
[35.347s] INFO:colcon.colcon_core.shell:Creating environment hook '/home/king/stream_ws/install/realsense2_camera/share/realsense2_camera/hook/cmake_prefix_path.sh'
[35.350s] Level 1:colcon.colcon_core.environment:checking '/home/king/stream_ws/install/realsense2_camera/lib'
[35.350s] Level 1:colcon.colcon_core.shell:create_environment_hook('realsense2_camera', 'ld_library_path_lib')
[35.351s] INFO:colcon.colcon_core.shell:Creating environment hook '/home/king/stream_ws/install/realsense2_camera/share/realsense2_camera/hook/ld_library_path_lib.ps1'
[35.353s] INFO:colcon.colcon_core.shell:Creating environment descriptor '/home/king/stream_ws/install/realsense2_camera/share/realsense2_camera/hook/ld_library_path_lib.dsv'
[35.355s] INFO:colcon.colcon_core.shell:Creating environment hook '/home/king/stream_ws/install/realsense2_camera/share/realsense2_camera/hook/ld_library_path_lib.sh'
[35.356s] Level 1:colcon.colcon_core.environment:checking '/home/king/stream_ws/install/realsense2_camera/bin'
[35.357s] Level 1:colcon.colcon_core.environment:checking '/home/king/stream_ws/install/realsense2_camera/lib/pkgconfig/realsense2_camera.pc'
[35.358s] Level 1:colcon.colcon_core.environment:checking '/home/king/stream_ws/install/realsense2_camera/lib/python3.10/site-packages'
[35.358s] Level 1:colcon.colcon_core.environment:checking '/home/king/stream_ws/install/realsense2_camera/bin'
[35.360s] INFO:colcon.colcon_core.shell:Creating package script '/home/king/stream_ws/install/realsense2_camera/share/realsense2_camera/package.ps1'
[35.362s] INFO:colcon.colcon_core.shell:Creating package descriptor '/home/king/stream_ws/install/realsense2_camera/share/realsense2_camera/package.dsv'
[35.364s] INFO:colcon.colcon_core.shell:Creating package script '/home/king/stream_ws/install/realsense2_camera/share/realsense2_camera/package.sh'
[35.367s] INFO:colcon.colcon_core.shell:Creating package script '/home/king/stream_ws/install/realsense2_camera/share/realsense2_camera/package.bash'
[35.369s] INFO:colcon.colcon_core.shell:Creating package script '/home/king/stream_ws/install/realsense2_camera/share/realsense2_camera/package.zsh'
[35.371s] Level 1:colcon.colcon_core.environment:create_file_with_runtime_dependencies(/home/king/stream_ws/install/realsense2_camera/share/colcon-core/packages/realsense2_camera)
[35.372s] DEBUG:colcon.colcon_parallel_executor.executor.parallel:closing loop
[35.373s] DEBUG:colcon.colcon_parallel_executor.executor.parallel:loop closed
[35.374s] DEBUG:colcon.colcon_parallel_executor.executor.parallel:run_until_complete finished with '0'
[35.374s] DEBUG:colcon.colcon_core.event_reactor:joining thread
[35.396s] INFO:colcon.colcon_core.plugin_system:Skipping extension 'colcon_notification.desktop_notification.notify_send': Could not find 'notify-send'
[35.396s] INFO:colcon.colcon_core.plugin_system:Skipping extension 'colcon_notification.desktop_notification.terminal_notifier': Not used on non-Darwin systems
[35.396s] INFO:colcon.colcon_core.plugin_system:Skipping extension 'colcon_notification.desktop_notification.win32': Not used on non-Windows systems
[35.396s] INFO:colcon.colcon_notification.desktop_notification:Sending desktop notification using 'notify2'
[35.399s] DEBUG:colcon.colcon_notification.desktop_notification.notify2:Failed to initialize notify2: org.freedesktop.DBus.Error.ServiceUnknown: The name org.freedesktop.Notifications was not provided by any .service files
[35.399s] DEBUG:colcon.colcon_core.event_reactor:joined thread
[35.400s] INFO:colcon.colcon_core.shell:Creating prefix script '/home/king/stream_ws/install/local_setup.ps1'
[35.404s] INFO:colcon.colcon_core.shell:Creating prefix util module '/home/king/stream_ws/install/_local_setup_util_ps1.py'
[35.411s] INFO:colcon.colcon_core.shell:Creating prefix chain script '/home/king/stream_ws/install/setup.ps1'
[35.417s] INFO:colcon.colcon_core.shell:Creating prefix script '/home/king/stream_ws/install/local_setup.sh'
[35.420s] INFO:colcon.colcon_core.shell:Creating prefix util module '/home/king/stream_ws/install/_local_setup_util_sh.py'
[35.423s] INFO:colcon.colcon_core.shell:Creating prefix chain script '/home/king/stream_ws/install/setup.sh'
[35.428s] INFO:colcon.colcon_core.shell:Creating prefix script '/home/king/stream_ws/install/local_setup.bash'
[35.430s] INFO:colcon.colcon_core.shell:Creating prefix chain script '/home/king/stream_ws/install/setup.bash'
[35.435s] INFO:colcon.colcon_core.shell:Creating prefix script '/home/king/stream_ws/install/local_setup.zsh'
[35.437s] INFO:colcon.colcon_core.shell:Creating prefix chain script '/home/king/stream_ws/install/setup.zsh'
