[0.630s] Invoking command in '/home/asher/ros2_ws/src/lidar_slam': CONDA_PROMPT_MODIFIER=(base) PYTHONPATH=/home/asher/ros2_ws/build/lidar_slam/prefix_override:/usr/lib/python3/dist-packages/colcon_core/task/python/colcon_distutils_commands:/home/asher/ros2_ws/install/lidar_slam/lib/python3.12/site-packages:${PYTHONPATH} /usr/bin/python3 -W ignore:setup.py install is deprecated -W ignore:easy_install command is deprecated setup.py egg_info --egg-base ../../build/lidar_slam build --build-base /home/asher/ros2_ws/build/lidar_slam/build install --record /home/asher/ros2_ws/build/lidar_slam/install.log --single-version-externally-managed install_data
[0.846s] running egg_info
[0.862s] writing ../../build/lidar_slam/lidar_slam.egg-info/PKG-INFO
[0.862s] writing dependency_links to ../../build/lidar_slam/lidar_slam.egg-info/dependency_links.txt
[0.862s] writing entry points to ../../build/lidar_slam/lidar_slam.egg-info/entry_points.txt
[0.862s] writing requirements to ../../build/lidar_slam/lidar_slam.egg-info/requires.txt
[0.862s] writing top-level names to ../../build/lidar_slam/lidar_slam.egg-info/top_level.txt
[0.890s] reading manifest file '../../build/lidar_slam/lidar_slam.egg-info/SOURCES.txt'
[0.891s] writing manifest file '../../build/lidar_slam/lidar_slam.egg-info/SOURCES.txt'
[0.891s] running build
[0.891s] running build_py
[0.891s] running install
[0.896s] running install_lib
[0.911s] running install_data
[0.911s] running install_egg_info
[0.930s] removing '/home/asher/ros2_ws/install/lidar_slam/lib/python3.12/site-packages/lidar_slam-1.0.0-py3.12.egg-info' (and everything under it)
[0.930s] Copying ../../build/lidar_slam/lidar_slam.egg-info to /home/asher/ros2_ws/install/lidar_slam/lib/python3.12/site-packages/lidar_slam-1.0.0-py3.12.egg-info
[0.931s] running install_scripts
[1.034s] Installing lidar_udp_receiver script to /home/asher/ros2_ws/install/lidar_slam/bin
[1.034s] writing list of installed files to '/home/asher/ros2_ws/build/lidar_slam/install.log'
[1.055s] Invoked command in '/home/asher/ros2_ws/src/lidar_slam' returned '0': CONDA_PROMPT_MODIFIER=(base) PYTHONPATH=/home/asher/ros2_ws/build/lidar_slam/prefix_override:/usr/lib/python3/dist-packages/colcon_core/task/python/colcon_distutils_commands:/home/asher/ros2_ws/install/lidar_slam/lib/python3.12/site-packages:${PYTHONPATH} /usr/bin/python3 -W ignore:setup.py install is deprecated -W ignore:easy_install command is deprecated setup.py egg_info --egg-base ../../build/lidar_slam build --build-base /home/asher/ros2_ws/build/lidar_slam/build install --record /home/asher/ros2_ws/build/lidar_slam/install.log --single-version-externally-managed install_data
