[0.333s] Invoking command in '/home/asher/Documents/Spiderverse/lidar_ws/src/lidar_udp_receiver': PYTHONPATH=/home/asher/Documents/Spiderverse/lidar_ws/build/lidar_udp_receiver/prefix_override:/usr/lib/python3/dist-packages/colcon_core/task/python/colcon_distutils_commands:/home/asher/Documents/Spiderverse/lidar_ws/install/lidar_udp_receiver/lib/python3.10/site-packages: /usr/bin/python3 -W ignore:setup.py install is deprecated -W ignore:easy_install command is deprecated setup.py egg_info --egg-base ../../build/lidar_udp_receiver build --build-base /home/asher/Documents/Spiderverse/lidar_ws/build/lidar_udp_receiver/build install --record /home/asher/Documents/Spiderverse/lidar_ws/build/lidar_udp_receiver/install.log --single-version-externally-managed install_data
[0.449s] running egg_info
[0.449s] writing ../../build/lidar_udp_receiver/lidar_udp_receiver.egg-info/PKG-INFO
[0.449s] writing dependency_links to ../../build/lidar_udp_receiver/lidar_udp_receiver.egg-info/dependency_links.txt
[0.449s] writing entry points to ../../build/lidar_udp_receiver/lidar_udp_receiver.egg-info/entry_points.txt
[0.449s] writing requirements to ../../build/lidar_udp_receiver/lidar_udp_receiver.egg-info/requires.txt
[0.449s] writing top-level names to ../../build/lidar_udp_receiver/lidar_udp_receiver.egg-info/top_level.txt
[0.450s] reading manifest file '../../build/lidar_udp_receiver/lidar_udp_receiver.egg-info/SOURCES.txt'
[0.451s] writing manifest file '../../build/lidar_udp_receiver/lidar_udp_receiver.egg-info/SOURCES.txt'
[0.451s] running build
[0.451s] running build_py
[0.451s] copying lidar_udp_receiver/lidar_udp_receiver.py -> /home/asher/Documents/Spiderverse/lidar_ws/build/lidar_udp_receiver/build/lib/lidar_udp_receiver
[0.451s] copying lidar_udp_receiver/tf_broadcaster.py -> /home/asher/Documents/Spiderverse/lidar_ws/build/lidar_udp_receiver/build/lib/lidar_udp_receiver
[0.451s] running install
[0.451s] running install_lib
[0.452s] copying /home/asher/Documents/Spiderverse/lidar_ws/build/lidar_udp_receiver/build/lib/lidar_udp_receiver/lidar_udp_receiver.py -> /home/asher/Documents/Spiderverse/lidar_ws/install/lidar_udp_receiver/lib/python3.10/site-packages/lidar_udp_receiver
[0.452s] copying /home/asher/Documents/Spiderverse/lidar_ws/build/lidar_udp_receiver/build/lib/lidar_udp_receiver/tf_broadcaster.py -> /home/asher/Documents/Spiderverse/lidar_ws/install/lidar_udp_receiver/lib/python3.10/site-packages/lidar_udp_receiver
[0.452s] byte-compiling /home/asher/Documents/Spiderverse/lidar_ws/install/lidar_udp_receiver/lib/python3.10/site-packages/lidar_udp_receiver/lidar_udp_receiver.py to lidar_udp_receiver.cpython-310.pyc
[0.453s] byte-compiling /home/asher/Documents/Spiderverse/lidar_ws/install/lidar_udp_receiver/lib/python3.10/site-packages/lidar_udp_receiver/tf_broadcaster.py to tf_broadcaster.cpython-310.pyc
[0.454s] running install_data
[0.454s] copying config/udp_lidar_cartographer_config.lua -> /home/asher/Documents/Spiderverse/lidar_ws/install/lidar_udp_receiver/share/lidar_udp_receiver/config
[0.454s] running install_egg_info
[0.455s] removing '/home/asher/Documents/Spiderverse/lidar_ws/install/lidar_udp_receiver/lib/python3.10/site-packages/lidar_udp_receiver-0.0.1-py3.10.egg-info' (and everything under it)
[0.455s] Copying ../../build/lidar_udp_receiver/lidar_udp_receiver.egg-info to /home/asher/Documents/Spiderverse/lidar_ws/install/lidar_udp_receiver/lib/python3.10/site-packages/lidar_udp_receiver-0.0.1-py3.10.egg-info
[0.455s] running install_scripts
[0.468s] Installing lidar_udp_receiver script to /home/asher/Documents/Spiderverse/lidar_ws/install/lidar_udp_receiver/lib/lidar_udp_receiver
[0.468s] Installing tf_broadcaster script to /home/asher/Documents/Spiderverse/lidar_ws/install/lidar_udp_receiver/lib/lidar_udp_receiver
[0.469s] writing list of installed files to '/home/asher/Documents/Spiderverse/lidar_ws/build/lidar_udp_receiver/install.log'
[0.486s] Invoked command in '/home/asher/Documents/Spiderverse/lidar_ws/src/lidar_udp_receiver' returned '0': PYTHONPATH=/home/asher/Documents/Spiderverse/lidar_ws/build/lidar_udp_receiver/prefix_override:/usr/lib/python3/dist-packages/colcon_core/task/python/colcon_distutils_commands:/home/asher/Documents/Spiderverse/lidar_ws/install/lidar_udp_receiver/lib/python3.10/site-packages: /usr/bin/python3 -W ignore:setup.py install is deprecated -W ignore:easy_install command is deprecated setup.py egg_info --egg-base ../../build/lidar_udp_receiver build --build-base /home/asher/Documents/Spiderverse/lidar_ws/build/lidar_udp_receiver/build install --record /home/asher/Documents/Spiderverse/lidar_ws/build/lidar_udp_receiver/install.log --single-version-externally-managed install_data
