[0.653s] Invoking command in '/home/asher/ros2_ws/src/lidar_slam_new': CONDA_PROMPT_MODIFIER=(base) PYTHONPATH=/home/asher/ros2_ws/build/lidar_slam_new/prefix_override:/usr/lib/python3/dist-packages/colcon_core/task/python/colcon_distutils_commands:/home/asher/ros2_ws/install/lidar_slam_new/lib/python3.12/site-packages:${PYTHONPATH} /usr/bin/python3 -W ignore:setup.py install is deprecated -W ignore:easy_install command is deprecated setup.py egg_info --egg-base ../../build/lidar_slam_new build --build-base /home/asher/ros2_ws/build/lidar_slam_new/build install --record /home/asher/ros2_ws/build/lidar_slam_new/install.log --single-version-externally-managed install_data
[0.894s] running egg_info
[0.910s] writing ../../build/lidar_slam_new/lidar_slam_new.egg-info/PKG-INFO
[0.910s] writing dependency_links to ../../build/lidar_slam_new/lidar_slam_new.egg-info/dependency_links.txt
[0.910s] writing entry points to ../../build/lidar_slam_new/lidar_slam_new.egg-info/entry_points.txt
[0.910s] writing requirements to ../../build/lidar_slam_new/lidar_slam_new.egg-info/requires.txt
[0.910s] writing top-level names to ../../build/lidar_slam_new/lidar_slam_new.egg-info/top_level.txt
[0.945s] reading manifest file '../../build/lidar_slam_new/lidar_slam_new.egg-info/SOURCES.txt'
[0.945s] writing manifest file '../../build/lidar_slam_new/lidar_slam_new.egg-info/SOURCES.txt'
[0.945s] running build
[0.945s] running build_py
[0.946s] copying lidar_slam_new/lidar_udp_receiver.py -> /home/asher/ros2_ws/build/lidar_slam_new/build/lib/lidar_slam_new
[0.946s] running install
[0.951s] running install_lib
[0.967s] copying /home/asher/ros2_ws/build/lidar_slam_new/build/lib/lidar_slam_new/lidar_udp_receiver.py -> /home/asher/ros2_ws/install/lidar_slam_new/lib/python3.12/site-packages/lidar_slam_new
[0.968s] byte-compiling /home/asher/ros2_ws/install/lidar_slam_new/lib/python3.12/site-packages/lidar_slam_new/lidar_udp_receiver.py to lidar_udp_receiver.cpython-312.pyc
[0.968s] running install_data
[0.969s] running install_egg_info
[0.986s] removing '/home/asher/ros2_ws/install/lidar_slam_new/lib/python3.12/site-packages/lidar_slam_new-0.0.0-py3.12.egg-info' (and everything under it)
[0.986s] Copying ../../build/lidar_slam_new/lidar_slam_new.egg-info to /home/asher/ros2_ws/install/lidar_slam_new/lib/python3.12/site-packages/lidar_slam_new-0.0.0-py3.12.egg-info
[0.987s] running install_scripts
[1.089s] Installing lidar_udp_receiver script to /home/asher/ros2_ws/install/lidar_slam_new/lib/lidar_slam_new
[1.090s] writing list of installed files to '/home/asher/ros2_ws/build/lidar_slam_new/install.log'
[1.110s] Invoked command in '/home/asher/ros2_ws/src/lidar_slam_new' returned '0': CONDA_PROMPT_MODIFIER=(base) PYTHONPATH=/home/asher/ros2_ws/build/lidar_slam_new/prefix_override:/usr/lib/python3/dist-packages/colcon_core/task/python/colcon_distutils_commands:/home/asher/ros2_ws/install/lidar_slam_new/lib/python3.12/site-packages:${PYTHONPATH} /usr/bin/python3 -W ignore:setup.py install is deprecated -W ignore:easy_install command is deprecated setup.py egg_info --egg-base ../../build/lidar_slam_new build --build-base /home/asher/ros2_ws/build/lidar_slam_new/build install --record /home/asher/ros2_ws/build/lidar_slam_new/install.log --single-version-externally-managed install_data
