[0.323s] Invoking command in '/home/asher/Documents/Spiderverse/lidar_ws/src/lidar_udp_receiver': PYTHONPATH=/home/asher/Documents/Spiderverse/lidar_ws/build/lidar_udp_receiver/prefix_override:/usr/lib/python3/dist-packages/colcon_core/task/python/colcon_distutils_commands:/home/asher/Documents/Spiderverse/lidar_ws/install/lidar_udp_receiver/lib/python3.10/site-packages: /usr/bin/python3 -W ignore:setup.py install is deprecated -W ignore:easy_install command is deprecated setup.py egg_info --egg-base ../../build/lidar_udp_receiver build --build-base /home/asher/Documents/Spiderverse/lidar_ws/build/lidar_udp_receiver/build install --record /home/asher/Documents/Spiderverse/lidar_ws/build/lidar_udp_receiver/install.log --single-version-externally-managed install_data
[0.439s] running egg_info
[0.439s] writing ../../build/lidar_udp_receiver/lidar_udp_receiver.egg-info/PKG-INFO
[0.439s] writing dependency_links to ../../build/lidar_udp_receiver/lidar_udp_receiver.egg-info/dependency_links.txt
[0.439s] writing entry points to ../../build/lidar_udp_receiver/lidar_udp_receiver.egg-info/entry_points.txt
[0.439s] writing requirements to ../../build/lidar_udp_receiver/lidar_udp_receiver.egg-info/requires.txt
[0.439s] writing top-level names to ../../build/lidar_udp_receiver/lidar_udp_receiver.egg-info/top_level.txt
[0.440s] reading manifest file '../../build/lidar_udp_receiver/lidar_udp_receiver.egg-info/SOURCES.txt'
[0.441s] writing manifest file '../../build/lidar_udp_receiver/lidar_udp_receiver.egg-info/SOURCES.txt'
[0.441s] running build
[0.441s] running build_py
[0.441s] running install
[0.441s] running install_lib
[0.442s] running install_data
[0.442s] running install_egg_info
[0.443s] removing '/home/asher/Documents/Spiderverse/lidar_ws/install/lidar_udp_receiver/lib/python3.10/site-packages/lidar_udp_receiver-0.0.1-py3.10.egg-info' (and everything under it)
[0.443s] Copying ../../build/lidar_udp_receiver/lidar_udp_receiver.egg-info to /home/asher/Documents/Spiderverse/lidar_ws/install/lidar_udp_receiver/lib/python3.10/site-packages/lidar_udp_receiver-0.0.1-py3.10.egg-info
[0.444s] running install_scripts
[0.457s] Installing lidar_udp_receiver script to /home/asher/Documents/Spiderverse/lidar_ws/install/lidar_udp_receiver/lib/lidar_udp_receiver
[0.457s] Installing tf_broadcaster script to /home/asher/Documents/Spiderverse/lidar_ws/install/lidar_udp_receiver/lib/lidar_udp_receiver
[0.457s] writing list of installed files to '/home/asher/Documents/Spiderverse/lidar_ws/build/lidar_udp_receiver/install.log'
[0.471s] Invoked command in '/home/asher/Documents/Spiderverse/lidar_ws/src/lidar_udp_receiver' returned '0': PYTHONPATH=/home/asher/Documents/Spiderverse/lidar_ws/build/lidar_udp_receiver/prefix_override:/usr/lib/python3/dist-packages/colcon_core/task/python/colcon_distutils_commands:/home/asher/Documents/Spiderverse/lidar_ws/install/lidar_udp_receiver/lib/python3.10/site-packages: /usr/bin/python3 -W ignore:setup.py install is deprecated -W ignore:easy_install command is deprecated setup.py egg_info --egg-base ../../build/lidar_udp_receiver build --build-base /home/asher/Documents/Spiderverse/lidar_ws/build/lidar_udp_receiver/build install --record /home/asher/Documents/Spiderverse/lidar_ws/build/lidar_udp_receiver/install.log --single-version-externally-managed install_data
