[0.452s] DEBUG:colcon:Command line arguments: ['/usr/bin/colcon', 'build']
[0.452s] DEBUG:colcon:Parsed command line arguments: Namespace(log_base=None, log_level=None, verb_name='build', build_base='build', install_base='install', merge_install=False, symlink_install=False, test_result_base=None, continue_on_error=False, executor='parallel', parallel_workers=4, event_handlers=None, ignore_user_meta=False, metas=['./colcon.meta'], base_paths=['.'], packages_ignore=None, packages_ignore_regex=None, paths=None, packages_up_to=None, packages_up_to_regex=None, packages_above=None, packages_above_and_dependencies=None, packages_above_depth=None, packages_select_by_dep=None, packages_skip_by_dep=None, packages_skip_up_to=None, packages_select_build_failed=False, packages_skip_build_finished=False, packages_select_test_failures=False, packages_skip_test_passed=False, packages_select=None, packages_skip=None, packages_select_regex=None, packages_skip_regex=None, packages_start=None, packages_end=None, allow_overriding=[], cmake_args=None, cmake_target=None, cmake_target_skip_unavailable=False, cmake_clean_cache=False, cmake_clean_first=False, cmake_force_configure=False, ament_cmake_args=None, catkin_cmake_args=None, catkin_skip_building_tests=False, mixin_files=None, mixin=None, verb_parser=<colcon_mixin.mixin.mixin_argument.MixinArgumentDecorator object at 0xffffa1e8d4b0>, verb_extension=<colcon_core.verb.build.BuildVerb object at 0xffffa200ae00>, main=<bound method BuildVerb.main of <colcon_core.verb.build.BuildVerb object at 0xffffa200ae00>>, mixin_verb=('build',))
[1.247s] Level 1:colcon.colcon_core.package_discovery:discover_packages(colcon_meta) check parameters
[1.248s] Level 1:colcon.colcon_core.package_discovery:discover_packages(recursive) check parameters
[1.248s] Level 1:colcon.colcon_core.package_discovery:discover_packages(ignore) check parameters
[1.248s] Level 1:colcon.colcon_core.package_discovery:discover_packages(path) check parameters
[1.248s] Level 1:colcon.colcon_core.package_discovery:discover_packages(colcon_meta) discover
[1.248s] Level 1:colcon.colcon_core.package_discovery:discover_packages(recursive) discover
[1.248s] INFO:colcon.colcon_core.package_discovery:Crawling recursively for packages in '/home/king/stream_ws'
[1.249s] Level 1:colcon.colcon_core.package_identification:_identify(.) by extensions ['ignore', 'ignore_ament_install']
[1.249s] Level 1:colcon.colcon_core.package_identification:_identify(.) by extension 'ignore'
[1.249s] Level 1:colcon.colcon_core.package_identification:_identify(.) by extension 'ignore_ament_install'
[1.250s] Level 1:colcon.colcon_core.package_identification:_identify(.) by extensions ['colcon_pkg']
[1.250s] Level 1:colcon.colcon_core.package_identification:_identify(.) by extension 'colcon_pkg'
[1.250s] Level 1:colcon.colcon_core.package_identification:_identify(.) by extensions ['colcon_meta']
[1.250s] Level 1:colcon.colcon_core.package_identification:_identify(.) by extension 'colcon_meta'
[1.250s] Level 1:colcon.colcon_core.package_identification:_identify(.) by extensions ['ros']
[1.250s] Level 1:colcon.colcon_core.package_identification:_identify(.) by extension 'ros'
[1.293s] Level 1:colcon.colcon_core.package_identification:_identify(.) by extensions ['cmake', 'python']
[1.293s] Level 1:colcon.colcon_core.package_identification:_identify(.) by extension 'cmake'
[1.293s] Level 1:colcon.colcon_core.package_identification:_identify(.) by extension 'python'
[1.294s] Level 1:colcon.colcon_core.package_identification:_identify(.) by extensions ['python_setup_py']
[1.294s] Level 1:colcon.colcon_core.package_identification:_identify(.) by extension 'python_setup_py'
[1.294s] Level 1:colcon.colcon_core.package_identification:_identify(build) by extensions ['ignore', 'ignore_ament_install']
[1.294s] Level 1:colcon.colcon_core.package_identification:_identify(build) by extension 'ignore'
[1.295s] Level 1:colcon.colcon_core.package_identification:_identify(build) ignored
[1.295s] Level 1:colcon.colcon_core.package_identification:_identify(install) by extensions ['ignore', 'ignore_ament_install']
[1.295s] Level 1:colcon.colcon_core.package_identification:_identify(install) by extension 'ignore'
[1.296s] Level 1:colcon.colcon_core.package_identification:_identify(install) ignored
[1.296s] Level 1:colcon.colcon_core.package_identification:_identify(log) by extensions ['ignore', 'ignore_ament_install']
[1.296s] Level 1:colcon.colcon_core.package_identification:_identify(log) by extension 'ignore'
[1.296s] Level 1:colcon.colcon_core.package_identification:_identify(log) ignored
[1.297s] Level 1:colcon.colcon_core.package_identification:_identify(src) by extensions ['ignore', 'ignore_ament_install']
[1.297s] Level 1:colcon.colcon_core.package_identification:_identify(src) by extension 'ignore'
[1.297s] Level 1:colcon.colcon_core.package_identification:_identify(src) by extension 'ignore_ament_install'
[1.298s] Level 1:colcon.colcon_core.package_identification:_identify(src) by extensions ['colcon_pkg']
[1.298s] Level 1:colcon.colcon_core.package_identification:_identify(src) by extension 'colcon_pkg'
[1.298s] Level 1:colcon.colcon_core.package_identification:_identify(src) by extensions ['colcon_meta']
[1.298s] Level 1:colcon.colcon_core.package_identification:_identify(src) by extension 'colcon_meta'
[1.298s] Level 1:colcon.colcon_core.package_identification:_identify(src) by extensions ['ros']
[1.298s] Level 1:colcon.colcon_core.package_identification:_identify(src) by extension 'ros'
[1.299s] Level 1:colcon.colcon_core.package_identification:_identify(src) by extensions ['cmake', 'python']
[1.299s] Level 1:colcon.colcon_core.package_identification:_identify(src) by extension 'cmake'
[1.299s] Level 1:colcon.colcon_core.package_identification:_identify(src) by extension 'python'
[1.299s] Level 1:colcon.colcon_core.package_identification:_identify(src) by extensions ['python_setup_py']
[1.299s] Level 1:colcon.colcon_core.package_identification:_identify(src) by extension 'python_setup_py'
[1.300s] Level 1:colcon.colcon_core.package_identification:_identify(src/realsense-ros) by extensions ['ignore', 'ignore_ament_install']
[1.300s] Level 1:colcon.colcon_core.package_identification:_identify(src/realsense-ros) by extension 'ignore'
[1.300s] Level 1:colcon.colcon_core.package_identification:_identify(src/realsense-ros) by extension 'ignore_ament_install'
[1.300s] Level 1:colcon.colcon_core.package_identification:_identify(src/realsense-ros) by extensions ['colcon_pkg']
[1.300s] Level 1:colcon.colcon_core.package_identification:_identify(src/realsense-ros) by extension 'colcon_pkg'
[1.301s] Level 1:colcon.colcon_core.package_identification:_identify(src/realsense-ros) by extensions ['colcon_meta']
[1.301s] Level 1:colcon.colcon_core.package_identification:_identify(src/realsense-ros) by extension 'colcon_meta'
[1.301s] Level 1:colcon.colcon_core.package_identification:_identify(src/realsense-ros) by extensions ['ros']
[1.301s] Level 1:colcon.colcon_core.package_identification:_identify(src/realsense-ros) by extension 'ros'
[1.301s] Level 1:colcon.colcon_core.package_identification:_identify(src/realsense-ros) by extensions ['cmake', 'python']
[1.301s] Level 1:colcon.colcon_core.package_identification:_identify(src/realsense-ros) by extension 'cmake'
[1.302s] Level 1:colcon.colcon_core.package_identification:_identify(src/realsense-ros) by extension 'python'
[1.302s] Level 1:colcon.colcon_core.package_identification:_identify(src/realsense-ros) by extensions ['python_setup_py']
[1.302s] Level 1:colcon.colcon_core.package_identification:_identify(src/realsense-ros) by extension 'python_setup_py'
[1.302s] Level 1:colcon.colcon_core.package_identification:_identify(src/realsense-ros/realsense2_camera) by extensions ['ignore', 'ignore_ament_install']
[1.303s] Level 1:colcon.colcon_core.package_identification:_identify(src/realsense-ros/realsense2_camera) by extension 'ignore'
[1.303s] Level 1:colcon.colcon_core.package_identification:_identify(src/realsense-ros/realsense2_camera) by extension 'ignore_ament_install'
[1.303s] Level 1:colcon.colcon_core.package_identification:_identify(src/realsense-ros/realsense2_camera) by extensions ['colcon_pkg']
[1.303s] Level 1:colcon.colcon_core.package_identification:_identify(src/realsense-ros/realsense2_camera) by extension 'colcon_pkg'
[1.304s] Level 1:colcon.colcon_core.package_identification:_identify(src/realsense-ros/realsense2_camera) by extensions ['colcon_meta']
[1.304s] Level 1:colcon.colcon_core.package_identification:_identify(src/realsense-ros/realsense2_camera) by extension 'colcon_meta'
[1.304s] Level 1:colcon.colcon_core.package_identification:_identify(src/realsense-ros/realsense2_camera) by extensions ['ros']
[1.304s] Level 1:colcon.colcon_core.package_identification:_identify(src/realsense-ros/realsense2_camera) by extension 'ros'
[1.336s] DEBUG:colcon.colcon_core.package_identification:Package 'src/realsense-ros/realsense2_camera' with type 'ros.ament_cmake' and name 'realsense2_camera'
[1.337s] Level 1:colcon.colcon_core.package_identification:_identify(src/realsense-ros/realsense2_camera_msgs) by extensions ['ignore', 'ignore_ament_install']
[1.337s] Level 1:colcon.colcon_core.package_identification:_identify(src/realsense-ros/realsense2_camera_msgs) by extension 'ignore'
[1.337s] Level 1:colcon.colcon_core.package_identification:_identify(src/realsense-ros/realsense2_camera_msgs) by extension 'ignore_ament_install'
[1.337s] Level 1:colcon.colcon_core.package_identification:_identify(src/realsense-ros/realsense2_camera_msgs) by extensions ['colcon_pkg']
[1.338s] Level 1:colcon.colcon_core.package_identification:_identify(src/realsense-ros/realsense2_camera_msgs) by extension 'colcon_pkg'
[1.338s] Level 1:colcon.colcon_core.package_identification:_identify(src/realsense-ros/realsense2_camera_msgs) by extensions ['colcon_meta']
[1.338s] Level 1:colcon.colcon_core.package_identification:_identify(src/realsense-ros/realsense2_camera_msgs) by extension 'colcon_meta'
[1.338s] Level 1:colcon.colcon_core.package_identification:_identify(src/realsense-ros/realsense2_camera_msgs) by extensions ['ros']
[1.338s] Level 1:colcon.colcon_core.package_identification:_identify(src/realsense-ros/realsense2_camera_msgs) by extension 'ros'
[1.374s] DEBUG:colcon.colcon_core.package_identification:Package 'src/realsense-ros/realsense2_camera_msgs' with type 'ros.ament_cmake' and name 'realsense2_camera_msgs'
[1.375s] Level 1:colcon.colcon_core.package_identification:_identify(src/realsense-ros/realsense2_description) by extensions ['ignore', 'ignore_ament_install']
[1.375s] Level 1:colcon.colcon_core.package_identification:_identify(src/realsense-ros/realsense2_description) by extension 'ignore'
[1.376s] Level 1:colcon.colcon_core.package_identification:_identify(src/realsense-ros/realsense2_description) by extension 'ignore_ament_install'
[1.376s] Level 1:colcon.colcon_core.package_identification:_identify(src/realsense-ros/realsense2_description) by extensions ['colcon_pkg']
[1.376s] Level 1:colcon.colcon_core.package_identification:_identify(src/realsense-ros/realsense2_description) by extension 'colcon_pkg'
[1.376s] Level 1:colcon.colcon_core.package_identification:_identify(src/realsense-ros/realsense2_description) by extensions ['colcon_meta']
[1.376s] Level 1:colcon.colcon_core.package_identification:_identify(src/realsense-ros/realsense2_description) by extension 'colcon_meta'
[1.377s] Level 1:colcon.colcon_core.package_identification:_identify(src/realsense-ros/realsense2_description) by extensions ['ros']
[1.377s] Level 1:colcon.colcon_core.package_identification:_identify(src/realsense-ros/realsense2_description) by extension 'ros'
[1.380s] DEBUG:colcon.colcon_core.package_identification:Package 'src/realsense-ros/realsense2_description' with type 'ros.ament_cmake' and name 'realsense2_description'
[1.380s] Level 1:colcon.colcon_core.package_identification:_identify(src/realsense-ros/scripts) by extensions ['ignore', 'ignore_ament_install']
[1.381s] Level 1:colcon.colcon_core.package_identification:_identify(src/realsense-ros/scripts) by extension 'ignore'
[1.381s] Level 1:colcon.colcon_core.package_identification:_identify(src/realsense-ros/scripts) by extension 'ignore_ament_install'
[1.381s] Level 1:colcon.colcon_core.package_identification:_identify(src/realsense-ros/scripts) by extensions ['colcon_pkg']
[1.381s] Level 1:colcon.colcon_core.package_identification:_identify(src/realsense-ros/scripts) by extension 'colcon_pkg'
[1.381s] Level 1:colcon.colcon_core.package_identification:_identify(src/realsense-ros/scripts) by extensions ['colcon_meta']
[1.382s] Level 1:colcon.colcon_core.package_identification:_identify(src/realsense-ros/scripts) by extension 'colcon_meta'
[1.382s] Level 1:colcon.colcon_core.package_identification:_identify(src/realsense-ros/scripts) by extensions ['ros']
[1.382s] Level 1:colcon.colcon_core.package_identification:_identify(src/realsense-ros/scripts) by extension 'ros'
[1.382s] Level 1:colcon.colcon_core.package_identification:_identify(src/realsense-ros/scripts) by extensions ['cmake', 'python']
[1.382s] Level 1:colcon.colcon_core.package_identification:_identify(src/realsense-ros/scripts) by extension 'cmake'
[1.383s] Level 1:colcon.colcon_core.package_identification:_identify(src/realsense-ros/scripts) by extension 'python'
[1.383s] Level 1:colcon.colcon_core.package_identification:_identify(src/realsense-ros/scripts) by extensions ['python_setup_py']
[1.383s] Level 1:colcon.colcon_core.package_identification:_identify(src/realsense-ros/scripts) by extension 'python_setup_py'
[1.383s] Level 1:colcon.colcon_core.package_discovery:discover_packages(recursive) using defaults
[1.383s] Level 1:colcon.colcon_core.package_discovery:discover_packages(ignore) discover
[1.383s] Level 1:colcon.colcon_core.package_discovery:discover_packages(ignore) using defaults
[1.383s] Level 1:colcon.colcon_core.package_discovery:discover_packages(path) discover
[1.383s] Level 1:colcon.colcon_core.package_discovery:discover_packages(path) using defaults
[1.460s] Level 1:colcon.colcon_core.package_discovery:discover_packages(prefix_path) check parameters
[1.460s] Level 1:colcon.colcon_core.package_discovery:discover_packages(prefix_path) discover
[1.469s] DEBUG:colcon.colcon_installed_package_information.package_discovery:Found 3 installed packages in /home/king/spidersense_ws/install
[1.478s] DEBUG:colcon.colcon_installed_package_information.package_discovery:Found 274 installed packages in /opt/ros/humble
[1.484s] Level 1:colcon.colcon_core.package_discovery:discover_packages(prefix_path) using defaults
[1.647s] Level 5:colcon.colcon_core.verb:set package 'realsense2_camera_msgs' build argument 'cmake_args' from command line to 'None'
[1.647s] Level 5:colcon.colcon_core.verb:set package 'realsense2_camera_msgs' build argument 'cmake_target' from command line to 'None'
[1.647s] Level 5:colcon.colcon_core.verb:set package 'realsense2_camera_msgs' build argument 'cmake_target_skip_unavailable' from command line to 'False'
[1.647s] Level 5:colcon.colcon_core.verb:set package 'realsense2_camera_msgs' build argument 'cmake_clean_cache' from command line to 'False'
[1.647s] Level 5:colcon.colcon_core.verb:set package 'realsense2_camera_msgs' build argument 'cmake_clean_first' from command line to 'False'
[1.647s] Level 5:colcon.colcon_core.verb:set package 'realsense2_camera_msgs' build argument 'cmake_force_configure' from command line to 'False'
[1.648s] Level 5:colcon.colcon_core.verb:set package 'realsense2_camera_msgs' build argument 'ament_cmake_args' from command line to 'None'
[1.648s] Level 5:colcon.colcon_core.verb:set package 'realsense2_camera_msgs' build argument 'catkin_cmake_args' from command line to 'None'
[1.648s] Level 5:colcon.colcon_core.verb:set package 'realsense2_camera_msgs' build argument 'catkin_skip_building_tests' from command line to 'False'
[1.648s] DEBUG:colcon.colcon_core.verb:Building package 'realsense2_camera_msgs' with the following arguments: {'ament_cmake_args': None, 'build_base': '/home/king/stream_ws/build/realsense2_camera_msgs', 'catkin_cmake_args': None, 'catkin_skip_building_tests': False, 'cmake_args': None, 'cmake_clean_cache': False, 'cmake_clean_first': False, 'cmake_force_configure': False, 'cmake_target': None, 'cmake_target_skip_unavailable': False, 'install_base': '/home/king/stream_ws/install/realsense2_camera_msgs', 'merge_install': False, 'path': '/home/king/stream_ws/src/realsense-ros/realsense2_camera_msgs', 'symlink_install': False, 'test_result_base': None}
[1.649s] Level 5:colcon.colcon_core.verb:set package 'realsense2_camera' build argument 'cmake_args' from command line to 'None'
[1.650s] Level 5:colcon.colcon_core.verb:set package 'realsense2_camera' build argument 'cmake_target' from command line to 'None'
[1.650s] Level 5:colcon.colcon_core.verb:set package 'realsense2_camera' build argument 'cmake_target_skip_unavailable' from command line to 'False'
[1.650s] Level 5:colcon.colcon_core.verb:set package 'realsense2_camera' build argument 'cmake_clean_cache' from command line to 'False'
[1.650s] Level 5:colcon.colcon_core.verb:set package 'realsense2_camera' build argument 'cmake_clean_first' from command line to 'False'
[1.650s] Level 5:colcon.colcon_core.verb:set package 'realsense2_camera' build argument 'cmake_force_configure' from command line to 'False'
[1.650s] Level 5:colcon.colcon_core.verb:set package 'realsense2_camera' build argument 'ament_cmake_args' from command line to 'None'
[1.650s] Level 5:colcon.colcon_core.verb:set package 'realsense2_camera' build argument 'catkin_cmake_args' from command line to 'None'
[1.650s] Level 5:colcon.colcon_core.verb:set package 'realsense2_camera' build argument 'catkin_skip_building_tests' from command line to 'False'
[1.650s] DEBUG:colcon.colcon_core.verb:Building package 'realsense2_camera' with the following arguments: {'ament_cmake_args': None, 'build_base': '/home/king/stream_ws/build/realsense2_camera', 'catkin_cmake_args': None, 'catkin_skip_building_tests': False, 'cmake_args': None, 'cmake_clean_cache': False, 'cmake_clean_first': False, 'cmake_force_configure': False, 'cmake_target': None, 'cmake_target_skip_unavailable': False, 'install_base': '/home/king/stream_ws/install/realsense2_camera', 'merge_install': False, 'path': '/home/king/stream_ws/src/realsense-ros/realsense2_camera', 'symlink_install': False, 'test_result_base': None}
[1.652s] Level 5:colcon.colcon_core.verb:set package 'realsense2_description' build argument 'cmake_args' from command line to 'None'
[1.652s] Level 5:colcon.colcon_core.verb:set package 'realsense2_description' build argument 'cmake_target' from command line to 'None'
[1.652s] Level 5:colcon.colcon_core.verb:set package 'realsense2_description' build argument 'cmake_target_skip_unavailable' from command line to 'False'
[1.652s] Level 5:colcon.colcon_core.verb:set package 'realsense2_description' build argument 'cmake_clean_cache' from command line to 'False'
[1.652s] Level 5:colcon.colcon_core.verb:set package 'realsense2_description' build argument 'cmake_clean_first' from command line to 'False'
[1.652s] Level 5:colcon.colcon_core.verb:set package 'realsense2_description' build argument 'cmake_force_configure' from command line to 'False'
[1.652s] Level 5:colcon.colcon_core.verb:set package 'realsense2_description' build argument 'ament_cmake_args' from command line to 'None'
[1.653s] Level 5:colcon.colcon_core.verb:set package 'realsense2_description' build argument 'catkin_cmake_args' from command line to 'None'
[1.653s] Level 5:colcon.colcon_core.verb:set package 'realsense2_description' build argument 'catkin_skip_building_tests' from command line to 'False'
[1.653s] DEBUG:colcon.colcon_core.verb:Building package 'realsense2_description' with the following arguments: {'ament_cmake_args': None, 'build_base': '/home/king/stream_ws/build/realsense2_description', 'catkin_cmake_args': None, 'catkin_skip_building_tests': False, 'cmake_args': None, 'cmake_clean_cache': False, 'cmake_clean_first': False, 'cmake_force_configure': False, 'cmake_target': None, 'cmake_target_skip_unavailable': False, 'install_base': '/home/king/stream_ws/install/realsense2_description', 'merge_install': False, 'path': '/home/king/stream_ws/src/realsense-ros/realsense2_description', 'symlink_install': False, 'test_result_base': None}
[1.653s] INFO:colcon.colcon_core.executor:Executing jobs using 'parallel' executor
[1.656s] DEBUG:colcon.colcon_parallel_executor.executor.parallel:run_until_complete
[1.657s] INFO:colcon.colcon_ros.task.ament_cmake.build:Building ROS package in '/home/king/stream_ws/src/realsense-ros/realsense2_camera_msgs' with build type 'ament_cmake'
[1.657s] INFO:colcon.colcon_cmake.task.cmake.build:Building CMake package in '/home/king/stream_ws/src/realsense-ros/realsense2_camera_msgs'
[1.666s] INFO:colcon.colcon_core.plugin_system:Skipping extension 'colcon_core.shell.bat': Not used on non-Windows systems
[1.667s] INFO:colcon.colcon_core.shell:Skip shell extension 'powershell' for command environment: Not usable outside of PowerShell
[1.667s] DEBUG:colcon.colcon_core.shell:Skip shell extension 'dsv' for command environment
[1.703s] DEBUG:colcon.colcon_core.event_handler.log_command:Invoking command in '/home/king/stream_ws/build/realsense2_camera_msgs': /usr/bin/cmake /home/king/stream_ws/src/realsense-ros/realsense2_camera_msgs -DCMAKE_INSTALL_PREFIX=/home/king/stream_ws/install/realsense2_camera_msgs
[10.824s] DEBUG:colcon.colcon_core.event_handler.log_command:Invoked command in '/home/king/stream_ws/build/realsense2_camera_msgs' returned '0': /usr/bin/cmake /home/king/stream_ws/src/realsense-ros/realsense2_camera_msgs -DCMAKE_INSTALL_PREFIX=/home/king/stream_ws/install/realsense2_camera_msgs
[10.834s] DEBUG:colcon.colcon_core.event_handler.log_command:Invoking command in '/home/king/stream_ws/build/realsense2_camera_msgs': /usr/bin/cmake --build /home/king/stream_ws/build/realsense2_camera_msgs -- -j4 -l4
[36.002s] DEBUG:colcon.colcon_core.event_handler.log_command:Invoked command in '/home/king/stream_ws/build/realsense2_camera_msgs' returned '0': /usr/bin/cmake --build /home/king/stream_ws/build/realsense2_camera_msgs -- -j4 -l4
[36.045s] DEBUG:colcon.colcon_core.event_handler.log_command:Invoking command in '/home/king/stream_ws/build/realsense2_camera_msgs': /usr/bin/cmake --install /home/king/stream_ws/build/realsense2_camera_msgs
[36.549s] Level 1:colcon.colcon_core.environment:create_environment_scripts_only(realsense2_camera_msgs)
[36.551s] DEBUG:colcon.colcon_core.event_handler.log_command:Invoked command in '/home/king/stream_ws/build/realsense2_camera_msgs' returned '0': /usr/bin/cmake --install /home/king/stream_ws/build/realsense2_camera_msgs
[36.561s] Level 1:colcon.colcon_core.environment:checking '/home/king/stream_ws/install/realsense2_camera_msgs' for CMake module files
[36.565s] Level 1:colcon.colcon_core.environment:checking '/home/king/stream_ws/install/realsense2_camera_msgs' for CMake config files
[36.569s] Level 1:colcon.colcon_core.shell:create_environment_hook('realsense2_camera_msgs', 'cmake_prefix_path')
[36.570s] INFO:colcon.colcon_core.shell:Creating environment hook '/home/king/stream_ws/install/realsense2_camera_msgs/share/realsense2_camera_msgs/hook/cmake_prefix_path.ps1'
[36.572s] INFO:colcon.colcon_core.shell:Creating environment descriptor '/home/king/stream_ws/install/realsense2_camera_msgs/share/realsense2_camera_msgs/hook/cmake_prefix_path.dsv'
[36.574s] INFO:colcon.colcon_core.shell:Creating environment hook '/home/king/stream_ws/install/realsense2_camera_msgs/share/realsense2_camera_msgs/hook/cmake_prefix_path.sh'
[36.577s] Level 1:colcon.colcon_core.environment:checking '/home/king/stream_ws/install/realsense2_camera_msgs/lib'
[36.578s] Level 1:colcon.colcon_core.shell:create_environment_hook('realsense2_camera_msgs', 'ld_library_path_lib')
[36.579s] INFO:colcon.colcon_core.shell:Creating environment hook '/home/king/stream_ws/install/realsense2_camera_msgs/share/realsense2_camera_msgs/hook/ld_library_path_lib.ps1'
[36.581s] INFO:colcon.colcon_core.shell:Creating environment descriptor '/home/king/stream_ws/install/realsense2_camera_msgs/share/realsense2_camera_msgs/hook/ld_library_path_lib.dsv'
[36.582s] INFO:colcon.colcon_core.shell:Creating environment hook '/home/king/stream_ws/install/realsense2_camera_msgs/share/realsense2_camera_msgs/hook/ld_library_path_lib.sh'
[36.584s] Level 1:colcon.colcon_core.environment:checking '/home/king/stream_ws/install/realsense2_camera_msgs/bin'
[36.584s] Level 1:colcon.colcon_core.environment:checking '/home/king/stream_ws/install/realsense2_camera_msgs/lib/pkgconfig/realsense2_camera_msgs.pc'
[36.585s] Level 1:colcon.colcon_core.environment:checking '/home/king/stream_ws/install/realsense2_camera_msgs/lib/python3.10/site-packages'
[36.586s] Level 1:colcon.colcon_core.environment:checking '/home/king/stream_ws/install/realsense2_camera_msgs/bin'
[36.587s] INFO:colcon.colcon_core.shell:Creating package script '/home/king/stream_ws/install/realsense2_camera_msgs/share/realsense2_camera_msgs/package.ps1'
[36.590s] INFO:colcon.colcon_core.shell:Creating package descriptor '/home/king/stream_ws/install/realsense2_camera_msgs/share/realsense2_camera_msgs/package.dsv'
[36.593s] INFO:colcon.colcon_core.shell:Creating package script '/home/king/stream_ws/install/realsense2_camera_msgs/share/realsense2_camera_msgs/package.sh'
[36.596s] INFO:colcon.colcon_core.shell:Creating package script '/home/king/stream_ws/install/realsense2_camera_msgs/share/realsense2_camera_msgs/package.bash'
[36.600s] INFO:colcon.colcon_core.shell:Creating package script '/home/king/stream_ws/install/realsense2_camera_msgs/share/realsense2_camera_msgs/package.zsh'
[36.602s] Level 1:colcon.colcon_core.environment:create_file_with_runtime_dependencies(/home/king/stream_ws/install/realsense2_camera_msgs/share/colcon-core/packages/realsense2_camera_msgs)
[36.605s] Level 1:colcon.colcon_core.environment:create_environment_scripts_only(realsense2_camera_msgs)
[36.606s] Level 1:colcon.colcon_core.environment:checking '/home/king/stream_ws/install/realsense2_camera_msgs' for CMake module files
[36.610s] Level 1:colcon.colcon_core.environment:checking '/home/king/stream_ws/install/realsense2_camera_msgs' for CMake config files
[36.614s] Level 1:colcon.colcon_core.shell:create_environment_hook('realsense2_camera_msgs', 'cmake_prefix_path')
[36.614s] INFO:colcon.colcon_core.shell:Creating environment hook '/home/king/stream_ws/install/realsense2_camera_msgs/share/realsense2_camera_msgs/hook/cmake_prefix_path.ps1'
[36.616s] INFO:colcon.colcon_core.shell:Creating environment descriptor '/home/king/stream_ws/install/realsense2_camera_msgs/share/realsense2_camera_msgs/hook/cmake_prefix_path.dsv'
[36.618s] INFO:colcon.colcon_core.shell:Creating environment hook '/home/king/stream_ws/install/realsense2_camera_msgs/share/realsense2_camera_msgs/hook/cmake_prefix_path.sh'
[36.621s] Level 1:colcon.colcon_core.environment:checking '/home/king/stream_ws/install/realsense2_camera_msgs/lib'
[36.621s] Level 1:colcon.colcon_core.shell:create_environment_hook('realsense2_camera_msgs', 'ld_library_path_lib')
[36.622s] INFO:colcon.colcon_core.shell:Creating environment hook '/home/king/stream_ws/install/realsense2_camera_msgs/share/realsense2_camera_msgs/hook/ld_library_path_lib.ps1'
[36.624s] INFO:colcon.colcon_core.shell:Creating environment descriptor '/home/king/stream_ws/install/realsense2_camera_msgs/share/realsense2_camera_msgs/hook/ld_library_path_lib.dsv'
[36.626s] INFO:colcon.colcon_core.shell:Creating environment hook '/home/king/stream_ws/install/realsense2_camera_msgs/share/realsense2_camera_msgs/hook/ld_library_path_lib.sh'
[36.628s] Level 1:colcon.colcon_core.environment:checking '/home/king/stream_ws/install/realsense2_camera_msgs/bin'
[36.629s] Level 1:colcon.colcon_core.environment:checking '/home/king/stream_ws/install/realsense2_camera_msgs/lib/pkgconfig/realsense2_camera_msgs.pc'
[36.630s] Level 1:colcon.colcon_core.environment:checking '/home/king/stream_ws/install/realsense2_camera_msgs/lib/python3.10/site-packages'
[36.631s] Level 1:colcon.colcon_core.environment:checking '/home/king/stream_ws/install/realsense2_camera_msgs/bin'
[36.632s] INFO:colcon.colcon_core.shell:Creating package script '/home/king/stream_ws/install/realsense2_camera_msgs/share/realsense2_camera_msgs/package.ps1'
[36.634s] INFO:colcon.colcon_core.shell:Creating package descriptor '/home/king/stream_ws/install/realsense2_camera_msgs/share/realsense2_camera_msgs/package.dsv'
[36.637s] INFO:colcon.colcon_core.shell:Creating package script '/home/king/stream_ws/install/realsense2_camera_msgs/share/realsense2_camera_msgs/package.sh'
[36.639s] INFO:colcon.colcon_core.shell:Creating package script '/home/king/stream_ws/install/realsense2_camera_msgs/share/realsense2_camera_msgs/package.bash'
[36.641s] INFO:colcon.colcon_core.shell:Creating package script '/home/king/stream_ws/install/realsense2_camera_msgs/share/realsense2_camera_msgs/package.zsh'
[36.643s] Level 1:colcon.colcon_core.environment:create_file_with_runtime_dependencies(/home/king/stream_ws/install/realsense2_camera_msgs/share/colcon-core/packages/realsense2_camera_msgs)
[36.645s] INFO:colcon.colcon_ros.task.ament_cmake.build:Building ROS package in '/home/king/stream_ws/src/realsense-ros/realsense2_camera' with build type 'ament_cmake'
[36.645s] INFO:colcon.colcon_cmake.task.cmake.build:Building CMake package in '/home/king/stream_ws/src/realsense-ros/realsense2_camera'
[36.646s] INFO:colcon.colcon_core.shell:Skip shell extension 'powershell' for command environment: Not usable outside of PowerShell
[36.647s] DEBUG:colcon.colcon_core.shell:Skip shell extension 'dsv' for command environment
[36.666s] INFO:colcon.colcon_ros.task.ament_cmake.build:Building ROS package in '/home/king/stream_ws/src/realsense-ros/realsense2_description' with build type 'ament_cmake'
[36.667s] INFO:colcon.colcon_cmake.task.cmake.build:Building CMake package in '/home/king/stream_ws/src/realsense-ros/realsense2_description'
[36.668s] INFO:colcon.colcon_core.shell:Skip shell extension 'powershell' for command environment: Not usable outside of PowerShell
[36.669s] DEBUG:colcon.colcon_core.shell:Skip shell extension 'dsv' for command environment
[36.702s] DEBUG:colcon.colcon_core.event_handler.log_command:Invoking command in '/home/king/stream_ws/build/realsense2_camera': AMENT_PREFIX_PATH=/home/king/stream_ws/install/realsense2_camera_msgs:${AMENT_PREFIX_PATH} CMAKE_PREFIX_PATH=/home/king/stream_ws/install/realsense2_camera_msgs:/home/king/spidersense_ws/install/realsense2_description:/home/king/spidersense_ws/install/realsense2_camera:/home/king/spidersense_ws/install/realsense2_camera_msgs:/opt/ros/humble LD_LIBRARY_PATH=/home/king/stream_ws/install/realsense2_camera_msgs/lib:${LD_LIBRARY_PATH} PYTHONPATH=/home/king/stream_ws/install/realsense2_camera_msgs/local/lib/python3.10/dist-packages:${PYTHONPATH} /usr/bin/cmake /home/king/stream_ws/src/realsense-ros/realsense2_camera -DCMAKE_INSTALL_PREFIX=/home/king/stream_ws/install/realsense2_camera
[36.722s] DEBUG:colcon.colcon_core.event_handler.log_command:Invoking command in '/home/king/stream_ws/build/realsense2_description': AMENT_PREFIX_PATH=/home/king/stream_ws/install/realsense2_camera_msgs:${AMENT_PREFIX_PATH} CMAKE_PREFIX_PATH=/home/king/stream_ws/install/realsense2_camera_msgs:/home/king/spidersense_ws/install/realsense2_description:/home/king/spidersense_ws/install/realsense2_camera:/home/king/spidersense_ws/install/realsense2_camera_msgs:/opt/ros/humble LD_LIBRARY_PATH=/home/king/stream_ws/install/realsense2_camera_msgs/lib:${LD_LIBRARY_PATH} PYTHONPATH=/home/king/stream_ws/install/realsense2_camera_msgs/local/lib/python3.10/dist-packages:${PYTHONPATH} /usr/bin/cmake /home/king/stream_ws/src/realsense-ros/realsense2_description -DCMAKE_INSTALL_PREFIX=/home/king/stream_ws/install/realsense2_description
[39.844s] DEBUG:colcon.colcon_core.event_handler.log_command:Invoked command in '/home/king/stream_ws/build/realsense2_description' returned '0': AMENT_PREFIX_PATH=/home/king/stream_ws/install/realsense2_camera_msgs:${AMENT_PREFIX_PATH} CMAKE_PREFIX_PATH=/home/king/stream_ws/install/realsense2_camera_msgs:/home/king/spidersense_ws/install/realsense2_description:/home/king/spidersense_ws/install/realsense2_camera:/home/king/spidersense_ws/install/realsense2_camera_msgs:/opt/ros/humble LD_LIBRARY_PATH=/home/king/stream_ws/install/realsense2_camera_msgs/lib:${LD_LIBRARY_PATH} PYTHONPATH=/home/king/stream_ws/install/realsense2_camera_msgs/local/lib/python3.10/dist-packages:${PYTHONPATH} /usr/bin/cmake /home/king/stream_ws/src/realsense-ros/realsense2_description -DCMAKE_INSTALL_PREFIX=/home/king/stream_ws/install/realsense2_description
[39.853s] DEBUG:colcon.colcon_core.event_handler.log_command:Invoking command in '/home/king/stream_ws/build/realsense2_description': AMENT_PREFIX_PATH=/home/king/stream_ws/install/realsense2_camera_msgs:${AMENT_PREFIX_PATH} CMAKE_PREFIX_PATH=/home/king/stream_ws/install/realsense2_camera_msgs:/home/king/spidersense_ws/install/realsense2_description:/home/king/spidersense_ws/install/realsense2_camera:/home/king/spidersense_ws/install/realsense2_camera_msgs:/opt/ros/humble LD_LIBRARY_PATH=/home/king/stream_ws/install/realsense2_camera_msgs/lib:${LD_LIBRARY_PATH} PYTHONPATH=/home/king/stream_ws/install/realsense2_camera_msgs/local/lib/python3.10/dist-packages:${PYTHONPATH} /usr/bin/cmake --build /home/king/stream_ws/build/realsense2_description -- -j4 -l4
[39.997s] DEBUG:colcon.colcon_core.event_handler.log_command:Invoked command in '/home/king/stream_ws/build/realsense2_description' returned '0': AMENT_PREFIX_PATH=/home/king/stream_ws/install/realsense2_camera_msgs:${AMENT_PREFIX_PATH} CMAKE_PREFIX_PATH=/home/king/stream_ws/install/realsense2_camera_msgs:/home/king/spidersense_ws/install/realsense2_description:/home/king/spidersense_ws/install/realsense2_camera:/home/king/spidersense_ws/install/realsense2_camera_msgs:/opt/ros/humble LD_LIBRARY_PATH=/home/king/stream_ws/install/realsense2_camera_msgs/lib:${LD_LIBRARY_PATH} PYTHONPATH=/home/king/stream_ws/install/realsense2_camera_msgs/local/lib/python3.10/dist-packages:${PYTHONPATH} /usr/bin/cmake --build /home/king/stream_ws/build/realsense2_description -- -j4 -l4
[40.006s] DEBUG:colcon.colcon_core.event_handler.log_command:Invoking command in '/home/king/stream_ws/build/realsense2_description': AMENT_PREFIX_PATH=/home/king/stream_ws/install/realsense2_camera_msgs:${AMENT_PREFIX_PATH} CMAKE_PREFIX_PATH=/home/king/stream_ws/install/realsense2_camera_msgs:/home/king/spidersense_ws/install/realsense2_description:/home/king/spidersense_ws/install/realsense2_camera:/home/king/spidersense_ws/install/realsense2_camera_msgs:/opt/ros/humble LD_LIBRARY_PATH=/home/king/stream_ws/install/realsense2_camera_msgs/lib:${LD_LIBRARY_PATH} PYTHONPATH=/home/king/stream_ws/install/realsense2_camera_msgs/local/lib/python3.10/dist-packages:${PYTHONPATH} /usr/bin/cmake --install /home/king/stream_ws/build/realsense2_description
[40.776s] Level 1:colcon.colcon_core.environment:create_environment_scripts_only(realsense2_description)
[40.778s] Level 1:colcon.colcon_core.environment:checking '/home/king/stream_ws/install/realsense2_description' for CMake module files
[40.780s] DEBUG:colcon.colcon_core.event_handler.log_command:Invoked command in '/home/king/stream_ws/build/realsense2_description' returned '0': AMENT_PREFIX_PATH=/home/king/stream_ws/install/realsense2_camera_msgs:${AMENT_PREFIX_PATH} CMAKE_PREFIX_PATH=/home/king/stream_ws/install/realsense2_camera_msgs:/home/king/spidersense_ws/install/realsense2_description:/home/king/spidersense_ws/install/realsense2_camera:/home/king/spidersense_ws/install/realsense2_camera_msgs:/opt/ros/humble LD_LIBRARY_PATH=/home/king/stream_ws/install/realsense2_camera_msgs/lib:${LD_LIBRARY_PATH} PYTHONPATH=/home/king/stream_ws/install/realsense2_camera_msgs/local/lib/python3.10/dist-packages:${PYTHONPATH} /usr/bin/cmake --install /home/king/stream_ws/build/realsense2_description
[40.782s] Level 1:colcon.colcon_core.environment:checking '/home/king/stream_ws/install/realsense2_description' for CMake config files
[40.783s] Level 1:colcon.colcon_core.shell:create_environment_hook('realsense2_description', 'cmake_prefix_path')
[40.784s] INFO:colcon.colcon_core.shell:Creating environment hook '/home/king/stream_ws/install/realsense2_description/share/realsense2_description/hook/cmake_prefix_path.ps1'
[40.787s] INFO:colcon.colcon_core.shell:Creating environment descriptor '/home/king/stream_ws/install/realsense2_description/share/realsense2_description/hook/cmake_prefix_path.dsv'
[40.788s] INFO:colcon.colcon_core.shell:Creating environment hook '/home/king/stream_ws/install/realsense2_description/share/realsense2_description/hook/cmake_prefix_path.sh'
[40.791s] Level 1:colcon.colcon_core.environment:checking '/home/king/stream_ws/install/realsense2_description/bin'
[40.791s] Level 1:colcon.colcon_core.environment:checking '/home/king/stream_ws/install/realsense2_description/lib/pkgconfig/realsense2_description.pc'
[40.792s] Level 1:colcon.colcon_core.environment:checking '/home/king/stream_ws/install/realsense2_description/lib/python3.10/site-packages'
[40.793s] Level 1:colcon.colcon_core.environment:checking '/home/king/stream_ws/install/realsense2_description/bin'
[40.794s] INFO:colcon.colcon_core.shell:Creating package script '/home/king/stream_ws/install/realsense2_description/share/realsense2_description/package.ps1'
[40.796s] INFO:colcon.colcon_core.shell:Creating package descriptor '/home/king/stream_ws/install/realsense2_description/share/realsense2_description/package.dsv'
[41.789s] INFO:colcon.colcon_core.shell:Creating package script '/home/king/stream_ws/install/realsense2_description/share/realsense2_description/package.sh'
[41.791s] INFO:colcon.colcon_core.shell:Creating package script '/home/king/stream_ws/install/realsense2_description/share/realsense2_description/package.bash'
[41.792s] INFO:colcon.colcon_core.shell:Creating package script '/home/king/stream_ws/install/realsense2_description/share/realsense2_description/package.zsh'
[41.794s] Level 1:colcon.colcon_core.environment:create_file_with_runtime_dependencies(/home/king/stream_ws/install/realsense2_description/share/colcon-core/packages/realsense2_description)
[41.796s] Level 1:colcon.colcon_core.environment:create_environment_scripts_only(realsense2_description)
[41.798s] Level 1:colcon.colcon_core.environment:checking '/home/king/stream_ws/install/realsense2_description' for CMake module files
[41.801s] Level 1:colcon.colcon_core.environment:checking '/home/king/stream_ws/install/realsense2_description' for CMake config files
[41.802s] Level 1:colcon.colcon_core.shell:create_environment_hook('realsense2_description', 'cmake_prefix_path')
[41.803s] INFO:colcon.colcon_core.shell:Creating environment hook '/home/king/stream_ws/install/realsense2_description/share/realsense2_description/hook/cmake_prefix_path.ps1'
[41.805s] INFO:colcon.colcon_core.shell:Creating environment descriptor '/home/king/stream_ws/install/realsense2_description/share/realsense2_description/hook/cmake_prefix_path.dsv'
[41.806s] INFO:colcon.colcon_core.shell:Creating environment hook '/home/king/stream_ws/install/realsense2_description/share/realsense2_description/hook/cmake_prefix_path.sh'
[41.809s] Level 1:colcon.colcon_core.environment:checking '/home/king/stream_ws/install/realsense2_description/bin'
[41.809s] Level 1:colcon.colcon_core.environment:checking '/home/king/stream_ws/install/realsense2_description/lib/pkgconfig/realsense2_description.pc'
[41.810s] Level 1:colcon.colcon_core.environment:checking '/home/king/stream_ws/install/realsense2_description/lib/python3.10/site-packages'
[41.811s] Level 1:colcon.colcon_core.environment:checking '/home/king/stream_ws/install/realsense2_description/bin'
[41.812s] INFO:colcon.colcon_core.shell:Creating package script '/home/king/stream_ws/install/realsense2_description/share/realsense2_description/package.ps1'
[41.814s] INFO:colcon.colcon_core.shell:Creating package descriptor '/home/king/stream_ws/install/realsense2_description/share/realsense2_description/package.dsv'
[42.769s] INFO:colcon.colcon_core.shell:Creating package script '/home/king/stream_ws/install/realsense2_description/share/realsense2_description/package.sh'
[42.775s] INFO:colcon.colcon_core.shell:Creating package script '/home/king/stream_ws/install/realsense2_description/share/realsense2_description/package.bash'
[42.780s] INFO:colcon.colcon_core.shell:Creating package script '/home/king/stream_ws/install/realsense2_description/share/realsense2_description/package.zsh'
[42.783s] Level 1:colcon.colcon_core.environment:create_file_with_runtime_dependencies(/home/king/stream_ws/install/realsense2_description/share/colcon-core/packages/realsense2_description)
[118.372s] DEBUG:colcon.colcon_core.event_handler.log_command:Invoked command in '/home/king/stream_ws/build/realsense2_camera' returned '0': AMENT_PREFIX_PATH=/home/king/stream_ws/install/realsense2_camera_msgs:${AMENT_PREFIX_PATH} CMAKE_PREFIX_PATH=/home/king/stream_ws/install/realsense2_camera_msgs:/home/king/spidersense_ws/install/realsense2_description:/home/king/spidersense_ws/install/realsense2_camera:/home/king/spidersense_ws/install/realsense2_camera_msgs:/opt/ros/humble LD_LIBRARY_PATH=/home/king/stream_ws/install/realsense2_camera_msgs/lib:${LD_LIBRARY_PATH} PYTHONPATH=/home/king/stream_ws/install/realsense2_camera_msgs/local/lib/python3.10/dist-packages:${PYTHONPATH} /usr/bin/cmake /home/king/stream_ws/src/realsense-ros/realsense2_camera -DCMAKE_INSTALL_PREFIX=/home/king/stream_ws/install/realsense2_camera
[118.379s] DEBUG:colcon.colcon_core.event_handler.log_command:Invoking command in '/home/king/stream_ws/build/realsense2_camera': AMENT_PREFIX_PATH=/home/king/stream_ws/install/realsense2_camera_msgs:${AMENT_PREFIX_PATH} CMAKE_PREFIX_PATH=/home/king/stream_ws/install/realsense2_camera_msgs:/home/king/spidersense_ws/install/realsense2_description:/home/king/spidersense_ws/install/realsense2_camera:/home/king/spidersense_ws/install/realsense2_camera_msgs:/opt/ros/humble LD_LIBRARY_PATH=/home/king/stream_ws/install/realsense2_camera_msgs/lib:${LD_LIBRARY_PATH} PYTHONPATH=/home/king/stream_ws/install/realsense2_camera_msgs/local/lib/python3.10/dist-packages:${PYTHONPATH} /usr/bin/cmake --build /home/king/stream_ws/build/realsense2_camera -- -j4 -l4
[309.151s] DEBUG:colcon.colcon_core.event_handler.log_command:Invoked command in '/home/king/stream_ws/build/realsense2_camera' returned '0': AMENT_PREFIX_PATH=/home/king/stream_ws/install/realsense2_camera_msgs:${AMENT_PREFIX_PATH} CMAKE_PREFIX_PATH=/home/king/stream_ws/install/realsense2_camera_msgs:/home/king/spidersense_ws/install/realsense2_description:/home/king/spidersense_ws/install/realsense2_camera:/home/king/spidersense_ws/install/realsense2_camera_msgs:/opt/ros/humble LD_LIBRARY_PATH=/home/king/stream_ws/install/realsense2_camera_msgs/lib:${LD_LIBRARY_PATH} PYTHONPATH=/home/king/stream_ws/install/realsense2_camera_msgs/local/lib/python3.10/dist-packages:${PYTHONPATH} /usr/bin/cmake --build /home/king/stream_ws/build/realsense2_camera -- -j4 -l4
[309.165s] DEBUG:colcon.colcon_core.event_handler.log_command:Invoking command in '/home/king/stream_ws/build/realsense2_camera': AMENT_PREFIX_PATH=/home/king/stream_ws/install/realsense2_camera_msgs:${AMENT_PREFIX_PATH} CMAKE_PREFIX_PATH=/home/king/stream_ws/install/realsense2_camera_msgs:/home/king/spidersense_ws/install/realsense2_description:/home/king/spidersense_ws/install/realsense2_camera:/home/king/spidersense_ws/install/realsense2_camera_msgs:/opt/ros/humble LD_LIBRARY_PATH=/home/king/stream_ws/install/realsense2_camera_msgs/lib:${LD_LIBRARY_PATH} PYTHONPATH=/home/king/stream_ws/install/realsense2_camera_msgs/local/lib/python3.10/dist-packages:${PYTHONPATH} /usr/bin/cmake --install /home/king/stream_ws/build/realsense2_camera
[309.334s] Level 1:colcon.colcon_core.environment:create_environment_scripts_only(realsense2_camera)
[309.335s] Level 1:colcon.colcon_core.environment:checking '/home/king/stream_ws/install/realsense2_camera' for CMake module files
[309.337s] DEBUG:colcon.colcon_core.event_handler.log_command:Invoked command in '/home/king/stream_ws/build/realsense2_camera' returned '0': AMENT_PREFIX_PATH=/home/king/stream_ws/install/realsense2_camera_msgs:${AMENT_PREFIX_PATH} CMAKE_PREFIX_PATH=/home/king/stream_ws/install/realsense2_camera_msgs:/home/king/spidersense_ws/install/realsense2_description:/home/king/spidersense_ws/install/realsense2_camera:/home/king/spidersense_ws/install/realsense2_camera_msgs:/opt/ros/humble LD_LIBRARY_PATH=/home/king/stream_ws/install/realsense2_camera_msgs/lib:${LD_LIBRARY_PATH} PYTHONPATH=/home/king/stream_ws/install/realsense2_camera_msgs/local/lib/python3.10/dist-packages:${PYTHONPATH} /usr/bin/cmake --install /home/king/stream_ws/build/realsense2_camera
[309.339s] Level 1:colcon.colcon_core.environment:checking '/home/king/stream_ws/install/realsense2_camera' for CMake config files
[309.343s] Level 1:colcon.colcon_core.shell:create_environment_hook('realsense2_camera', 'cmake_prefix_path')
[309.344s] INFO:colcon.colcon_core.shell:Creating environment hook '/home/king/stream_ws/install/realsense2_camera/share/realsense2_camera/hook/cmake_prefix_path.ps1'
[309.347s] INFO:colcon.colcon_core.shell:Creating environment descriptor '/home/king/stream_ws/install/realsense2_camera/share/realsense2_camera/hook/cmake_prefix_path.dsv'
[309.349s] INFO:colcon.colcon_core.shell:Creating environment hook '/home/king/stream_ws/install/realsense2_camera/share/realsense2_camera/hook/cmake_prefix_path.sh'
[309.352s] Level 1:colcon.colcon_core.environment:checking '/home/king/stream_ws/install/realsense2_camera/lib'
[309.353s] Level 1:colcon.colcon_core.shell:create_environment_hook('realsense2_camera', 'ld_library_path_lib')
[309.354s] INFO:colcon.colcon_core.shell:Creating environment hook '/home/king/stream_ws/install/realsense2_camera/share/realsense2_camera/hook/ld_library_path_lib.ps1'
[309.355s] INFO:colcon.colcon_core.shell:Creating environment descriptor '/home/king/stream_ws/install/realsense2_camera/share/realsense2_camera/hook/ld_library_path_lib.dsv'
[309.357s] INFO:colcon.colcon_core.shell:Creating environment hook '/home/king/stream_ws/install/realsense2_camera/share/realsense2_camera/hook/ld_library_path_lib.sh'
[309.359s] Level 1:colcon.colcon_core.environment:checking '/home/king/stream_ws/install/realsense2_camera/bin'
[309.359s] Level 1:colcon.colcon_core.environment:checking '/home/king/stream_ws/install/realsense2_camera/lib/pkgconfig/realsense2_camera.pc'
[309.360s] Level 1:colcon.colcon_core.environment:checking '/home/king/stream_ws/install/realsense2_camera/lib/python3.10/site-packages'
[309.361s] Level 1:colcon.colcon_core.environment:checking '/home/king/stream_ws/install/realsense2_camera/bin'
[309.362s] INFO:colcon.colcon_core.shell:Creating package script '/home/king/stream_ws/install/realsense2_camera/share/realsense2_camera/package.ps1'
[309.365s] INFO:colcon.colcon_core.shell:Creating package descriptor '/home/king/stream_ws/install/realsense2_camera/share/realsense2_camera/package.dsv'
[309.368s] INFO:colcon.colcon_core.shell:Creating package script '/home/king/stream_ws/install/realsense2_camera/share/realsense2_camera/package.sh'
[309.371s] INFO:colcon.colcon_core.shell:Creating package script '/home/king/stream_ws/install/realsense2_camera/share/realsense2_camera/package.bash'
[309.373s] INFO:colcon.colcon_core.shell:Creating package script '/home/king/stream_ws/install/realsense2_camera/share/realsense2_camera/package.zsh'
[309.375s] Level 1:colcon.colcon_core.environment:create_file_with_runtime_dependencies(/home/king/stream_ws/install/realsense2_camera/share/colcon-core/packages/realsense2_camera)
[309.378s] Level 1:colcon.colcon_core.environment:create_environment_scripts_only(realsense2_camera)
[309.379s] Level 1:colcon.colcon_core.environment:checking '/home/king/stream_ws/install/realsense2_camera' for CMake module files
[309.383s] Level 1:colcon.colcon_core.environment:checking '/home/king/stream_ws/install/realsense2_camera' for CMake config files
[309.386s] Level 1:colcon.colcon_core.shell:create_environment_hook('realsense2_camera', 'cmake_prefix_path')
[309.386s] INFO:colcon.colcon_core.shell:Creating environment hook '/home/king/stream_ws/install/realsense2_camera/share/realsense2_camera/hook/cmake_prefix_path.ps1'
[309.389s] INFO:colcon.colcon_core.shell:Creating environment descriptor '/home/king/stream_ws/install/realsense2_camera/share/realsense2_camera/hook/cmake_prefix_path.dsv'
[309.390s] INFO:colcon.colcon_core.shell:Creating environment hook '/home/king/stream_ws/install/realsense2_camera/share/realsense2_camera/hook/cmake_prefix_path.sh'
[309.393s] Level 1:colcon.colcon_core.environment:checking '/home/king/stream_ws/install/realsense2_camera/lib'
[309.394s] Level 1:colcon.colcon_core.shell:create_environment_hook('realsense2_camera', 'ld_library_path_lib')
[309.394s] INFO:colcon.colcon_core.shell:Creating environment hook '/home/king/stream_ws/install/realsense2_camera/share/realsense2_camera/hook/ld_library_path_lib.ps1'
[309.396s] INFO:colcon.colcon_core.shell:Creating environment descriptor '/home/king/stream_ws/install/realsense2_camera/share/realsense2_camera/hook/ld_library_path_lib.dsv'
[309.398s] INFO:colcon.colcon_core.shell:Creating environment hook '/home/king/stream_ws/install/realsense2_camera/share/realsense2_camera/hook/ld_library_path_lib.sh'
[309.400s] Level 1:colcon.colcon_core.environment:checking '/home/king/stream_ws/install/realsense2_camera/bin'
[309.400s] Level 1:colcon.colcon_core.environment:checking '/home/king/stream_ws/install/realsense2_camera/lib/pkgconfig/realsense2_camera.pc'
[309.401s] Level 1:colcon.colcon_core.environment:checking '/home/king/stream_ws/install/realsense2_camera/lib/python3.10/site-packages'
[309.402s] Level 1:colcon.colcon_core.environment:checking '/home/king/stream_ws/install/realsense2_camera/bin'
[309.403s] INFO:colcon.colcon_core.shell:Creating package script '/home/king/stream_ws/install/realsense2_camera/share/realsense2_camera/package.ps1'
[309.405s] INFO:colcon.colcon_core.shell:Creating package descriptor '/home/king/stream_ws/install/realsense2_camera/share/realsense2_camera/package.dsv'
[309.408s] INFO:colcon.colcon_core.shell:Creating package script '/home/king/stream_ws/install/realsense2_camera/share/realsense2_camera/package.sh'
[309.410s] INFO:colcon.colcon_core.shell:Creating package script '/home/king/stream_ws/install/realsense2_camera/share/realsense2_camera/package.bash'
[309.412s] INFO:colcon.colcon_core.shell:Creating package script '/home/king/stream_ws/install/realsense2_camera/share/realsense2_camera/package.zsh'
[309.414s] Level 1:colcon.colcon_core.environment:create_file_with_runtime_dependencies(/home/king/stream_ws/install/realsense2_camera/share/colcon-core/packages/realsense2_camera)
[309.415s] DEBUG:colcon.colcon_parallel_executor.executor.parallel:closing loop
[309.416s] DEBUG:colcon.colcon_parallel_executor.executor.parallel:loop closed
[309.417s] DEBUG:colcon.colcon_parallel_executor.executor.parallel:run_until_complete finished with '0'
[309.417s] DEBUG:colcon.colcon_core.event_reactor:joining thread
[309.463s] INFO:colcon.colcon_core.plugin_system:Skipping extension 'colcon_notification.desktop_notification.notify_send': Could not find 'notify-send'
[309.463s] INFO:colcon.colcon_core.plugin_system:Skipping extension 'colcon_notification.desktop_notification.terminal_notifier': Not used on non-Darwin systems
[309.464s] INFO:colcon.colcon_core.plugin_system:Skipping extension 'colcon_notification.desktop_notification.win32': Not used on non-Windows systems
[309.464s] INFO:colcon.colcon_notification.desktop_notification:Sending desktop notification using 'notify2'
[309.468s] DEBUG:colcon.colcon_notification.desktop_notification.notify2:Failed to initialize notify2: org.freedesktop.DBus.Error.ServiceUnknown: The name org.freedesktop.Notifications was not provided by any .service files
[309.468s] DEBUG:colcon.colcon_core.event_reactor:joined thread
[309.469s] INFO:colcon.colcon_core.shell:Creating prefix script '/home/king/stream_ws/install/local_setup.ps1'
[309.473s] INFO:colcon.colcon_core.shell:Creating prefix util module '/home/king/stream_ws/install/_local_setup_util_ps1.py'
[309.479s] INFO:colcon.colcon_core.shell:Creating prefix chain script '/home/king/stream_ws/install/setup.ps1'
[309.489s] INFO:colcon.colcon_core.shell:Creating prefix script '/home/king/stream_ws/install/local_setup.sh'
[309.491s] INFO:colcon.colcon_core.shell:Creating prefix util module '/home/king/stream_ws/install/_local_setup_util_sh.py'
[309.494s] INFO:colcon.colcon_core.shell:Creating prefix chain script '/home/king/stream_ws/install/setup.sh'
[309.500s] INFO:colcon.colcon_core.shell:Creating prefix script '/home/king/stream_ws/install/local_setup.bash'
[309.502s] INFO:colcon.colcon_core.shell:Creating prefix chain script '/home/king/stream_ws/install/setup.bash'
[309.506s] INFO:colcon.colcon_core.shell:Creating prefix script '/home/king/stream_ws/install/local_setup.zsh'
[309.508s] INFO:colcon.colcon_core.shell:Creating prefix chain script '/home/king/stream_ws/install/setup.zsh'
