[0.053s] Invoking command in '/home/king/stream_ws/build/realsense2_camera': AMENT_PREFIX_PATH=/home/king/stream_ws/install/realsense2_camera_msgs:${AMENT_PREFIX_PATH} CMAKE_PREFIX_PATH=/home/king/stream_ws/install/realsense2_camera_msgs:/home/king/spidersense_ws/install/realsense2_description:/home/king/spidersense_ws/install/realsense2_camera:/home/king/spidersense_ws/install/realsense2_camera_msgs:/opt/ros/humble LD_LIBRARY_PATH=/home/king/stream_ws/install/realsense2_camera_msgs/lib:${LD_LIBRARY_PATH} PYTHONPATH=/home/king/stream_ws/install/realsense2_camera_msgs/local/lib/python3.10/dist-packages:${PYTHONPATH} /usr/bin/cmake /home/king/stream_ws/src/realsense-ros/realsense2_camera -DCMAKE_INSTALL_PREFIX=/home/king/stream_ws/install/realsense2_camera
[0.317s] -- The C compiler identification is GNU 11.4.0
[0.578s] -- The CXX compiler identification is GNU 11.4.0
[0.607s] -- Detecting C compiler ABI info
[0.930s] -- Detecting C compiler ABI info - done
[0.955s] -- Check for working C compiler: /usr/bin/cc - skipped
[0.955s] -- Detecting C compile features
[0.957s] -- Detecting C compile features - done
[0.968s] -- Detecting CXX compiler ABI info
[1.327s] -- Detecting CXX compiler ABI info - done
[1.352s] -- Check for working CXX compiler: /usr/bin/c++ - skipped
[1.353s] -- Detecting CXX compile features
[1.355s] -- Detecting CXX compile features - done
[1.358s] -- Create Release Build.
[1.384s] -- Found ament_cmake: 1.3.11 (/opt/ros/humble/share/ament_cmake/cmake)
[2.211s] -- Found Python3: /usr/bin/python3 (found version "3.10.12") found components: Interpreter 
[2.859s] -- Found builtin_interfaces: 1.2.1 (/opt/ros/humble/share/builtin_interfaces/cmake)
[3.168s] -- Found rosidl_generator_c: 3.1.6 (/opt/ros/humble/share/rosidl_generator_c/cmake)
[3.222s] -- Found rosidl_adapter: 3.1.6 (/opt/ros/humble/share/rosidl_adapter/cmake)
[3.289s] -- Found rosidl_generator_cpp: 3.1.6 (/opt/ros/humble/share/rosidl_generator_cpp/cmake)
[3.377s] -- Using all available rosidl_typesupport_c: rosidl_typesupport_fastrtps_c;rosidl_typesupport_introspection_c
[3.495s] -- Using all available rosidl_typesupport_cpp: rosidl_typesupport_fastrtps_cpp;rosidl_typesupport_introspection_cpp
[3.609s] -- Found cv_bridge: 3.2.1 (/opt/ros/humble/share/cv_bridge/cmake)
[4.092s] -- Found image_transport: 3.1.10 (/opt/ros/humble/share/image_transport/cmake)
[4.290s] -- Found rmw_implementation_cmake: 6.1.2 (/opt/ros/humble/share/rmw_implementation_cmake/cmake)
[4.316s] -- Found rmw_fastrtps_cpp: 6.2.7 (/opt/ros/humble/share/rmw_fastrtps_cpp/cmake)
[4.873s] -- Found OpenSSL: /usr/lib/aarch64-linux-gnu/libcrypto.so (found version "3.0.2")  
[5.095s] -- Found FastRTPS: /opt/ros/humble/include  
[5.459s] -- Using RMW implementation 'rmw_fastrtps_cpp' as default
[5.541s] -- Looking for pthread.h
[7.400s] -- Looking for pthread.h - found
[7.401s] -- Performing Test CMAKE_HAVE_LIBC_PTHREAD
[7.778s] -- Performing Test CMAKE_HAVE_LIBC_PTHREAD - Success
[7.783s] -- Found Threads: TRUE  
[8.309s] -- Found rclcpp_components: 16.0.11 (/opt/ros/humble/share/rclcpp_components/cmake)
[8.392s] -- Found realsense2_camera_msgs: 4.55.1 (/home/king/stream_ws/install/realsense2_camera_msgs/share/realsense2_camera_msgs/cmake)
[8.481s] -- Found nav_msgs: 4.2.4 (/opt/ros/humble/share/nav_msgs/cmake)
[8.561s] -- Found tf2_ros: 0.25.12 (/opt/ros/humble/share/tf2_ros/cmake)
[8.931s] -- Found diagnostic_updater: 4.0.2 (/opt/ros/humble/share/diagnostic_updater/cmake)
[9.032s] -- Found OpenCV: /usr (found version "4.5.4") found components: core 
[9.059s] -- Build for ROS2 Humble
[9.097s] -- Found ament_cmake_gtest: 1.3.11 (/opt/ros/humble/share/ament_cmake_gtest/cmake)
[9.121s] -- Found gtest sources under '/opt/ros/humble/src/gtest_vendor': C++ tests using 'Google Test' will be built
[9.155s] -- Found ament_cmake_pytest: 1.3.11 (/opt/ros/humble/share/ament_cmake_pytest/cmake)
[70.502s] -- rs_device_info:
[70.502s] -- Device Name                   Serial Number       Firmware Version
[70.503s] Intel RealSense D435I         215322071634        5.16.0.1
[70.503s] 
[70.503s] -- D455 device found
[81.477s] -- Configuring done
[81.637s] -- Generating done
[81.672s] -- Build files have been written to: /home/king/stream_ws/build/realsense2_camera
[81.723s] Invoked command in '/home/king/stream_ws/build/realsense2_camera' returned '0': AMENT_PREFIX_PATH=/home/king/stream_ws/install/realsense2_camera_msgs:${AMENT_PREFIX_PATH} CMAKE_PREFIX_PATH=/home/king/stream_ws/install/realsense2_camera_msgs:/home/king/spidersense_ws/install/realsense2_description:/home/king/spidersense_ws/install/realsense2_camera:/home/king/spidersense_ws/install/realsense2_camera_msgs:/opt/ros/humble LD_LIBRARY_PATH=/home/king/stream_ws/install/realsense2_camera_msgs/lib:${LD_LIBRARY_PATH} PYTHONPATH=/home/king/stream_ws/install/realsense2_camera_msgs/local/lib/python3.10/dist-packages:${PYTHONPATH} /usr/bin/cmake /home/king/stream_ws/src/realsense-ros/realsense2_camera -DCMAKE_INSTALL_PREFIX=/home/king/stream_ws/install/realsense2_camera
[81.730s] Invoking command in '/home/king/stream_ws/build/realsense2_camera': AMENT_PREFIX_PATH=/home/king/stream_ws/install/realsense2_camera_msgs:${AMENT_PREFIX_PATH} CMAKE_PREFIX_PATH=/home/king/stream_ws/install/realsense2_camera_msgs:/home/king/spidersense_ws/install/realsense2_description:/home/king/spidersense_ws/install/realsense2_camera:/home/king/spidersense_ws/install/realsense2_camera_msgs:/opt/ros/humble LD_LIBRARY_PATH=/home/king/stream_ws/install/realsense2_camera_msgs/lib:${LD_LIBRARY_PATH} PYTHONPATH=/home/king/stream_ws/install/realsense2_camera_msgs/local/lib/python3.10/dist-packages:${PYTHONPATH} /usr/bin/cmake --build /home/king/stream_ws/build/realsense2_camera -- -j4 -l4
[81.972s] [  4%] [32mBuilding CXX object CMakeFiles/realsense2_camera_node.dir/rclcpp_components/node_main_realsense2_camera_node.cpp.o[0m
[81.975s] [ 13%] [32mBuilding CXX object CMakeFiles/realsense2_camera.dir/src/realsense_node_factory.cpp.o[0m
[81.976s] [ 13%] [32mBuilding CXX object gtest/CMakeFiles/gtest_main.dir/src/gtest_main.cc.o[0m
[81.981s] [ 18%] [32mBuilding CXX object gtest/CMakeFiles/gtest.dir/src/gtest-all.cc.o[0m
[85.508s] [ 22%] [32m[1mLinking CXX static library libgtest_main.a[0m
[85.705s] [ 22%] Built target gtest_main
[85.756s] [ 27%] [32mBuilding CXX object CMakeFiles/realsense2_camera.dir/src/base_realsense_node.cpp.o[0m
[103.346s] [ 31%] [32m[1mLinking CXX executable realsense2_camera_node[0m
[104.018s] [ 31%] Built target realsense2_camera_node
[104.071s] [ 36%] [32mBuilding CXX object CMakeFiles/realsense2_camera.dir/src/parameters.cpp.o[0m
[126.917s] [ 40%] [32m[1mLinking CXX static library libgtest.a[0m
[127.190s] [ 40%] Built target gtest
[127.308s] [ 45%] [32mBuilding CXX object CMakeFiles/gtest_template.dir/test/gtest_template.cpp.o[0m
[132.763s] [ 50%] [32m[1mLinking CXX executable gtest_template[0m
[133.258s] [ 50%] Built target gtest_template
[133.308s] [ 54%] [32mBuilding CXX object CMakeFiles/realsense2_camera.dir/src/rs_node_setup.cpp.o[0m
[148.942s] [ 59%] [32mBuilding CXX object CMakeFiles/realsense2_camera.dir/src/ros_sensor.cpp.o[0m
[151.819s] [ 63%] [32mBuilding CXX object CMakeFiles/realsense2_camera.dir/src/ros_utils.cpp.o[0m
[174.500s] [ 68%] [32mBuilding CXX object CMakeFiles/realsense2_camera.dir/src/dynamic_params.cpp.o[0m
[176.721s] [ 72%] [32mBuilding CXX object CMakeFiles/realsense2_camera.dir/src/sensor_params.cpp.o[0m
[193.913s] [ 77%] [32mBuilding CXX object CMakeFiles/realsense2_camera.dir/src/named_filter.cpp.o[0m
[211.475s] [ 81%] [32mBuilding CXX object CMakeFiles/realsense2_camera.dir/src/profile_manager.cpp.o[0m
[211.923s] [ 86%] [32mBuilding CXX object CMakeFiles/realsense2_camera.dir/src/image_publisher.cpp.o[0m
[215.393s] [ 90%] [32mBuilding CXX object CMakeFiles/realsense2_camera.dir/src/tfs.cpp.o[0m
[242.935s] [ 95%] [32mBuilding CXX object CMakeFiles/realsense2_camera.dir/src/ros_param_backend.cpp.o[0m
[268.667s] [100%] [32m[1mLinking CXX shared library librealsense2_camera.so[0m
[272.455s] [100%] Built target realsense2_camera
[272.502s] Invoked command in '/home/king/stream_ws/build/realsense2_camera' returned '0': AMENT_PREFIX_PATH=/home/king/stream_ws/install/realsense2_camera_msgs:${AMENT_PREFIX_PATH} CMAKE_PREFIX_PATH=/home/king/stream_ws/install/realsense2_camera_msgs:/home/king/spidersense_ws/install/realsense2_description:/home/king/spidersense_ws/install/realsense2_camera:/home/king/spidersense_ws/install/realsense2_camera_msgs:/opt/ros/humble LD_LIBRARY_PATH=/home/king/stream_ws/install/realsense2_camera_msgs/lib:${LD_LIBRARY_PATH} PYTHONPATH=/home/king/stream_ws/install/realsense2_camera_msgs/local/lib/python3.10/dist-packages:${PYTHONPATH} /usr/bin/cmake --build /home/king/stream_ws/build/realsense2_camera -- -j4 -l4
[272.515s] Invoking command in '/home/king/stream_ws/build/realsense2_camera': AMENT_PREFIX_PATH=/home/king/stream_ws/install/realsense2_camera_msgs:${AMENT_PREFIX_PATH} CMAKE_PREFIX_PATH=/home/king/stream_ws/install/realsense2_camera_msgs:/home/king/spidersense_ws/install/realsense2_description:/home/king/spidersense_ws/install/realsense2_camera:/home/king/spidersense_ws/install/realsense2_camera_msgs:/opt/ros/humble LD_LIBRARY_PATH=/home/king/stream_ws/install/realsense2_camera_msgs/lib:${LD_LIBRARY_PATH} PYTHONPATH=/home/king/stream_ws/install/realsense2_camera_msgs/local/lib/python3.10/dist-packages:${PYTHONPATH} /usr/bin/cmake --install /home/king/stream_ws/build/realsense2_camera
[272.551s] -- Install configuration: "Release"
[272.554s] -- Installing: /home/king/stream_ws/install/realsense2_camera/lib/realsense2_camera/realsense2_camera_node
[272.560s] -- Set runtime path of "/home/king/stream_ws/install/realsense2_camera/lib/realsense2_camera/realsense2_camera_node" to ""
[272.561s] -- Installing: /home/king/stream_ws/install/realsense2_camera/lib/librealsense2_camera.so
[272.582s] -- Set runtime path of "/home/king/stream_ws/install/realsense2_camera/lib/librealsense2_camera.so" to ""
[272.583s] -- Installing: /home/king/stream_ws/install/realsense2_camera/include
[272.583s] -- Installing: /home/king/stream_ws/install/realsense2_camera/include/ros_sensor.h
[272.584s] -- Installing: /home/king/stream_ws/install/realsense2_camera/include/sensor_params.h
[272.585s] -- Installing: /home/king/stream_ws/install/realsense2_camera/include/realsense_node_factory.h
[272.587s] -- Installing: /home/king/stream_ws/install/realsense2_camera/include/image_publisher.h
[272.587s] -- Installing: /home/king/stream_ws/install/realsense2_camera/include/gl_window.h
[272.589s] -- Installing: /home/king/stream_ws/install/realsense2_camera/include/ros_utils.h
[272.590s] -- Installing: /home/king/stream_ws/install/realsense2_camera/include/ros_param_backend.h
[272.590s] -- Installing: /home/king/stream_ws/install/realsense2_camera/include/profile_manager.h
[272.591s] -- Installing: /home/king/stream_ws/install/realsense2_camera/include/constants.h
[272.592s] -- Installing: /home/king/stream_ws/install/realsense2_camera/include/named_filter.h
[272.593s] -- Installing: /home/king/stream_ws/install/realsense2_camera/include/dynamic_params.h
[272.594s] -- Installing: /home/king/stream_ws/install/realsense2_camera/include/base_realsense_node.h
[272.595s] -- Installing: /home/king/stream_ws/install/realsense2_camera/share/realsense2_camera/launch
[272.596s] -- Installing: /home/king/stream_ws/install/realsense2_camera/share/realsense2_camera/launch/rs_multi_camera_launch.py
[272.597s] -- Installing: /home/king/stream_ws/install/realsense2_camera/share/realsense2_camera/launch/rs_intra_process_demo_launch.py
[272.599s] -- Installing: /home/king/stream_ws/install/realsense2_camera/share/realsense2_camera/launch/rs_launch.py
[272.601s] -- Installing: /home/king/stream_ws/install/realsense2_camera/share/realsense2_camera/launch/default.rviz
[272.603s] -- Installing: /home/king/stream_ws/install/realsense2_camera/share/realsense2_camera/examples
[272.603s] -- Installing: /home/king/stream_ws/install/realsense2_camera/share/realsense2_camera/examples/align_depth
[272.604s] -- Installing: /home/king/stream_ws/install/realsense2_camera/share/realsense2_camera/examples/align_depth/rs_align_depth_launch.py
[272.606s] -- Installing: /home/king/stream_ws/install/realsense2_camera/share/realsense2_camera/examples/align_depth/README.md
[272.607s] -- Installing: /home/king/stream_ws/install/realsense2_camera/share/realsense2_camera/examples/dual_camera
[272.608s] -- Installing: /home/king/stream_ws/install/realsense2_camera/share/realsense2_camera/examples/dual_camera/README.md
[272.610s] -- Installing: /home/king/stream_ws/install/realsense2_camera/share/realsense2_camera/examples/dual_camera/rviz
[272.610s] -- Installing: /home/king/stream_ws/install/realsense2_camera/share/realsense2_camera/examples/dual_camera/rviz/dual_camera_pointcloud.rviz
[272.612s] -- Installing: /home/king/stream_ws/install/realsense2_camera/share/realsense2_camera/examples/dual_camera/rs_dual_camera_launch.py
[272.614s] -- Installing: /home/king/stream_ws/install/realsense2_camera/share/realsense2_camera/examples/launch_from_rosbag
[272.614s] -- Installing: /home/king/stream_ws/install/realsense2_camera/share/realsense2_camera/examples/launch_from_rosbag/rs_launch_from_rosbag.py
[272.616s] -- Installing: /home/king/stream_ws/install/realsense2_camera/share/realsense2_camera/examples/launch_from_rosbag/README.md
[272.618s] -- Installing: /home/king/stream_ws/install/realsense2_camera/share/realsense2_camera/examples/pointcloud
[272.619s] -- Installing: /home/king/stream_ws/install/realsense2_camera/share/realsense2_camera/examples/pointcloud/rs_d405_pointcloud_launch.py
[272.620s] -- Installing: /home/king/stream_ws/install/realsense2_camera/share/realsense2_camera/examples/pointcloud/rs_pointcloud_launch.py
[272.622s] -- Installing: /home/king/stream_ws/install/realsense2_camera/share/realsense2_camera/examples/pointcloud/README.md
[272.623s] -- Installing: /home/king/stream_ws/install/realsense2_camera/share/realsense2_camera/examples/pointcloud/rs_d455_pointcloud_launch.py
[272.625s] -- Installing: /home/king/stream_ws/install/realsense2_camera/share/realsense2_camera/examples/pointcloud/rviz
[272.626s] -- Installing: /home/king/stream_ws/install/realsense2_camera/share/realsense2_camera/examples/pointcloud/rviz/pointcloud.rviz
[272.628s] -- Installing: /home/king/stream_ws/install/realsense2_camera/share/realsense2_camera/examples/pointcloud/rviz/urdf_pointcloud.rviz
[272.630s] -- Installing: /home/king/stream_ws/install/realsense2_camera/share/realsense2_camera/examples/launch_params_from_file
[272.631s] -- Installing: /home/king/stream_ws/install/realsense2_camera/share/realsense2_camera/examples/launch_params_from_file/rs_launch_get_params_from_yaml.py
[272.633s] -- Installing: /home/king/stream_ws/install/realsense2_camera/share/realsense2_camera/examples/launch_params_from_file/README.md
[272.634s] -- Installing: /home/king/stream_ws/install/realsense2_camera/share/realsense2_camera/examples/launch_params_from_file/config
[272.635s] -- Installing: /home/king/stream_ws/install/realsense2_camera/share/realsense2_camera/examples/launch_params_from_file/config/config.yaml
[272.637s] -- Installing: /home/king/stream_ws/install/realsense2_camera/share/realsense2_camera/environment/library_path.sh
[272.640s] -- Installing: /home/king/stream_ws/install/realsense2_camera/share/realsense2_camera/environment/library_path.dsv
[272.642s] -- Installing: /home/king/stream_ws/install/realsense2_camera/share/ament_index/resource_index/package_run_dependencies/realsense2_camera
[272.645s] -- Installing: /home/king/stream_ws/install/realsense2_camera/share/ament_index/resource_index/parent_prefix_path/realsense2_camera
[272.647s] -- Installing: /home/king/stream_ws/install/realsense2_camera/share/realsense2_camera/environment/ament_prefix_path.sh
[272.649s] -- Installing: /home/king/stream_ws/install/realsense2_camera/share/realsense2_camera/environment/ament_prefix_path.dsv
[272.651s] -- Installing: /home/king/stream_ws/install/realsense2_camera/share/realsense2_camera/environment/path.sh
[272.652s] -- Installing: /home/king/stream_ws/install/realsense2_camera/share/realsense2_camera/environment/path.dsv
[272.654s] -- Installing: /home/king/stream_ws/install/realsense2_camera/share/realsense2_camera/local_setup.bash
[272.656s] -- Installing: /home/king/stream_ws/install/realsense2_camera/share/realsense2_camera/local_setup.sh
[272.658s] -- Installing: /home/king/stream_ws/install/realsense2_camera/share/realsense2_camera/local_setup.zsh
[272.659s] -- Installing: /home/king/stream_ws/install/realsense2_camera/share/realsense2_camera/local_setup.dsv
[272.661s] -- Installing: /home/king/stream_ws/install/realsense2_camera/share/realsense2_camera/package.dsv
[272.663s] -- Installing: /home/king/stream_ws/install/realsense2_camera/share/ament_index/resource_index/packages/realsense2_camera
[272.665s] -- Installing: /home/king/stream_ws/install/realsense2_camera/share/ament_index/resource_index/rclcpp_components/realsense2_camera
[272.667s] -- Installing: /home/king/stream_ws/install/realsense2_camera/share/realsense2_camera/cmake/ament_cmake_export_include_directories-extras.cmake
[272.669s] -- Installing: /home/king/stream_ws/install/realsense2_camera/share/realsense2_camera/cmake/ament_cmake_export_libraries-extras.cmake
[272.671s] -- Installing: /home/king/stream_ws/install/realsense2_camera/share/realsense2_camera/cmake/ament_cmake_export_dependencies-extras.cmake
[272.673s] -- Installing: /home/king/stream_ws/install/realsense2_camera/share/realsense2_camera/cmake/realsense2_cameraConfig.cmake
[272.675s] -- Installing: /home/king/stream_ws/install/realsense2_camera/share/realsense2_camera/cmake/realsense2_cameraConfig-version.cmake
[272.677s] -- Installing: /home/king/stream_ws/install/realsense2_camera/share/realsense2_camera/package.xml
[272.688s] Invoked command in '/home/king/stream_ws/build/realsense2_camera' returned '0': AMENT_PREFIX_PATH=/home/king/stream_ws/install/realsense2_camera_msgs:${AMENT_PREFIX_PATH} CMAKE_PREFIX_PATH=/home/king/stream_ws/install/realsense2_camera_msgs:/home/king/spidersense_ws/install/realsense2_description:/home/king/spidersense_ws/install/realsense2_camera:/home/king/spidersense_ws/install/realsense2_camera_msgs:/opt/ros/humble LD_LIBRARY_PATH=/home/king/stream_ws/install/realsense2_camera_msgs/lib:${LD_LIBRARY_PATH} PYTHONPATH=/home/king/stream_ws/install/realsense2_camera_msgs/local/lib/python3.10/dist-packages:${PYTHONPATH} /usr/bin/cmake --install /home/king/stream_ws/build/realsense2_camera
