[0.682s] Invoking command in '/home/asher/lidar_ws/src/lidar_udp_receiver': PYTHONPATH=/home/asher/lidar_ws/build/lidar_udp_receiver/prefix_override:/usr/lib/python3/dist-packages/colcon_core/task/python/colcon_distutils_commands:/home/asher/lidar_ws/install/lidar_udp_receiver/lib/python3.10/site-packages:${PYTHONPATH} /usr/bin/python3 -W ignore:setup.py install is deprecated -W ignore:easy_install command is deprecated setup.py egg_info --egg-base ../../build/lidar_udp_receiver build --build-base /home/asher/lidar_ws/build/lidar_udp_receiver/build install --record /home/asher/lidar_ws/build/lidar_udp_receiver/install.log --single-version-externally-managed install_data
[0.955s] running egg_info
[0.956s] writing ../../build/lidar_udp_receiver/lidar_udp_receiver.egg-info/PKG-INFO
[0.956s] writing dependency_links to ../../build/lidar_udp_receiver/lidar_udp_receiver.egg-info/dependency_links.txt
[0.956s] writing entry points to ../../build/lidar_udp_receiver/lidar_udp_receiver.egg-info/entry_points.txt
[0.957s] writing requirements to ../../build/lidar_udp_receiver/lidar_udp_receiver.egg-info/requires.txt
[0.957s] writing top-level names to ../../build/lidar_udp_receiver/lidar_udp_receiver.egg-info/top_level.txt
[0.959s] reading manifest file '../../build/lidar_udp_receiver/lidar_udp_receiver.egg-info/SOURCES.txt'
[0.960s] writing manifest file '../../build/lidar_udp_receiver/lidar_udp_receiver.egg-info/SOURCES.txt'
[0.961s] running build
[0.961s] running build_py
[0.961s] copying lidar_udp_receiver/lidar_udp_receiver.py -> /home/asher/lidar_ws/build/lidar_udp_receiver/build/lib/lidar_udp_receiver
[0.961s] running install
[0.961s] running install_lib
[0.964s] copying /home/asher/lidar_ws/build/lidar_udp_receiver/build/lib/lidar_udp_receiver/lidar_udp_receiver.py -> /home/asher/lidar_ws/install/lidar_udp_receiver/lib/python3.10/site-packages/lidar_udp_receiver
[0.964s] byte-compiling /home/asher/lidar_ws/install/lidar_udp_receiver/lib/python3.10/site-packages/lidar_udp_receiver/lidar_udp_receiver.py to lidar_udp_receiver.cpython-310.pyc
[0.965s] Sorry: IndentationError: unexpected indent (lidar_udp_receiver.py, line 47)
[0.965s] running install_data
[0.966s] running install_egg_info
[0.967s] removing '/home/asher/lidar_ws/install/lidar_udp_receiver/lib/python3.10/site-packages/lidar_udp_receiver-0.0.1-py3.10.egg-info' (and everything under it)
[0.967s] Copying ../../build/lidar_udp_receiver/lidar_udp_receiver.egg-info to /home/asher/lidar_ws/install/lidar_udp_receiver/lib/python3.10/site-packages/lidar_udp_receiver-0.0.1-py3.10.egg-info
[0.968s] running install_scripts
[0.998s] Installing lidar_udp_receiver script to /home/asher/lidar_ws/install/lidar_udp_receiver/lib/lidar_udp_receiver
[1.000s] writing list of installed files to '/home/asher/lidar_ws/build/lidar_udp_receiver/install.log'
[1.028s] Invoked command in '/home/asher/lidar_ws/src/lidar_udp_receiver' returned '0': PYTHONPATH=/home/asher/lidar_ws/build/lidar_udp_receiver/prefix_override:/usr/lib/python3/dist-packages/colcon_core/task/python/colcon_distutils_commands:/home/asher/lidar_ws/install/lidar_udp_receiver/lib/python3.10/site-packages:${PYTHONPATH} /usr/bin/python3 -W ignore:setup.py install is deprecated -W ignore:easy_install command is deprecated setup.py egg_info --egg-base ../../build/lidar_udp_receiver build --build-base /home/asher/lidar_ws/build/lidar_udp_receiver/build install --record /home/asher/lidar_ws/build/lidar_udp_receiver/install.log --single-version-externally-managed install_data
