[0.614s] Invoking command in '/home/asher/ros2_ws/build/lidar_slam': CONDA_PROMPT_MODIFIER=(base) PYTHONPATH=/home/asher/ros2_ws/build/lidar_slam/prefix_override:/usr/lib/python3/dist-packages/colcon_core/task/python/colcon_distutils_commands:/home/asher/ros2_ws/install/lidar_slam/lib/python3.12/site-packages:${PYTHONPATH} /usr/bin/python3 -W ignore:setup.py install is deprecated -W ignore:easy_install command is deprecated setup.py develop --uninstall --editable --build-directory /home/asher/ros2_ws/build/lidar_slam/build
[0.853s] running develop
[1.009s] Removing /home/asher/ros2_ws/install/lidar_slam/lib/python3.12/site-packages/lidar-slam.egg-link (link to .)
[1.038s] Invoked command in '/home/asher/ros2_ws/build/lidar_slam' returned '0': CONDA_PROMPT_MODIFIER=(base) PYTHONPATH=/home/asher/ros2_ws/build/lidar_slam/prefix_override:/usr/lib/python3/dist-packages/colcon_core/task/python/colcon_distutils_commands:/home/asher/ros2_ws/install/lidar_slam/lib/python3.12/site-packages:${PYTHONPATH} /usr/bin/python3 -W ignore:setup.py install is deprecated -W ignore:easy_install command is deprecated setup.py develop --uninstall --editable --build-directory /home/asher/ros2_ws/build/lidar_slam/build
[1.039s] Invoking command in '/home/asher/ros2_ws/src/lidar_slam': CONDA_PROMPT_MODIFIER=(base) PYTHONPATH=/home/asher/ros2_ws/build/lidar_slam/prefix_override:/usr/lib/python3/dist-packages/colcon_core/task/python/colcon_distutils_commands:/home/asher/ros2_ws/install/lidar_slam/lib/python3.12/site-packages:${PYTHONPATH} /usr/bin/python3 -W ignore:setup.py install is deprecated -W ignore:easy_install command is deprecated setup.py egg_info --egg-base ../../build/lidar_slam build --build-base /home/asher/ros2_ws/build/lidar_slam/build install --record /home/asher/ros2_ws/build/lidar_slam/install.log --single-version-externally-managed install_data --force
[1.249s] running egg_info
[1.265s] writing ../../build/lidar_slam/lidar_slam.egg-info/PKG-INFO
[1.266s] writing dependency_links to ../../build/lidar_slam/lidar_slam.egg-info/dependency_links.txt
[1.266s] writing entry points to ../../build/lidar_slam/lidar_slam.egg-info/entry_points.txt
[1.266s] writing requirements to ../../build/lidar_slam/lidar_slam.egg-info/requires.txt
[1.266s] writing top-level names to ../../build/lidar_slam/lidar_slam.egg-info/top_level.txt
[1.312s] reading manifest file '../../build/lidar_slam/lidar_slam.egg-info/SOURCES.txt'
[1.313s] writing manifest file '../../build/lidar_slam/lidar_slam.egg-info/SOURCES.txt'
[1.313s] running build
[1.313s] running build_py
[1.313s] running install
[1.330s] running install_lib
[1.350s] creating /home/asher/ros2_ws/install/lidar_slam/lib/python3.12/site-packages/lidar_slam
[1.351s] copying /home/asher/ros2_ws/build/lidar_slam/build/lib/lidar_slam/lidar_udp_receiver.py -> /home/asher/ros2_ws/install/lidar_slam/lib/python3.12/site-packages/lidar_slam
[1.351s] copying /home/asher/ros2_ws/build/lidar_slam/build/lib/lidar_slam/__init__.py -> /home/asher/ros2_ws/install/lidar_slam/lib/python3.12/site-packages/lidar_slam
[1.351s] byte-compiling /home/asher/ros2_ws/install/lidar_slam/lib/python3.12/site-packages/lidar_slam/lidar_udp_receiver.py to lidar_udp_receiver.cpython-312.pyc
[1.353s] byte-compiling /home/asher/ros2_ws/install/lidar_slam/lib/python3.12/site-packages/lidar_slam/__init__.py to __init__.cpython-312.pyc
[1.353s] running install_data
[1.353s] copying resource/lidar_slam -> /home/asher/ros2_ws/install/lidar_slam/share/ament_index/resource_index/packages
[1.354s] copying package.xml -> /home/asher/ros2_ws/install/lidar_slam/share/lidar_slam
[1.354s] copying launch/slam.launch.py -> /home/asher/ros2_ws/install/lidar_slam/share/lidar_slam/launch
[1.354s] copying config/slam_toolbox_params.yaml -> /home/asher/ros2_ws/install/lidar_slam/share/lidar_slam/config
[1.354s] running install_egg_info
[1.372s] Copying ../../build/lidar_slam/lidar_slam.egg-info to /home/asher/ros2_ws/install/lidar_slam/lib/python3.12/site-packages/lidar_slam-1.0.0-py3.12.egg-info
[1.373s] running install_scripts
[1.484s] Installing lidar_udp_receiver script to /home/asher/ros2_ws/install/lidar_slam/bin
[1.484s] Installing slam script to /home/asher/ros2_ws/install/lidar_slam/bin
[1.484s] writing list of installed files to '/home/asher/ros2_ws/build/lidar_slam/install.log'
[1.514s] Invoked command in '/home/asher/ros2_ws/src/lidar_slam' returned '0': CONDA_PROMPT_MODIFIER=(base) PYTHONPATH=/home/asher/ros2_ws/build/lidar_slam/prefix_override:/usr/lib/python3/dist-packages/colcon_core/task/python/colcon_distutils_commands:/home/asher/ros2_ws/install/lidar_slam/lib/python3.12/site-packages:${PYTHONPATH} /usr/bin/python3 -W ignore:setup.py install is deprecated -W ignore:easy_install command is deprecated setup.py egg_info --egg-base ../../build/lidar_slam build --build-base /home/asher/ros2_ws/build/lidar_slam/build install --record /home/asher/ros2_ws/build/lidar_slam/install.log --single-version-externally-managed install_data --force
